This file contains any messages produced by compilers while
running configure, to aid debugging if configure makes a mistake.

It was created by Xproto configure 7.0.23, which was
generated by GNU Autoconf 2.68.  Invocation command line was

  $ ./configure --prefix= --disable-specs

## --------- ##
## Platform. ##
## --------- ##

hostname = tdt4258-VirtualBox
uname -m = i686
uname -r = 3.13.0-93-generic
uname -s = Linux
uname -v = #140~precise1-Ubuntu SMP Tue Jul 19 19:56:32 UTC 2016

/usr/bin/uname -p = unknown
/bin/uname -X     = unknown

/bin/arch              = unknown
/usr/bin/arch -k       = unknown
/usr/convex/getsysinfo = unknown
/usr/bin/hostinfo      = unknown
/bin/machine           = unknown
/usr/bin/oslevel       = unknown
/bin/universe          = unknown

PATH: /home/tdt4258/maskinprog/exercise3/OSELAS.BSP-EnergyMicro-Gecko/platform-energymicro-efm32gg-dk3750/sysroot-host/lib/wrapper
PATH: /home/tdt4258/maskinprog/exercise3/OSELAS.BSP-EnergyMicro-Gecko/platform-energymicro-efm32gg-dk3750/sysroot-host/bin
PATH: /home/tdt4258/maskinprog/exercise3/OSELAS.BSP-EnergyMicro-Gecko/platform-energymicro-efm32gg-dk3750/sysroot-host/sbin
PATH: /home/tdt4258/maskinprog/exercise3/OSELAS.BSP-EnergyMicro-Gecko/selected_toolchain
PATH: /opt/ex3/ptxdist-2013/lib/ptxdist-2013.07.1/bin
PATH: /usr/lib/lightdm/lightdm
PATH: /usr/local/sbin
PATH: /usr/local/bin
PATH: /usr/sbin
PATH: /usr/bin
PATH: /sbin
PATH: /bin
PATH: /usr/games
PATH: /opt/ex3/ptxdist/bin
PATH: /opt/codesourcery/bin
PATH: /opt/profiler
PATH: /opt/eACommander
PATH: /opt/ex3/OSELAS.Toolchain-2012.12.0/arm-cortexm3-uclinuxeabi/gcc-4.7.2-uclibc-0.9.33.2-binutils-2.22-kernel-3.6-sanitized/bin
PATH: /home/tdt4258/JLink


## ----------- ##
## Core tests. ##
## ----------- ##

configure:2364: checking for a BSD-compatible install
configure:2432: result: /opt/ex3/ptxdist-2013/lib/ptxdist-2013.07.1/bin/install -c
configure:2443: checking whether build environment is sane
configure:2493: result: yes
configure:2634: checking for a thread-safe mkdir -p
configure:2673: result: /opt/ex3/ptxdist-2013/lib/ptxdist-2013.07.1/bin/mkdir -p
configure:2686: checking for gawk
configure:2702: found /usr/bin/gawk
configure:2713: result: gawk
configure:2724: checking whether make sets $(MAKE)
configure:2746: result: yes
configure:2827: checking whether to enable maintainer-specific portions of Makefiles
configure:2836: result: no
configure:2874: checking for style of include used by make
configure:2902: result: GNU
configure:2972: checking for gcc
configure:2988: found /home/tdt4258/maskinprog/exercise3/OSELAS.BSP-EnergyMicro-Gecko/platform-energymicro-efm32gg-dk3750/sysroot-host/lib/wrapper/gcc
configure:2999: result: gcc
configure:3228: checking for C compiler version
configure:3237: gcc --version >&5
gcc (Ubuntu/Linaro 4.6.3-1ubuntu5) 4.6.3
Copyright (C) 2011 Free Software Foundation, Inc.
This is free software; see the source for copying conditions.  There is NO
warranty; not even for MERCHANTABILITY or FITNESS FOR A PARTICULAR PURPOSE.

configure:3248: $? = 0
configure:3237: gcc -v >&5
Using built-in specs.
COLLECT_GCC=/home/tdt4258/maskinprog/exercise3/OSELAS.BSP-EnergyMicro-Gecko/platform-energymicro-efm32gg-dk3750/sysroot-host/lib/wrapper/real/gcc
COLLECT_LTO_WRAPPER=/usr/lib/gcc/i686-linux-gnu/4.6/lto-wrapper
Target: i686-linux-gnu
Configured with: ../src/configure -v --with-pkgversion='Ubuntu/Linaro 4.6.3-1ubuntu5' --with-bugurl=file:///usr/share/doc/gcc-4.6/README.Bugs --enable-languages=c,c++,fortran,objc,obj-c++ --prefix=/usr --program-suffix=-4.6 --enable-shared --enable-linker-build-id --with-system-zlib --libexecdir=/usr/lib --without-included-gettext --enable-threads=posix --with-gxx-include-dir=/usr/include/c++/4.6 --libdir=/usr/lib --enable-nls --with-sysroot=/ --enable-clocale=gnu --enable-libstdcxx-debug --enable-libstdcxx-time=yes --enable-gnu-unique-object --enable-plugin --enable-objc-gc --enable-targets=all --disable-werror --with-arch-32=i686 --with-tune=generic --enable-checking=release --build=i686-linux-gnu --host=i686-linux-gnu --target=i686-linux-gnu
Thread model: posix
gcc version 4.6.3 (Ubuntu/Linaro 4.6.3-1ubuntu5) 
configure:3248: $? = 0
configure:3237: gcc -V >&5
gcc: error: unrecognized option '-V'
gcc: fatal error: no input files
compilation terminated.
configure:3248: $? = 4
configure:3237: gcc -qversion >&5
gcc: error: unrecognized option '-qversion'
gcc: fatal error: no input files
compilation terminated.
configure:3248: $? = 4
configure:3268: checking whether the C compiler works
configure:3290: gcc    conftest.c  >&5
configure:3294: $? = 0
configure:3342: result: yes
configure:3345: checking for C compiler default output file name
configure:3347: result: a.out
configure:3353: checking for suffix of executables
configure:3360: gcc -o conftest    conftest.c  >&5
configure:3364: $? = 0
configure:3386: result: 
configure:3408: checking whether we are cross compiling
configure:3416: gcc -o conftest    conftest.c  >&5
configure:3420: $? = 0
configure:3427: ./conftest
configure:3431: $? = 0
configure:3446: result: no
configure:3451: checking for suffix of object files
configure:3473: gcc -c   conftest.c >&5
configure:3477: $? = 0
configure:3498: result: o
configure:3502: checking whether we are using the GNU C compiler
configure:3521: gcc -c   conftest.c >&5
configure:3521: $? = 0
configure:3530: result: yes
configure:3539: checking whether gcc accepts -g
configure:3559: gcc -c -g  conftest.c >&5
configure:3559: $? = 0
configure:3600: result: yes
configure:3617: checking for gcc option to accept ISO C89
configure:3681: gcc  -c -g -O2  conftest.c >&5
configure:3681: $? = 0
configure:3694: result: none needed
configure:3716: checking dependency style of gcc
configure:3826: result: none
configure:3841: checking for gcc option to accept ISO C99
configure:3990: gcc  -c -g -O2  conftest.c >&5
conftest.c:61:29: error: expected ';', ',' or ')' before 'text'
conftest.c: In function 'main':
conftest.c:115:18: error: expected '=', ',', ';', 'asm' or '__attribute__' before 'newvar'
conftest.c:115:18: error: 'newvar' undeclared (first use in this function)
conftest.c:115:18: note: each undeclared identifier is reported only once for each function it appears in
conftest.c:125:3: error: 'for' loop initial declarations are only allowed in C99 mode
conftest.c:125:3: note: use option -std=c99 or -std=gnu99 to compile your code
configure:3990: $? = 1
configure: failed program was:
| /* confdefs.h */
| #define PACKAGE_NAME "Xproto"
| #define PACKAGE_TARNAME "xproto"
| #define PACKAGE_VERSION "7.0.23"
| #define PACKAGE_STRING "Xproto 7.0.23"
| #define PACKAGE_BUGREPORT "https://bugs.freedesktop.org/enter_bug.cgi?product=xorg"
| #define PACKAGE_URL ""
| #define PACKAGE "xproto"
| #define VERSION "7.0.23"
| /* end confdefs.h.  */
| #include <stdarg.h>
| #include <stdbool.h>
| #include <stdlib.h>
| #include <wchar.h>
| #include <stdio.h>
| 
| // Check varargs macros.  These examples are taken from C99 6.10.3.5.
| #define debug(...) fprintf (stderr, __VA_ARGS__)
| #define showlist(...) puts (#__VA_ARGS__)
| #define report(test,...) ((test) ? puts (#test) : printf (__VA_ARGS__))
| static void
| test_varargs_macros (void)
| {
|   int x = 1234;
|   int y = 5678;
|   debug ("Flag");
|   debug ("X = %d\n", x);
|   showlist (The first, second, and third items.);
|   report (x>y, "x is %d but y is %d", x, y);
| }
| 
| // Check long long types.
| #define BIG64 18446744073709551615ull
| #define BIG32 4294967295ul
| #define BIG_OK (BIG64 / BIG32 == 4294967297ull && BIG64 % BIG32 == 0)
| #if !BIG_OK
|   your preprocessor is broken;
| #endif
| #if BIG_OK
| #else
|   your preprocessor is broken;
| #endif
| static long long int bignum = -9223372036854775807LL;
| static unsigned long long int ubignum = BIG64;
| 
| struct incomplete_array
| {
|   int datasize;
|   double data[];
| };
| 
| struct named_init {
|   int number;
|   const wchar_t *name;
|   double average;
| };
| 
| typedef const char *ccp;
| 
| static inline int
| test_restrict (ccp restrict text)
| {
|   // See if C++-style comments work.
|   // Iterate through items via the restricted pointer.
|   // Also check for declarations in for loops.
|   for (unsigned int i = 0; *(text+i) != '\0'; ++i)
|     continue;
|   return 0;
| }
| 
| // Check varargs and va_copy.
| static void
| test_varargs (const char *format, ...)
| {
|   va_list args;
|   va_start (args, format);
|   va_list args_copy;
|   va_copy (args_copy, args);
| 
|   const char *str;
|   int number;
|   float fnumber;
| 
|   while (*format)
|     {
|       switch (*format++)
| 	{
| 	case 's': // string
| 	  str = va_arg (args_copy, const char *);
| 	  break;
| 	case 'd': // int
| 	  number = va_arg (args_copy, int);
| 	  break;
| 	case 'f': // float
| 	  fnumber = va_arg (args_copy, double);
| 	  break;
| 	default:
| 	  break;
| 	}
|     }
|   va_end (args_copy);
|   va_end (args);
| }
| 
| int
| main ()
| {
| 
|   // Check bool.
|   _Bool success = false;
| 
|   // Check restrict.
|   if (test_restrict ("String literal") == 0)
|     success = true;
|   char *restrict newvar = "Another string";
| 
|   // Check varargs.
|   test_varargs ("s, d' f .", "string", 65, 34.234);
|   test_varargs_macros ();
| 
|   // Check flexible array members.
|   struct incomplete_array *ia =
|     malloc (sizeof (struct incomplete_array) + (sizeof (double) * 10));
|   ia->datasize = 10;
|   for (int i = 0; i < ia->datasize; ++i)
|     ia->data[i] = i * 1.234;
| 
|   // Check named initializers.
|   struct named_init ni = {
|     .number = 34,
|     .name = L"Test wide string",
|     .average = 543.34343,
|   };
| 
|   ni.number = 58;
| 
|   int dynamic_array[ni.number];
|   dynamic_array[ni.number - 1] = 543;
| 
|   // work around unused variable warnings
|   return (!success || bignum == 0LL || ubignum == 0uLL || newvar[0] == 'x'
| 	  || dynamic_array[ni.number - 1] != 543);
| 
|   ;
|   return 0;
| }
configure:3990: gcc -std=gnu99 -c -g -O2  conftest.c >&5
configure:3990: $? = 0
configure:4010: result: -std=gnu99
configure:4024: checking how to run the C preprocessor
configure:4055: gcc -std=gnu99 -E  conftest.c
configure:4055: $? = 0
configure:4069: gcc -std=gnu99 -E  conftest.c
conftest.c:11:28: fatal error: ac_nonexistent.h: No such file or directory
compilation terminated.
configure:4069: $? = 1
configure: failed program was:
| /* confdefs.h */
| #define PACKAGE_NAME "Xproto"
| #define PACKAGE_TARNAME "xproto"
| #define PACKAGE_VERSION "7.0.23"
| #define PACKAGE_STRING "Xproto 7.0.23"
| #define PACKAGE_BUGREPORT "https://bugs.freedesktop.org/enter_bug.cgi?product=xorg"
| #define PACKAGE_URL ""
| #define PACKAGE "xproto"
| #define VERSION "7.0.23"
| /* end confdefs.h.  */
| #include <ac_nonexistent.h>
configure:4094: result: gcc -std=gnu99 -E
configure:4114: gcc -std=gnu99 -E  conftest.c
configure:4114: $? = 0
configure:4128: gcc -std=gnu99 -E  conftest.c
conftest.c:11:28: fatal error: ac_nonexistent.h: No such file or directory
compilation terminated.
configure:4128: $? = 1
configure: failed program was:
| /* confdefs.h */
| #define PACKAGE_NAME "Xproto"
| #define PACKAGE_TARNAME "xproto"
| #define PACKAGE_VERSION "7.0.23"
| #define PACKAGE_STRING "Xproto 7.0.23"
| #define PACKAGE_BUGREPORT "https://bugs.freedesktop.org/enter_bug.cgi?product=xorg"
| #define PACKAGE_URL ""
| #define PACKAGE "xproto"
| #define VERSION "7.0.23"
| /* end confdefs.h.  */
| #include <ac_nonexistent.h>
configure:4157: checking for grep that handles long lines and -e
configure:4215: result: /bin/grep
configure:4220: checking for egrep
configure:4282: result: /bin/grep -E
configure:4287: checking for ANSI C header files
configure:4307: gcc -std=gnu99 -c -g -O2  conftest.c >&5
configure:4307: $? = 0
configure:4380: gcc -std=gnu99 -o conftest -g -O2   conftest.c  >&5
configure:4380: $? = 0
configure:4380: ./conftest
configure:4380: $? = 0
configure:4391: result: yes
configure:4404: checking for sys/types.h
configure:4404: gcc -std=gnu99 -c -g -O2  conftest.c >&5
configure:4404: $? = 0
configure:4404: result: yes
configure:4404: checking for sys/stat.h
configure:4404: gcc -std=gnu99 -c -g -O2  conftest.c >&5
configure:4404: $? = 0
configure:4404: result: yes
configure:4404: checking for stdlib.h
configure:4404: gcc -std=gnu99 -c -g -O2  conftest.c >&5
configure:4404: $? = 0
configure:4404: result: yes
configure:4404: checking for string.h
configure:4404: gcc -std=gnu99 -c -g -O2  conftest.c >&5
configure:4404: $? = 0
configure:4404: result: yes
configure:4404: checking for memory.h
configure:4404: gcc -std=gnu99 -c -g -O2  conftest.c >&5
configure:4404: $? = 0
configure:4404: result: yes
configure:4404: checking for strings.h
configure:4404: gcc -std=gnu99 -c -g -O2  conftest.c >&5
configure:4404: $? = 0
configure:4404: result: yes
configure:4404: checking for inttypes.h
configure:4404: gcc -std=gnu99 -c -g -O2  conftest.c >&5
configure:4404: $? = 0
configure:4404: result: yes
configure:4404: checking for stdint.h
configure:4404: gcc -std=gnu99 -c -g -O2  conftest.c >&5
configure:4404: $? = 0
configure:4404: result: yes
configure:4404: checking for unistd.h
configure:4404: gcc -std=gnu99 -c -g -O2  conftest.c >&5
configure:4404: $? = 0
configure:4404: result: yes
configure:4420: checking whether __clang__ is declared
configure:4420: gcc -std=gnu99 -c -g -O2  conftest.c >&5
conftest.c: In function 'main':
conftest.c:61:10: error: '__clang__' undeclared (first use in this function)
conftest.c:61:10: note: each undeclared identifier is reported only once for each function it appears in
configure:4420: $? = 1
configure: failed program was:
| /* confdefs.h */
| #define PACKAGE_NAME "Xproto"
| #define PACKAGE_TARNAME "xproto"
| #define PACKAGE_VERSION "7.0.23"
| #define PACKAGE_STRING "Xproto 7.0.23"
| #define PACKAGE_BUGREPORT "https://bugs.freedesktop.org/enter_bug.cgi?product=xorg"
| #define PACKAGE_URL ""
| #define PACKAGE "xproto"
| #define VERSION "7.0.23"
| #define STDC_HEADERS 1
| #define HAVE_SYS_TYPES_H 1
| #define HAVE_SYS_STAT_H 1
| #define HAVE_STDLIB_H 1
| #define HAVE_STRING_H 1
| #define HAVE_MEMORY_H 1
| #define HAVE_STRINGS_H 1
| #define HAVE_INTTYPES_H 1
| #define HAVE_STDINT_H 1
| #define HAVE_UNISTD_H 1
| /* end confdefs.h.  */
| #include <stdio.h>
| #ifdef HAVE_SYS_TYPES_H
| # include <sys/types.h>
| #endif
| #ifdef HAVE_SYS_STAT_H
| # include <sys/stat.h>
| #endif
| #ifdef STDC_HEADERS
| # include <stdlib.h>
| # include <stddef.h>
| #else
| # ifdef HAVE_STDLIB_H
| #  include <stdlib.h>
| # endif
| #endif
| #ifdef HAVE_STRING_H
| # if !defined STDC_HEADERS && defined HAVE_MEMORY_H
| #  include <memory.h>
| # endif
| # include <string.h>
| #endif
| #ifdef HAVE_STRINGS_H
| # include <strings.h>
| #endif
| #ifdef HAVE_INTTYPES_H
| # include <inttypes.h>
| #endif
| #ifdef HAVE_STDINT_H
| # include <stdint.h>
| #endif
| #ifdef HAVE_UNISTD_H
| # include <unistd.h>
| #endif
| int
| main ()
| {
| #ifndef __clang__
| #ifdef __cplusplus
|   (void) __clang__;
| #else
|   (void) __clang__;
| #endif
| #endif
| 
|   ;
|   return 0;
| }
configure:4420: result: no
configure:4427: checking whether __INTEL_COMPILER is declared
configure:4427: gcc -std=gnu99 -c -g -O2  conftest.c >&5
conftest.c: In function 'main':
conftest.c:61:10: error: '__INTEL_COMPILER' undeclared (first use in this function)
conftest.c:61:10: note: each undeclared identifier is reported only once for each function it appears in
configure:4427: $? = 1
configure: failed program was:
| /* confdefs.h */
| #define PACKAGE_NAME "Xproto"
| #define PACKAGE_TARNAME "xproto"
| #define PACKAGE_VERSION "7.0.23"
| #define PACKAGE_STRING "Xproto 7.0.23"
| #define PACKAGE_BUGREPORT "https://bugs.freedesktop.org/enter_bug.cgi?product=xorg"
| #define PACKAGE_URL ""
| #define PACKAGE "xproto"
| #define VERSION "7.0.23"
| #define STDC_HEADERS 1
| #define HAVE_SYS_TYPES_H 1
| #define HAVE_SYS_STAT_H 1
| #define HAVE_STDLIB_H 1
| #define HAVE_STRING_H 1
| #define HAVE_MEMORY_H 1
| #define HAVE_STRINGS_H 1
| #define HAVE_INTTYPES_H 1
| #define HAVE_STDINT_H 1
| #define HAVE_UNISTD_H 1
| /* end confdefs.h.  */
| #include <stdio.h>
| #ifdef HAVE_SYS_TYPES_H
| # include <sys/types.h>
| #endif
| #ifdef HAVE_SYS_STAT_H
| # include <sys/stat.h>
| #endif
| #ifdef STDC_HEADERS
| # include <stdlib.h>
| # include <stddef.h>
| #else
| # ifdef HAVE_STDLIB_H
| #  include <stdlib.h>
| # endif
| #endif
| #ifdef HAVE_STRING_H
| # if !defined STDC_HEADERS && defined HAVE_MEMORY_H
| #  include <memory.h>
| # endif
| # include <string.h>
| #endif
| #ifdef HAVE_STRINGS_H
| # include <strings.h>
| #endif
| #ifdef HAVE_INTTYPES_H
| # include <inttypes.h>
| #endif
| #ifdef HAVE_STDINT_H
| # include <stdint.h>
| #endif
| #ifdef HAVE_UNISTD_H
| # include <unistd.h>
| #endif
| int
| main ()
| {
| #ifndef __INTEL_COMPILER
| #ifdef __cplusplus
|   (void) __INTEL_COMPILER;
| #else
|   (void) __INTEL_COMPILER;
| #endif
| #endif
| 
|   ;
|   return 0;
| }
configure:4427: result: no
configure:4434: checking whether __SUNPRO_C is declared
configure:4434: gcc -std=gnu99 -c -g -O2  conftest.c >&5
conftest.c: In function 'main':
conftest.c:61:10: error: '__SUNPRO_C' undeclared (first use in this function)
conftest.c:61:10: note: each undeclared identifier is reported only once for each function it appears in
configure:4434: $? = 1
configure: failed program was:
| /* confdefs.h */
| #define PACKAGE_NAME "Xproto"
| #define PACKAGE_TARNAME "xproto"
| #define PACKAGE_VERSION "7.0.23"
| #define PACKAGE_STRING "Xproto 7.0.23"
| #define PACKAGE_BUGREPORT "https://bugs.freedesktop.org/enter_bug.cgi?product=xorg"
| #define PACKAGE_URL ""
| #define PACKAGE "xproto"
| #define VERSION "7.0.23"
| #define STDC_HEADERS 1
| #define HAVE_SYS_TYPES_H 1
| #define HAVE_SYS_STAT_H 1
| #define HAVE_STDLIB_H 1
| #define HAVE_STRING_H 1
| #define HAVE_MEMORY_H 1
| #define HAVE_STRINGS_H 1
| #define HAVE_INTTYPES_H 1
| #define HAVE_STDINT_H 1
| #define HAVE_UNISTD_H 1
| /* end confdefs.h.  */
| #include <stdio.h>
| #ifdef HAVE_SYS_TYPES_H
| # include <sys/types.h>
| #endif
| #ifdef HAVE_SYS_STAT_H
| # include <sys/stat.h>
| #endif
| #ifdef STDC_HEADERS
| # include <stdlib.h>
| # include <stddef.h>
| #else
| # ifdef HAVE_STDLIB_H
| #  include <stdlib.h>
| # endif
| #endif
| #ifdef HAVE_STRING_H
| # if !defined STDC_HEADERS && defined HAVE_MEMORY_H
| #  include <memory.h>
| # endif
| # include <string.h>
| #endif
| #ifdef HAVE_STRINGS_H
| # include <strings.h>
| #endif
| #ifdef HAVE_INTTYPES_H
| # include <inttypes.h>
| #endif
| #ifdef HAVE_STDINT_H
| # include <stdint.h>
| #endif
| #ifdef HAVE_UNISTD_H
| # include <unistd.h>
| #endif
| int
| main ()
| {
| #ifndef __SUNPRO_C
| #ifdef __cplusplus
|   (void) __SUNPRO_C;
| #else
|   (void) __SUNPRO_C;
| #endif
| #endif
| 
|   ;
|   return 0;
| }
configure:4434: result: no
configure:4491: checking for pkg-config
configure:4509: found /home/tdt4258/maskinprog/exercise3/OSELAS.BSP-EnergyMicro-Gecko/platform-energymicro-efm32gg-dk3750/sysroot-host/bin/pkg-config
configure:4521: result: /home/tdt4258/maskinprog/exercise3/OSELAS.BSP-EnergyMicro-Gecko/platform-energymicro-efm32gg-dk3750/sysroot-host/bin/pkg-config
configure:4546: checking pkg-config is at least version 0.9.0
configure:4549: result: yes
configure:4562: checking build system type
configure:4576: result: i686-pc-linux-gnu
configure:4596: checking host system type
configure:4609: result: i686-pc-linux-gnu
configure:4629: checking for a sed that does not truncate output
configure:4693: result: /opt/ex3/ptxdist-2013/lib/ptxdist-2013.07.1/bin/sed
configure:4739: checking if gcc -std=gnu99 supports -Werror=unknown-warning-option
configure:4748: gcc -std=gnu99 -c -g -O2 -Werror=unknown-warning-option  conftest.c >&5
cc1: error: -Werror=unknown-warning-option: no option -Wunknown-warning-option
configure:4748: $? = 1
configure: failed program was:
| /* confdefs.h */
| #define PACKAGE_NAME "Xproto"
| #define PACKAGE_TARNAME "xproto"
| #define PACKAGE_VERSION "7.0.23"
| #define PACKAGE_STRING "Xproto 7.0.23"
| #define PACKAGE_BUGREPORT "https://bugs.freedesktop.org/enter_bug.cgi?product=xorg"
| #define PACKAGE_URL ""
| #define PACKAGE "xproto"
| #define VERSION "7.0.23"
| #define STDC_HEADERS 1
| #define HAVE_SYS_TYPES_H 1
| #define HAVE_SYS_STAT_H 1
| #define HAVE_STDLIB_H 1
| #define HAVE_STRING_H 1
| #define HAVE_MEMORY_H 1
| #define HAVE_STRINGS_H 1
| #define HAVE_INTTYPES_H 1
| #define HAVE_STDINT_H 1
| #define HAVE_UNISTD_H 1
| /* end confdefs.h.  */
| int i;
configure:4755: result: no
configure:4766: checking if gcc -std=gnu99 supports -Werror=unused-command-line-argument
configure:4775: gcc -std=gnu99 -c -g -O2 -Werror=unused-command-line-argument  conftest.c >&5
cc1: error: -Werror=unused-command-line-argument: no option -Wunused-command-line-argument
configure:4775: $? = 1
configure: failed program was:
| /* confdefs.h */
| #define PACKAGE_NAME "Xproto"
| #define PACKAGE_TARNAME "xproto"
| #define PACKAGE_VERSION "7.0.23"
| #define PACKAGE_STRING "Xproto 7.0.23"
| #define PACKAGE_BUGREPORT "https://bugs.freedesktop.org/enter_bug.cgi?product=xorg"
| #define PACKAGE_URL ""
| #define PACKAGE "xproto"
| #define VERSION "7.0.23"
| #define STDC_HEADERS 1
| #define HAVE_SYS_TYPES_H 1
| #define HAVE_SYS_STAT_H 1
| #define HAVE_STDLIB_H 1
| #define HAVE_STRING_H 1
| #define HAVE_MEMORY_H 1
| #define HAVE_STRINGS_H 1
| #define HAVE_INTTYPES_H 1
| #define HAVE_STDINT_H 1
| #define HAVE_UNISTD_H 1
| /* end confdefs.h.  */
| int i;
configure:4782: result: no
configure:4801: checking if gcc -std=gnu99 supports-Wall
configure:4818: gcc -std=gnu99 -o conftest -g -O2 -Wall   conftest.c  >&5
configure:4818: $? = 0
configure:4831: result: yes
configure:4919: checking if gcc -std=gnu99 supports-Wpointer-arith
configure:4936: gcc -std=gnu99 -o conftest -g -O2 -Wpointer-arith   conftest.c  >&5
configure:4936: $? = 0
configure:4949: result: yes
configure:5037: checking if gcc -std=gnu99 supports-Wmissing-declarations
configure:5054: gcc -std=gnu99 -o conftest -g -O2 -Wmissing-declarations   conftest.c  >&5
configure:5054: $? = 0
configure:5067: result: yes
configure:5155: checking if gcc -std=gnu99 supports-Wformat=2
configure:5172: gcc -std=gnu99 -o conftest -g -O2 -Wformat=2   conftest.c  >&5
configure:5172: $? = 0
configure:5185: result: yes
configure:5324: checking if gcc -std=gnu99 supports-Wstrict-prototypes
configure:5341: gcc -std=gnu99 -o conftest -g -O2 -Wstrict-prototypes   conftest.c  >&5
conftest.c:23:1: warning: function declaration isn't a prototype [-Wstrict-prototypes]
configure:5341: $? = 0
configure:5354: result: yes
configure:5442: checking if gcc -std=gnu99 supports-Wmissing-prototypes
configure:5459: gcc -std=gnu99 -o conftest -g -O2 -Wmissing-prototypes   conftest.c  >&5
configure:5459: $? = 0
configure:5472: result: yes
configure:5560: checking if gcc -std=gnu99 supports-Wnested-externs
configure:5577: gcc -std=gnu99 -o conftest -g -O2 -Wnested-externs   conftest.c  >&5
configure:5577: $? = 0
configure:5590: result: yes
configure:5678: checking if gcc -std=gnu99 supports-Wbad-function-cast
configure:5695: gcc -std=gnu99 -o conftest -g -O2 -Wbad-function-cast   conftest.c  >&5
configure:5695: $? = 0
configure:5708: result: yes
configure:5796: checking if gcc -std=gnu99 supports-Wold-style-definition
configure:5813: gcc -std=gnu99 -o conftest -g -O2 -Wold-style-definition   conftest.c  >&5
conftest.c: In function 'main':
conftest.c:23:1: warning: old-style function definition [-Wold-style-definition]
configure:5813: $? = 0
configure:5826: result: yes
configure:5914: checking if gcc -std=gnu99 supports-Wdeclaration-after-statement
configure:5931: gcc -std=gnu99 -o conftest -g -O2 -Wdeclaration-after-statement   conftest.c  >&5
configure:5931: $? = 0
configure:5944: result: yes
configure:6036: checking if gcc -std=gnu99 supports-Wunused
configure:6053: gcc -std=gnu99 -o conftest -g -O2 -Wunused   conftest.c  >&5
configure:6053: $? = 0
configure:6066: result: yes
configure:6154: checking if gcc -std=gnu99 supports-Wuninitialized
configure:6171: gcc -std=gnu99 -o conftest -g -O2 -Wuninitialized   conftest.c  >&5
configure:6171: $? = 0
configure:6184: result: yes
configure:6272: checking if gcc -std=gnu99 supports-Wshadow
configure:6289: gcc -std=gnu99 -o conftest -g -O2 -Wshadow   conftest.c  >&5
configure:6289: $? = 0
configure:6302: result: yes
configure:6390: checking if gcc -std=gnu99 supports-Wcast-qual
configure:6407: gcc -std=gnu99 -o conftest -g -O2 -Wcast-qual   conftest.c  >&5
configure:6407: $? = 0
configure:6420: result: yes
configure:6508: checking if gcc -std=gnu99 supports-Wmissing-noreturn
configure:6525: gcc -std=gnu99 -o conftest -g -O2 -Wmissing-noreturn   conftest.c  >&5
configure:6525: $? = 0
configure:6538: result: yes
configure:6626: checking if gcc -std=gnu99 supports-Wmissing-format-attribute
configure:6643: gcc -std=gnu99 -o conftest -g -O2 -Wmissing-format-attribute   conftest.c  >&5
configure:6643: $? = 0
configure:6656: result: yes
configure:6744: checking if gcc -std=gnu99 supports-Wredundant-decls
configure:6761: gcc -std=gnu99 -o conftest -g -O2 -Wredundant-decls   conftest.c  >&5
configure:6761: $? = 0
configure:6774: result: yes
configure:6874: checking if gcc -std=gnu99 supports-Werror=implicit
configure:6891: gcc -std=gnu99 -o conftest -g -O2 -Werror=implicit   conftest.c  >&5
configure:6891: $? = 0
configure:6904: result: yes
configure:7041: checking if gcc -std=gnu99 supports-Werror=nonnull
configure:7058: gcc -std=gnu99 -o conftest -g -O2 -Werror=nonnull   conftest.c  >&5
configure:7058: $? = 0
configure:7071: result: yes
configure:7159: checking if gcc -std=gnu99 supports-Werror=init-self
configure:7176: gcc -std=gnu99 -o conftest -g -O2 -Werror=init-self   conftest.c  >&5
configure:7176: $? = 0
configure:7189: result: yes
configure:7277: checking if gcc -std=gnu99 supports-Werror=main
configure:7294: gcc -std=gnu99 -o conftest -g -O2 -Werror=main   conftest.c  >&5
configure:7294: $? = 0
configure:7307: result: yes
configure:7395: checking if gcc -std=gnu99 supports-Werror=missing-braces
configure:7412: gcc -std=gnu99 -o conftest -g -O2 -Werror=missing-braces   conftest.c  >&5
configure:7412: $? = 0
configure:7425: result: yes
configure:7513: checking if gcc -std=gnu99 supports-Werror=sequence-point
configure:7530: gcc -std=gnu99 -o conftest -g -O2 -Werror=sequence-point   conftest.c  >&5
configure:7530: $? = 0
configure:7543: result: yes
configure:7631: checking if gcc -std=gnu99 supports-Werror=return-type
configure:7648: gcc -std=gnu99 -o conftest -g -O2 -Werror=return-type   conftest.c  >&5
configure:7648: $? = 0
configure:7661: result: yes
configure:7798: checking if gcc -std=gnu99 supports-Werror=trigraphs
configure:7815: gcc -std=gnu99 -o conftest -g -O2 -Werror=trigraphs   conftest.c  >&5
configure:7815: $? = 0
configure:7828: result: yes
configure:7916: checking if gcc -std=gnu99 supports-Werror=array-bounds
configure:7933: gcc -std=gnu99 -o conftest -g -O2 -Werror=array-bounds   conftest.c  >&5
configure:7933: $? = 0
configure:7946: result: yes
configure:8034: checking if gcc -std=gnu99 supports-Werror=write-strings
configure:8051: gcc -std=gnu99 -o conftest -g -O2 -Werror=write-strings   conftest.c  >&5
configure:8051: $? = 0
configure:8064: result: yes
configure:8152: checking if gcc -std=gnu99 supports-Werror=address
configure:8169: gcc -std=gnu99 -o conftest -g -O2 -Werror=address   conftest.c  >&5
configure:8169: $? = 0
configure:8182: result: yes
configure:8270: checking if gcc -std=gnu99 supports-Werror=int-to-pointer-cast
configure:8287: gcc -std=gnu99 -o conftest -g -O2 -Werror=int-to-pointer-cast   conftest.c  >&5
configure:8287: $? = 0
configure:8300: result: yes
configure:8437: checking if gcc -std=gnu99 supports-Werror=pointer-to-int-cast
configure:8454: gcc -std=gnu99 -o conftest -g -O2 -Werror=pointer-to-int-cast   conftest.c  >&5
configure:8454: $? = 0
configure:8467: result: yes
configure:10125: checking if gcc -std=gnu99 supports-pedantic
configure:10142: gcc -std=gnu99 -o conftest -g -O2 -pedantic   conftest.c  >&5
configure:10142: $? = 0
configure:10155: result: yes
configure:10243: checking if gcc -std=gnu99 supports-Werror
configure:10260: gcc -std=gnu99 -o conftest -g -O2 -Werror   conftest.c  >&5
configure:10260: $? = 0
configure:10273: result: yes
configure:10413: checking if gcc -std=gnu99 supports-Werror=attributes
configure:10430: gcc -std=gnu99 -o conftest -g -O2 -Werror=attributes   conftest.c  >&5
configure:10430: $? = 0
configure:10443: result: yes
configure:10623: checking whether to build functional specifications
configure:10625: result: no
configure:10644: checking for xmlto
configure:10677: result: no
configure:10683: WARNING: xmlto not found - documentation targets will be skipped
configure:10819: checking for fop
configure:10852: result: no
configure:10858: WARNING: fop not found - documentation targets will be skipped
configure:10948: checking for xsltproc
configure:10981: result: no
configure:10987: WARNING: xsltproc not found - cannot transform XML documents
configure:11058: checking for X.Org SGML entities >= 1.8
configure:11062: $PKG_CONFIG --exists --print-errors "xorg-sgml-doctools >= 1.8"
Package xorg-sgml-doctools was not found in the pkg-config search path.
Perhaps you should add the directory containing `xorg-sgml-doctools.pc'
to the PKG_CONFIG_PATH environment variable
No package 'xorg-sgml-doctools' found
configure:11065: $? = 1
configure:11081: result: no
configure:11148: checking sys/select.h usability
configure:11148: gcc -std=gnu99 -c -g -O2  conftest.c >&5
configure:11148: $? = 0
configure:11148: result: yes
configure:11148: checking sys/select.h presence
configure:11148: gcc -std=gnu99 -E  conftest.c
configure:11148: $? = 0
configure:11148: result: yes
configure:11148: checking for sys/select.h
configure:11148: result: yes
configure:11148: checking sys/param.h usability
configure:11148: gcc -std=gnu99 -c -g -O2  conftest.c >&5
configure:11148: $? = 0
configure:11148: result: yes
configure:11148: checking sys/param.h presence
configure:11148: gcc -std=gnu99 -E  conftest.c
configure:11148: $? = 0
configure:11148: result: yes
configure:11148: checking for sys/param.h
configure:11148: result: yes
configure:11148: checking for sys/types.h
configure:11148: result: yes
configure:11148: checking sys/time.h usability
configure:11148: gcc -std=gnu99 -c -g -O2  conftest.c >&5
configure:11148: $? = 0
configure:11148: result: yes
configure:11148: checking sys/time.h presence
configure:11148: gcc -std=gnu99 -E  conftest.c
configure:11148: $? = 0
configure:11148: result: yes
configure:11148: checking for sys/time.h
configure:11148: result: yes
configure:11167: checking for fd_set.fds_bits
configure:11167: gcc -std=gnu99 -c -g -O2  conftest.c >&5
conftest.c: In function 'main':
conftest.c:47:12: error: 'fd_set' has no member named 'fds_bits'
configure:11167: $? = 1
configure: failed program was:
| /* confdefs.h */
| #define PACKAGE_NAME "Xproto"
| #define PACKAGE_TARNAME "xproto"
| #define PACKAGE_VERSION "7.0.23"
| #define PACKAGE_STRING "Xproto 7.0.23"
| #define PACKAGE_BUGREPORT "https://bugs.freedesktop.org/enter_bug.cgi?product=xorg"
| #define PACKAGE_URL ""
| #define PACKAGE "xproto"
| #define VERSION "7.0.23"
| #define STDC_HEADERS 1
| #define HAVE_SYS_TYPES_H 1
| #define HAVE_SYS_STAT_H 1
| #define HAVE_STDLIB_H 1
| #define HAVE_STRING_H 1
| #define HAVE_MEMORY_H 1
| #define HAVE_STRINGS_H 1
| #define HAVE_INTTYPES_H 1
| #define HAVE_STDINT_H 1
| #define HAVE_UNISTD_H 1
| #define PACKAGE_VERSION_MAJOR 7
| #define PACKAGE_VERSION_MINOR 0
| #define PACKAGE_VERSION_PATCHLEVEL 23
| #define HAVE_SYS_SELECT_H 1
| #define HAVE_SYS_PARAM_H 1
| #define HAVE_SYS_TYPES_H 1
| #define HAVE_SYS_TIME_H 1
| /* end confdefs.h.  */
| 
|                                #ifdef HAVE_SYS_PARAM_H
|                                #include <sys/param.h>
|                                #endif
|                                #ifdef HAVE_SYS_TYPES_H
|                                #include <sys/types.h>
|                                #endif
|                                #ifdef HAVE_SYS_TIME_H
|                                #include <sys/time.h>
|                                #endif
|                                #ifdef HAVE_SYS_SELECT_H
| 			       #include <sys/select.h>
|                                #endif
| 
| 
| int
| main ()
| {
| static fd_set ac_aggr;
| if (ac_aggr.fds_bits)
| return 0;
|   ;
|   return 0;
| }
configure:11167: gcc -std=gnu99 -c -g -O2  conftest.c >&5
conftest.c: In function 'main':
conftest.c:47:19: error: 'fd_set' has no member named 'fds_bits'
configure:11167: $? = 1
configure: failed program was:
| /* confdefs.h */
| #define PACKAGE_NAME "Xproto"
| #define PACKAGE_TARNAME "xproto"
| #define PACKAGE_VERSION "7.0.23"
| #define PACKAGE_STRING "Xproto 7.0.23"
| #define PACKAGE_BUGREPORT "https://bugs.freedesktop.org/enter_bug.cgi?product=xorg"
| #define PACKAGE_URL ""
| #define PACKAGE "xproto"
| #define VERSION "7.0.23"
| #define STDC_HEADERS 1
| #define HAVE_SYS_TYPES_H 1
| #define HAVE_SYS_STAT_H 1
| #define HAVE_STDLIB_H 1
| #define HAVE_STRING_H 1
| #define HAVE_MEMORY_H 1
| #define HAVE_STRINGS_H 1
| #define HAVE_INTTYPES_H 1
| #define HAVE_STDINT_H 1
| #define HAVE_UNISTD_H 1
| #define PACKAGE_VERSION_MAJOR 7
| #define PACKAGE_VERSION_MINOR 0
| #define PACKAGE_VERSION_PATCHLEVEL 23
| #define HAVE_SYS_SELECT_H 1
| #define HAVE_SYS_PARAM_H 1
| #define HAVE_SYS_TYPES_H 1
| #define HAVE_SYS_TIME_H 1
| /* end confdefs.h.  */
| 
|                                #ifdef HAVE_SYS_PARAM_H
|                                #include <sys/param.h>
|                                #endif
|                                #ifdef HAVE_SYS_TYPES_H
|                                #include <sys/types.h>
|                                #endif
|                                #ifdef HAVE_SYS_TIME_H
|                                #include <sys/time.h>
|                                #endif
|                                #ifdef HAVE_SYS_SELECT_H
| 			       #include <sys/select.h>
|                                #endif
| 
| 
| int
| main ()
| {
| static fd_set ac_aggr;
| if (sizeof ac_aggr.fds_bits)
| return 0;
|   ;
|   return 0;
| }
configure:11167: result: no
configure:11192: checking for fd_set.__fds_bits
configure:11192: gcc -std=gnu99 -c -g -O2  conftest.c >&5
configure:11192: $? = 0
configure:11192: result: yes
configure:11225: checking whether const prototypes are supported
configure:11237: result: yes
configure:11240: checking whether varargs prototypes are supported
configure:11252: result: yes
configure:11255: checking whether nested prototypes are supported
configure:11267: result: yes
configure:11270: checking whether to force function prototypes
configure:11287: result: yes
configure:11333: checking whether to widen function prototypes
configure:11344: result: no
configure:11514: creating ./config.status

## ---------------------- ##
## Running config.status. ##
## ---------------------- ##

This file was extended by Xproto config.status 7.0.23, which was
generated by GNU Autoconf 2.68.  Invocation command line was

  CONFIG_FILES    = 
  CONFIG_HEADERS  = 
  CONFIG_LINKS    = 
  CONFIG_COMMANDS = 
  $ ./config.status 

on tdt4258-VirtualBox

config.status:943: creating Makefile
config.status:943: creating specs/Makefile
config.status:943: creating specs/SIAddresses/Makefile
config.status:943: creating Xpoll.h
config.status:943: creating xproto.pc
config.status:943: creating do-not-use-config.h
config.status:943: creating Xfuncproto.h
config.status:1172: executing depfiles commands

## ---------------- ##
## Cache variables. ##
## ---------------- ##

ac_cv_build=i686-pc-linux-gnu
ac_cv_c_compiler_gnu=yes
ac_cv_env_CC_set=
ac_cv_env_CC_value=
ac_cv_env_CFLAGS_set=
ac_cv_env_CFLAGS_value=
ac_cv_env_CPPFLAGS_set=
ac_cv_env_CPPFLAGS_value=
ac_cv_env_CPP_set=
ac_cv_env_CPP_value=
ac_cv_env_FOP_set=
ac_cv_env_FOP_value=
ac_cv_env_LDFLAGS_set=
ac_cv_env_LDFLAGS_value=
ac_cv_env_LIBS_set=
ac_cv_env_LIBS_value=
ac_cv_env_PKG_CONFIG_set=
ac_cv_env_PKG_CONFIG_value=
ac_cv_env_XMLTO_set=
ac_cv_env_XMLTO_value=
ac_cv_env_XSLTPROC_set=
ac_cv_env_XSLTPROC_value=
ac_cv_env_build_alias_set=
ac_cv_env_build_alias_value=
ac_cv_env_host_alias_set=
ac_cv_env_host_alias_value=
ac_cv_env_target_alias_set=
ac_cv_env_target_alias_value=
ac_cv_have_decl___INTEL_COMPILER=no
ac_cv_have_decl___SUNPRO_C=no
ac_cv_have_decl___clang__=no
ac_cv_header_inttypes_h=yes
ac_cv_header_memory_h=yes
ac_cv_header_stdc=yes
ac_cv_header_stdint_h=yes
ac_cv_header_stdlib_h=yes
ac_cv_header_string_h=yes
ac_cv_header_strings_h=yes
ac_cv_header_sys_param_h=yes
ac_cv_header_sys_select_h=yes
ac_cv_header_sys_stat_h=yes
ac_cv_header_sys_time_h=yes
ac_cv_header_sys_types_h=yes
ac_cv_header_unistd_h=yes
ac_cv_host=i686-pc-linux-gnu
ac_cv_member_fd_set___fds_bits=yes
ac_cv_member_fd_set_fds_bits=no
ac_cv_objext=o
ac_cv_path_EGREP='/bin/grep -E'
ac_cv_path_GREP=/bin/grep
ac_cv_path_SED=/opt/ex3/ptxdist-2013/lib/ptxdist-2013.07.1/bin/sed
ac_cv_path_ac_pt_PKG_CONFIG=/home/tdt4258/maskinprog/exercise3/OSELAS.BSP-EnergyMicro-Gecko/platform-energymicro-efm32gg-dk3750/sysroot-host/bin/pkg-config
ac_cv_path_install='/opt/ex3/ptxdist-2013/lib/ptxdist-2013.07.1/bin/install -c'
ac_cv_path_mkdir=/opt/ex3/ptxdist-2013/lib/ptxdist-2013.07.1/bin/mkdir
ac_cv_prog_AWK=gawk
ac_cv_prog_CPP='gcc -std=gnu99 -E'
ac_cv_prog_ac_ct_CC=gcc
ac_cv_prog_cc_c89=
ac_cv_prog_cc_c99=-std=gnu99
ac_cv_prog_cc_g=yes
ac_cv_prog_make_make_set=yes
am_cv_CC_dependencies_compiler_type=none
xorg_cv_cc_flag__Wall=yes
xorg_cv_cc_flag__Wbad_function_cast=yes
xorg_cv_cc_flag__Wcast_qual=yes
xorg_cv_cc_flag__Wdeclaration_after_statement=yes
xorg_cv_cc_flag__Werror=yes
xorg_cv_cc_flag__Werror_address=yes
xorg_cv_cc_flag__Werror_array_bounds=yes
xorg_cv_cc_flag__Werror_attributes=yes
xorg_cv_cc_flag__Werror_implicit=yes
xorg_cv_cc_flag__Werror_init_self=yes
xorg_cv_cc_flag__Werror_int_to_pointer_cast=yes
xorg_cv_cc_flag__Werror_main=yes
xorg_cv_cc_flag__Werror_missing_braces=yes
xorg_cv_cc_flag__Werror_nonnull=yes
xorg_cv_cc_flag__Werror_pointer_to_int_cast=yes
xorg_cv_cc_flag__Werror_return_type=yes
xorg_cv_cc_flag__Werror_sequence_point=yes
xorg_cv_cc_flag__Werror_trigraphs=yes
xorg_cv_cc_flag__Werror_write_strings=yes
xorg_cv_cc_flag__Wformat_2=yes
xorg_cv_cc_flag__Wmissing_declarations=yes
xorg_cv_cc_flag__Wmissing_format_attribute=yes
xorg_cv_cc_flag__Wmissing_noreturn=yes
xorg_cv_cc_flag__Wmissing_prototypes=yes
xorg_cv_cc_flag__Wnested_externs=yes
xorg_cv_cc_flag__Wold_style_definition=yes
xorg_cv_cc_flag__Wpointer_arith=yes
xorg_cv_cc_flag__Wredundant_decls=yes
xorg_cv_cc_flag__Wshadow=yes
xorg_cv_cc_flag__Wstrict_prototypes=yes
xorg_cv_cc_flag__Wuninitialized=yes
xorg_cv_cc_flag__Wunused=yes
xorg_cv_cc_flag__pedantic=yes
xorg_cv_cc_flag_unknown_warning_option=no
xorg_cv_cc_flag_unused_command_line_argument=no

## ----------------- ##
## Output variables. ##
## ----------------- ##

ACLOCAL='${SHELL} /home/tdt4258/maskinprog/exercise3/OSELAS.BSP-EnergyMicro-Gecko/platform-energymicro-efm32gg-dk3750/build-host/xproto-7.0.23/missing --run aclocal-1.11'
ADMIN_MAN_DIR='$(mandir)/man$(ADMIN_MAN_SUFFIX)'
ADMIN_MAN_SUFFIX='8'
AMDEPBACKSLASH='\'
AMDEP_FALSE='#'
AMDEP_TRUE=''
AMTAR='${SHELL} /home/tdt4258/maskinprog/exercise3/OSELAS.BSP-EnergyMicro-Gecko/platform-energymicro-efm32gg-dk3750/build-host/xproto-7.0.23/missing --run tar'
AM_BACKSLASH='\'
AM_DEFAULT_VERBOSITY='0'
APP_MAN_DIR='$(mandir)/man$(APP_MAN_SUFFIX)'
APP_MAN_SUFFIX='1'
AUTOCONF='${SHELL} /home/tdt4258/maskinprog/exercise3/OSELAS.BSP-EnergyMicro-Gecko/platform-energymicro-efm32gg-dk3750/build-host/xproto-7.0.23/missing --run autoconf'
AUTOHEADER='${SHELL} /home/tdt4258/maskinprog/exercise3/OSELAS.BSP-EnergyMicro-Gecko/platform-energymicro-efm32gg-dk3750/build-host/xproto-7.0.23/missing --run autoheader'
AUTOMAKE='${SHELL} /home/tdt4258/maskinprog/exercise3/OSELAS.BSP-EnergyMicro-Gecko/platform-energymicro-efm32gg-dk3750/build-host/xproto-7.0.23/missing --run automake-1.11'
AWK='gawk'
BASE_CFLAGS=' -Wall -Wpointer-arith -Wmissing-declarations -Wformat=2 -Wstrict-prototypes -Wmissing-prototypes -Wnested-externs -Wbad-function-cast -Wold-style-definition -Wdeclaration-after-statement -Wunused -Wuninitialized -Wshadow -Wcast-qual -Wmissing-noreturn -Wmissing-format-attribute -Wredundant-decls -Werror=implicit -Werror=nonnull -Werror=init-self -Werror=main -Werror=missing-braces -Werror=sequence-point -Werror=return-type -Werror=trigraphs -Werror=array-bounds -Werror=write-strings -Werror=address -Werror=int-to-pointer-cast -Werror=pointer-to-int-cast'
CC='gcc -std=gnu99'
CCDEPMODE='depmode=none'
CFLAGS='-g -O2'
CHANGELOG_CMD='(GIT_DIR=$(top_srcdir)/.git git log > $(top_srcdir)/.changelog.tmp && mv $(top_srcdir)/.changelog.tmp $(top_srcdir)/ChangeLog) || (rm -f $(top_srcdir)/.changelog.tmp; touch $(top_srcdir)/ChangeLog; echo '\''git directory not found: installing possibly empty changelog.'\'' >&2)'
CPP='gcc -std=gnu99 -E'
CPPFLAGS=''
CWARNFLAGS=' -Wall -Wpointer-arith -Wmissing-declarations -Wformat=2 -Wstrict-prototypes -Wmissing-prototypes -Wnested-externs -Wbad-function-cast -Wold-style-definition -Wdeclaration-after-statement -Wunused -Wuninitialized -Wshadow -Wcast-qual -Wmissing-noreturn -Wmissing-format-attribute -Wredundant-decls -Werror=implicit -Werror=nonnull -Werror=init-self -Werror=main -Werror=missing-braces -Werror=sequence-point -Werror=return-type -Werror=trigraphs -Werror=array-bounds -Werror=write-strings -Werror=address -Werror=int-to-pointer-cast -Werror=pointer-to-int-cast -fno-strict-aliasing'
CYGPATH_W='echo'
DEFS='-DHAVE_CONFIG_H'
DEPDIR='.deps'
DRIVER_MAN_DIR='$(mandir)/man$(DRIVER_MAN_SUFFIX)'
DRIVER_MAN_SUFFIX='4'
ECHO_C=''
ECHO_N='-n'
ECHO_T=''
EGREP='/bin/grep -E'
ENABLE_SPECS_FALSE=''
ENABLE_SPECS_TRUE='#'
EXEEXT=''
FILE_MAN_DIR='$(mandir)/man$(FILE_MAN_SUFFIX)'
FILE_MAN_SUFFIX='5'
FOP=''
GREP='/bin/grep'
HAVE_FOP_FALSE=''
HAVE_FOP_TRUE='#'
HAVE_STYLESHEETS_FALSE=''
HAVE_STYLESHEETS_TRUE='#'
HAVE_XMLTO_FALSE=''
HAVE_XMLTO_TEXT_FALSE=''
HAVE_XMLTO_TEXT_TRUE='#'
HAVE_XMLTO_TRUE='#'
HAVE_XSLTPROC_FALSE=''
HAVE_XSLTPROC_TRUE='#'
INSTALL_CMD='(cp -f /INSTALL $(top_srcdir)/.INSTALL.tmp && mv $(top_srcdir)/.INSTALL.tmp $(top_srcdir)/INSTALL) || (rm -f $(top_srcdir)/.INSTALL.tmp; touch $(top_srcdir)/INSTALL; echo '\''util-macros "pkgdatadir" from xorg-macros.pc not found: installing possibly empty INSTALL.'\'' >&2)'
INSTALL_DATA='${INSTALL} -m 644'
INSTALL_PROGRAM='${INSTALL}'
INSTALL_SCRIPT='${INSTALL}'
INSTALL_STRIP_PROGRAM='$(install_sh) -c -s'
LDFLAGS=''
LIBOBJS=''
LIBS=''
LIB_MAN_DIR='$(mandir)/man$(LIB_MAN_SUFFIX)'
LIB_MAN_SUFFIX='3'
LTLIBOBJS=''
MAINT='#'
MAINTAINER_MODE_FALSE=''
MAINTAINER_MODE_TRUE='#'
MAKEINFO='${SHELL} /home/tdt4258/maskinprog/exercise3/OSELAS.BSP-EnergyMicro-Gecko/platform-energymicro-efm32gg-dk3750/build-host/xproto-7.0.23/missing --run makeinfo'
MAN_SUBSTS='	-e '\''s|__vendorversion__|"$(PACKAGE_STRING)" "$(XORG_MAN_PAGE)"|'\'' 	-e '\''s|__xorgversion__|"$(PACKAGE_STRING)" "$(XORG_MAN_PAGE)"|'\'' 	-e '\''s|__xservername__|Xorg|g'\'' 	-e '\''s|__xconfigfile__|xorg.conf|g'\'' 	-e '\''s|__projectroot__|$(prefix)|g'\'' 	-e '\''s|__apploaddir__|$(appdefaultdir)|g'\'' 	-e '\''s|__appmansuffix__|$(APP_MAN_SUFFIX)|g'\'' 	-e '\''s|__drivermansuffix__|$(DRIVER_MAN_SUFFIX)|g'\'' 	-e '\''s|__adminmansuffix__|$(ADMIN_MAN_SUFFIX)|g'\'' 	-e '\''s|__libmansuffix__|$(LIB_MAN_SUFFIX)|g'\'' 	-e '\''s|__miscmansuffix__|$(MISC_MAN_SUFFIX)|g'\'' 	-e '\''s|__filemansuffix__|$(FILE_MAN_SUFFIX)|g'\'''
MISC_MAN_DIR='$(mandir)/man$(MISC_MAN_SUFFIX)'
MISC_MAN_SUFFIX='7'
MKDIR_P='/opt/ex3/ptxdist-2013/lib/ptxdist-2013.07.1/bin/mkdir -p'
OBJEXT='o'
PACKAGE='xproto'
PACKAGE_BUGREPORT='https://bugs.freedesktop.org/enter_bug.cgi?product=xorg'
PACKAGE_NAME='Xproto'
PACKAGE_STRING='Xproto 7.0.23'
PACKAGE_TARNAME='xproto'
PACKAGE_URL=''
PACKAGE_VERSION='7.0.23'
PATH_SEPARATOR=':'
PKG_CONFIG='/home/tdt4258/maskinprog/exercise3/OSELAS.BSP-EnergyMicro-Gecko/platform-energymicro-efm32gg-dk3750/sysroot-host/bin/pkg-config'
SED='/opt/ex3/ptxdist-2013/lib/ptxdist-2013.07.1/bin/sed'
SET_MAKE=''
SHELL='/bin/bash'
STRICT_CFLAGS=' -pedantic -Werror -Werror=attributes'
STRIP=''
STYLESHEET_SRCDIR=''
USE_FDS_BITS='__fds_bits'
VERSION='7.0.23'
XMLTO=''
XORG_MAN_PAGE='X Version 11'
XORG_SGML_PATH=''
XSLTPROC=''
XSL_STYLESHEET=''
ac_ct_CC='gcc'
am__EXEEXT_FALSE=''
am__EXEEXT_TRUE='#'
am__fastdepCC_FALSE=''
am__fastdepCC_TRUE='#'
am__include='include'
am__isrc=''
am__leading_dot='.'
am__quote=''
am__tar='${AMTAR} chof - "$$tardir"'
am__untar='${AMTAR} xf -'
bindir='${exec_prefix}/bin'
build='i686-pc-linux-gnu'
build_alias=''
build_cpu='i686'
build_os='linux-gnu'
build_vendor='pc'
datadir='${datarootdir}'
datarootdir='${prefix}/share'
docdir='${datarootdir}/doc/${PACKAGE_TARNAME}'
dvidir='${docdir}'
exec_prefix='${prefix}'
host='i686-pc-linux-gnu'
host_alias=''
host_cpu='i686'
host_os='linux-gnu'
host_vendor='pc'
htmldir='${docdir}'
includedir='${prefix}/include'
infodir='${datarootdir}/info'
install_sh='${SHELL} /home/tdt4258/maskinprog/exercise3/OSELAS.BSP-EnergyMicro-Gecko/platform-energymicro-efm32gg-dk3750/build-host/xproto-7.0.23/install-sh'
libdir='${exec_prefix}/lib'
libexecdir='${exec_prefix}/libexec'
localedir='${datarootdir}/locale'
localstatedir='${prefix}/var'
mandir='${datarootdir}/man'
mkdir_p='/opt/ex3/ptxdist-2013/lib/ptxdist-2013.07.1/bin/mkdir -p'
oldincludedir='/usr/include'
pdfdir='${docdir}'
prefix=''
program_transform_name='s,x,x,'
psdir='${docdir}'
sbindir='${exec_prefix}/sbin'
sharedstatedir='${prefix}/com'
sysconfdir='${prefix}/etc'
target_alias=''

## ----------- ##
## confdefs.h. ##
## ----------- ##

/* confdefs.h */
#define PACKAGE_NAME "Xproto"
#define PACKAGE_TARNAME "xproto"
#define PACKAGE_VERSION "7.0.23"
#define PACKAGE_STRING "Xproto 7.0.23"
#define PACKAGE_BUGREPORT "https://bugs.freedesktop.org/enter_bug.cgi?product=xorg"
#define PACKAGE_URL ""
#define PACKAGE "xproto"
#define VERSION "7.0.23"
#define STDC_HEADERS 1
#define HAVE_SYS_TYPES_H 1
#define HAVE_SYS_STAT_H 1
#define HAVE_STDLIB_H 1
#define HAVE_STRING_H 1
#define HAVE_MEMORY_H 1
#define HAVE_STRINGS_H 1
#define HAVE_INTTYPES_H 1
#define HAVE_STDINT_H 1
#define HAVE_UNISTD_H 1
#define PACKAGE_VERSION_MAJOR 7
#define PACKAGE_VERSION_MINOR 0
#define PACKAGE_VERSION_PATCHLEVEL 23
#define HAVE_SYS_SELECT_H 1
#define HAVE_SYS_PARAM_H 1
#define HAVE_SYS_TYPES_H 1
#define HAVE_SYS_TIME_H 1
#define FUNCPROTO 15
#define NARROWPROTO /**/

configure: exit 0
