This file contains any messages produced by compilers while
running configure, to aid debugging if configure makes a mistake.

It was created by fakeroot configure 1.14.4, which was
generated by GNU Autoconf 2.64.  Invocation command line was

  $ ./configure --prefix= --libdir=/lib/fakeroot

## --------- ##
## Platform. ##
## --------- ##

hostname = tdt4258-VirtualBox
uname -m = i686
uname -r = 3.13.0-93-generic
uname -s = Linux
uname -v = #140~precise1-Ubuntu SMP Tue Jul 19 19:56:32 UTC 2016

/usr/bin/uname -p = unknown
/bin/uname -X     = unknown

/bin/arch              = unknown
/usr/bin/arch -k       = unknown
/usr/convex/getsysinfo = unknown
/usr/bin/hostinfo      = unknown
/bin/machine           = unknown
/usr/bin/oslevel       = unknown
/bin/universe          = unknown

PATH: /home/tdt4258/Downloads/OSELAS.BSP-EnergyMicro-Gecko/platform-energymicro-efm32gg-dk3750/sysroot-host/lib/wrapper
PATH: /home/tdt4258/Downloads/OSELAS.BSP-EnergyMicro-Gecko/platform-energymicro-efm32gg-dk3750/sysroot-host/bin
PATH: /home/tdt4258/Downloads/OSELAS.BSP-EnergyMicro-Gecko/platform-energymicro-efm32gg-dk3750/sysroot-host/sbin
PATH: /home/tdt4258/Downloads/OSELAS.BSP-EnergyMicro-Gecko/selected_toolchain
PATH: /opt/ex3/ptxdist-2013/lib/ptxdist-2013.07.1/bin
PATH: /usr/lib/lightdm/lightdm
PATH: /usr/local/sbin
PATH: /usr/local/bin
PATH: /usr/sbin
PATH: /usr/bin
PATH: /sbin
PATH: /bin
PATH: /usr/games
PATH: /opt/ex3/ptxdist/bin
PATH: /opt/codesourcery/bin
PATH: /opt/profiler
PATH: /opt/eACommander
PATH: /opt/ex3/OSELAS.Toolchain-2012.12.0/arm-cortexm3-uclinuxeabi/gcc-4.7.2-uclibc-0.9.33.2-binutils-2.22-kernel-3.6-sanitized/bin
PATH: /home/tdt4258/JLink


## ----------- ##
## Core tests. ##
## ----------- ##

configure:2450: checking build system type
configure:2464: result: i686-pc-linux-gnu
configure:2484: checking host system type
configure:2497: result: i686-pc-linux-gnu
configure:2517: checking target system type
configure:2530: result: i686-pc-linux-gnu
configure:2572: checking for a BSD-compatible install
configure:2640: result: /opt/ex3/ptxdist-2013/lib/ptxdist-2013.07.1/bin/install -c
configure:2651: checking whether build environment is sane
configure:2701: result: yes
configure:2842: checking for a thread-safe mkdir -p
configure:2881: result: /opt/ex3/ptxdist-2013/lib/ptxdist-2013.07.1/bin/mkdir -p
configure:2894: checking for gawk
configure:2910: found /usr/bin/gawk
configure:2921: result: gawk
configure:2932: checking whether make sets $(MAKE)
configure:2954: result: yes
configure:3035: checking whether to enable maintainer-specific portions of Makefiles
configure:3044: result: no
configure:3059: checking whether make sets $(MAKE)
configure:3081: result: yes
configure:3127: checking for style of include used by make
configure:3155: result: GNU
configure:3225: checking for gcc
configure:3241: found /home/tdt4258/Downloads/OSELAS.BSP-EnergyMicro-Gecko/platform-energymicro-efm32gg-dk3750/sysroot-host/lib/wrapper/gcc
configure:3252: result: gcc
configure:3481: checking for C compiler version
configure:3490: gcc --version >&5
gcc (Ubuntu/Linaro 4.6.3-1ubuntu5) 4.6.3
Copyright (C) 2011 Free Software Foundation, Inc.
This is free software; see the source for copying conditions.  There is NO
warranty; not even for MERCHANTABILITY or FITNESS FOR A PARTICULAR PURPOSE.

configure:3501: $? = 0
configure:3490: gcc -v >&5
Using built-in specs.
COLLECT_GCC=/home/tdt4258/Downloads/OSELAS.BSP-EnergyMicro-Gecko/platform-energymicro-efm32gg-dk3750/sysroot-host/lib/wrapper/real/gcc
COLLECT_LTO_WRAPPER=/usr/lib/gcc/i686-linux-gnu/4.6/lto-wrapper
Target: i686-linux-gnu
Configured with: ../src/configure -v --with-pkgversion='Ubuntu/Linaro 4.6.3-1ubuntu5' --with-bugurl=file:///usr/share/doc/gcc-4.6/README.Bugs --enable-languages=c,c++,fortran,objc,obj-c++ --prefix=/usr --program-suffix=-4.6 --enable-shared --enable-linker-build-id --with-system-zlib --libexecdir=/usr/lib --without-included-gettext --enable-threads=posix --with-gxx-include-dir=/usr/include/c++/4.6 --libdir=/usr/lib --enable-nls --with-sysroot=/ --enable-clocale=gnu --enable-libstdcxx-debug --enable-libstdcxx-time=yes --enable-gnu-unique-object --enable-plugin --enable-objc-gc --enable-targets=all --disable-werror --with-arch-32=i686 --with-tune=generic --enable-checking=release --build=i686-linux-gnu --host=i686-linux-gnu --target=i686-linux-gnu
Thread model: posix
gcc version 4.6.3 (Ubuntu/Linaro 4.6.3-1ubuntu5) 
configure:3501: $? = 0
configure:3490: gcc -V >&5
gcc: error: unrecognized option '-V'
gcc: fatal error: no input files
compilation terminated.
configure:3501: $? = 4
configure:3490: gcc -qversion >&5
gcc: error: unrecognized option '-qversion'
gcc: fatal error: no input files
compilation terminated.
configure:3501: $? = 4
configure:3523: checking for C compiler default output file name
configure:3545: gcc    conftest.c  >&5
configure:3549: $? = 0
configure:3586: result: a.out
configure:3602: checking whether the C compiler works
configure:3611: ./a.out
configure:3615: $? = 0
configure:3630: result: yes
configure:3637: checking whether we are cross compiling
configure:3639: result: no
configure:3642: checking for suffix of executables
configure:3649: gcc -o conftest    conftest.c  >&5
configure:3653: $? = 0
configure:3675: result: 
configure:3681: checking for suffix of object files
configure:3703: gcc -c   conftest.c >&5
configure:3707: $? = 0
configure:3728: result: o
configure:3732: checking whether we are using the GNU C compiler
configure:3751: gcc -c   conftest.c >&5
configure:3751: $? = 0
configure:3760: result: yes
configure:3769: checking whether gcc accepts -g
configure:3789: gcc -c -g  conftest.c >&5
configure:3789: $? = 0
configure:3830: result: yes
configure:3847: checking for gcc option to accept ISO C89
configure:3911: gcc  -c -g -O2  conftest.c >&5
configure:3911: $? = 0
configure:3924: result: none needed
configure:3946: checking dependency style of gcc
configure:4056: result: gcc3
configure:4071: checking for a sed that does not truncate output
configure:4135: result: /opt/ex3/ptxdist-2013/lib/ptxdist-2013.07.1/bin/sed
configure:4153: checking for grep that handles long lines and -e
configure:4211: result: /bin/grep
configure:4216: checking for egrep
configure:4278: result: /bin/grep -E
configure:4283: checking for fgrep
configure:4345: result: /bin/grep -F
configure:4380: checking for ld used by gcc
configure:4447: result: /usr/bin/ld
configure:4454: checking if the linker (/usr/bin/ld) is GNU ld
configure:4469: result: yes
configure:4481: checking for BSD- or MS-compatible name lister (nm)
configure:4530: result: /usr/bin/nm -B
configure:4648: checking the name lister (/usr/bin/nm -B) interface
configure:4655: gcc -c -g -O2  conftest.c >&5
configure:4658: /usr/bin/nm -B "conftest.o"
configure:4661: output
00000000 B some_variable
configure:4668: result: BSD nm
configure:4671: checking whether ln -s works
configure:4675: result: yes
configure:4683: checking the maximum length of command line arguments
configure:4803: result: 805306365
configure:4820: checking whether the shell understands some XSI constructs
configure:4830: result: yes
configure:4834: checking whether the shell understands "+="
configure:4840: result: yes
configure:4875: checking for /usr/bin/ld option to reload object files
configure:4882: result: -r
configure:4951: checking for objdump
configure:4967: found /usr/bin/objdump
configure:4978: result: objdump
configure:5010: checking how to recognize dependent libraries
configure:5206: result: pass_all
configure:5266: checking for ar
configure:5282: found /usr/bin/ar
configure:5293: result: ar
configure:5371: checking for strip
configure:5387: found /usr/bin/strip
configure:5398: result: strip
configure:5470: checking for ranlib
configure:5486: found /usr/bin/ranlib
configure:5497: result: ranlib
configure:5587: checking command to parse /usr/bin/nm -B output from gcc object
configure:5705: gcc -c -g -O2  conftest.c >&5
configure:5708: $? = 0
configure:5712: /usr/bin/nm -B conftest.o \| sed -n -e 's/^.*[	 ]\([ABCDGIRSTW][ABCDGIRSTW]*\)[	 ][	 ]*\([_A-Za-z][_A-Za-z0-9]*\)$/\1 \2 \2/p' \> conftest.nm
configure:5715: $? = 0
configure:5769: gcc -o conftest -g -O2   conftest.c conftstm.o >&5
configure:5772: $? = 0
configure:5810: result: ok
configure:6619: checking how to run the C preprocessor
configure:6650: gcc -E  conftest.c
configure:6650: $? = 0
configure:6664: gcc -E  conftest.c
conftest.c:11:28: fatal error: ac_nonexistent.h: No such file or directory
compilation terminated.
configure:6664: $? = 1
configure: failed program was:
| /* confdefs.h */
| #define PACKAGE_NAME "fakeroot"
| #define PACKAGE_TARNAME "fakeroot"
| #define PACKAGE_VERSION "1.14.4"
| #define PACKAGE_STRING "fakeroot 1.14.4"
| #define PACKAGE_BUGREPORT "schizo@debian.org"
| #define PACKAGE_URL ""
| #define PACKAGE "fakeroot"
| #define VERSION "1.14.4"
| /* end confdefs.h.  */
| #include <ac_nonexistent.h>
configure:6689: result: gcc -E
configure:6709: gcc -E  conftest.c
configure:6709: $? = 0
configure:6723: gcc -E  conftest.c
conftest.c:11:28: fatal error: ac_nonexistent.h: No such file or directory
compilation terminated.
configure:6723: $? = 1
configure: failed program was:
| /* confdefs.h */
| #define PACKAGE_NAME "fakeroot"
| #define PACKAGE_TARNAME "fakeroot"
| #define PACKAGE_VERSION "1.14.4"
| #define PACKAGE_STRING "fakeroot 1.14.4"
| #define PACKAGE_BUGREPORT "schizo@debian.org"
| #define PACKAGE_URL ""
| #define PACKAGE "fakeroot"
| #define VERSION "1.14.4"
| /* end confdefs.h.  */
| #include <ac_nonexistent.h>
configure:6752: checking for ANSI C header files
configure:6772: gcc -c -g -O2  conftest.c >&5
configure:6772: $? = 0
configure:6845: gcc -o conftest -g -O2   conftest.c  >&5
configure:6845: $? = 0
configure:6845: ./conftest
configure:6845: $? = 0
configure:6856: result: yes
configure:6869: checking for sys/types.h
configure:6869: gcc -c -g -O2  conftest.c >&5
configure:6869: $? = 0
configure:6869: result: yes
configure:6869: checking for sys/stat.h
configure:6869: gcc -c -g -O2  conftest.c >&5
configure:6869: $? = 0
configure:6869: result: yes
configure:6869: checking for stdlib.h
configure:6869: gcc -c -g -O2  conftest.c >&5
configure:6869: $? = 0
configure:6869: result: yes
configure:6869: checking for string.h
configure:6869: gcc -c -g -O2  conftest.c >&5
configure:6869: $? = 0
configure:6869: result: yes
configure:6869: checking for memory.h
configure:6869: gcc -c -g -O2  conftest.c >&5
configure:6869: $? = 0
configure:6869: result: yes
configure:6869: checking for strings.h
configure:6869: gcc -c -g -O2  conftest.c >&5
configure:6869: $? = 0
configure:6869: result: yes
configure:6869: checking for inttypes.h
configure:6869: gcc -c -g -O2  conftest.c >&5
configure:6869: $? = 0
configure:6869: result: yes
configure:6869: checking for stdint.h
configure:6869: gcc -c -g -O2  conftest.c >&5
configure:6869: $? = 0
configure:6869: result: yes
configure:6869: checking for unistd.h
configure:6869: gcc -c -g -O2  conftest.c >&5
configure:6869: $? = 0
configure:6869: result: yes
configure:6884: checking for dlfcn.h
configure:6884: gcc -c -g -O2  conftest.c >&5
configure:6884: $? = 0
configure:6884: result: yes
configure:7068: checking for objdir
configure:7083: result: .libs
configure:7379: checking if gcc supports -fno-rtti -fno-exceptions
configure:7397: gcc -c -g -O2  -fno-rtti -fno-exceptions conftest.c >&5
cc1: warning: command line option '-fno-rtti' is valid for C++/ObjC++ but not for C [enabled by default]
configure:7401: $? = 0
configure:7414: result: no
configure:7434: checking for gcc option to produce PIC
configure:7706: result: -fPIC -DPIC
configure:7718: checking if gcc PIC flag -fPIC -DPIC works
configure:7736: gcc -c -g -O2  -fPIC -DPIC -DPIC conftest.c >&5
configure:7740: $? = 0
configure:7753: result: yes
configure:7777: checking if gcc static flag -static works
configure:7805: result: yes
configure:7820: checking if gcc supports -c -o file.o
configure:7841: gcc -c -g -O2  -o out/conftest2.o conftest.c >&5
configure:7845: $? = 0
configure:7867: result: yes
configure:7875: checking if gcc supports -c -o file.o
configure:7922: result: yes
configure:7955: checking whether the gcc linker (/usr/bin/ld) supports shared libraries
configure:8945: result: yes
configure:8982: checking whether -lc should be explicitly linked in
configure:8987: gcc -c -g -O2  conftest.c >&5
configure:8990: $? = 0
configure:9005: gcc -shared conftest.o  -v -Wl,-soname -Wl,conftest -o conftest 2\>\&1 \| /bin/grep  -lc  \>/dev/null 2\>\&1
configure:9008: $? = 0
configure:9020: result: no
configure:9184: checking dynamic linker characteristics
configure:9617: gcc -o conftest -g -O2   -Wl,-rpath -Wl,/foo conftest.c  >&5
configure:9617: $? = 0
configure:9847: result: GNU/Linux ld.so
configure:9949: checking how to hardcode library paths into programs
configure:9974: result: immediate
configure:10494: checking whether stripping libraries is possible
configure:10499: result: yes
configure:10534: checking if libtool supports shared libraries
configure:10536: result: yes
configure:10539: checking whether to build shared libraries
configure:10560: result: yes
configure:10563: checking whether to build static libraries
configure:10567: result: yes
configure:10615: checking which IPC method to use
configure:10622: result: sysv
configure:10634: checking which database format to use
configure:10641: result: inode
configure:10653: checking for dlopen in -ldl
configure:10678: gcc -o conftest -g -O2   conftest.c -ldl   >&5
configure:10678: $? = 0
configure:10687: result: yes
configure:10804: checking for dirent.h that defines DIR
configure:10823: gcc -c -g -O2  conftest.c >&5
configure:10823: $? = 0
configure:10831: result: yes
configure:10845: checking for library containing opendir
configure:10876: gcc -o conftest -g -O2   conftest.c -ldl  >&5
configure:10876: $? = 0
configure:10893: result: none required
configure:10960: checking for ANSI C header files
configure:11064: result: yes
configure:11075: checking fcntl.h usability
configure:11075: gcc -c -g -O2  conftest.c >&5
configure:11075: $? = 0
configure:11075: result: yes
configure:11075: checking fcntl.h presence
configure:11075: gcc -E  conftest.c
configure:11075: $? = 0
configure:11075: result: yes
configure:11075: checking for fcntl.h
configure:11075: result: yes
configure:11075: checking for unistd.h
configure:11075: result: yes
configure:11075: checking features.h usability
configure:11075: gcc -c -g -O2  conftest.c >&5
configure:11075: $? = 0
configure:11075: result: yes
configure:11075: checking features.h presence
configure:11075: gcc -E  conftest.c
configure:11075: $? = 0
configure:11075: result: yes
configure:11075: checking for features.h
configure:11075: result: yes
configure:11075: checking sys/feature_tests.h usability
configure:11075: gcc -c -g -O2  conftest.c >&5
conftest.c:62:31: fatal error: sys/feature_tests.h: No such file or directory
compilation terminated.
configure:11075: $? = 1
configure: failed program was:
| /* confdefs.h */
| #define PACKAGE_NAME "fakeroot"
| #define PACKAGE_TARNAME "fakeroot"
| #define PACKAGE_VERSION "1.14.4"
| #define PACKAGE_STRING "fakeroot 1.14.4"
| #define PACKAGE_BUGREPORT "schizo@debian.org"
| #define PACKAGE_URL ""
| #define PACKAGE "fakeroot"
| #define VERSION "1.14.4"
| #define STDC_HEADERS 1
| #define HAVE_SYS_TYPES_H 1
| #define HAVE_SYS_STAT_H 1
| #define HAVE_STDLIB_H 1
| #define HAVE_STRING_H 1
| #define HAVE_MEMORY_H 1
| #define HAVE_STRINGS_H 1
| #define HAVE_INTTYPES_H 1
| #define HAVE_STDINT_H 1
| #define HAVE_UNISTD_H 1
| #define HAVE_DLFCN_H 1
| #define LT_OBJDIR ".libs/"
| #define HAVE_LIBDL 1
| #define HAVE_DIRENT_H 1
| #define STDC_HEADERS 1
| #define HAVE_FCNTL_H 1
| #define HAVE_UNISTD_H 1
| #define HAVE_FEATURES_H 1
| /* end confdefs.h.  */
| #include <stdio.h>
| #ifdef HAVE_SYS_TYPES_H
| # include <sys/types.h>
| #endif
| #ifdef HAVE_SYS_STAT_H
| # include <sys/stat.h>
| #endif
| #ifdef STDC_HEADERS
| # include <stdlib.h>
| # include <stddef.h>
| #else
| # ifdef HAVE_STDLIB_H
| #  include <stdlib.h>
| # endif
| #endif
| #ifdef HAVE_STRING_H
| # if !defined STDC_HEADERS && defined HAVE_MEMORY_H
| #  include <memory.h>
| # endif
| # include <string.h>
| #endif
| #ifdef HAVE_STRINGS_H
| # include <strings.h>
| #endif
| #ifdef HAVE_INTTYPES_H
| # include <inttypes.h>
| #endif
| #ifdef HAVE_STDINT_H
| # include <stdint.h>
| #endif
| #ifdef HAVE_UNISTD_H
| # include <unistd.h>
| #endif
| #include <sys/feature_tests.h>
configure:11075: result: no
configure:11075: checking sys/feature_tests.h presence
configure:11075: gcc -E  conftest.c
conftest.c:29:31: fatal error: sys/feature_tests.h: No such file or directory
compilation terminated.
configure:11075: $? = 1
configure: failed program was:
| /* confdefs.h */
| #define PACKAGE_NAME "fakeroot"
| #define PACKAGE_TARNAME "fakeroot"
| #define PACKAGE_VERSION "1.14.4"
| #define PACKAGE_STRING "fakeroot 1.14.4"
| #define PACKAGE_BUGREPORT "schizo@debian.org"
| #define PACKAGE_URL ""
| #define PACKAGE "fakeroot"
| #define VERSION "1.14.4"
| #define STDC_HEADERS 1
| #define HAVE_SYS_TYPES_H 1
| #define HAVE_SYS_STAT_H 1
| #define HAVE_STDLIB_H 1
| #define HAVE_STRING_H 1
| #define HAVE_MEMORY_H 1
| #define HAVE_STRINGS_H 1
| #define HAVE_INTTYPES_H 1
| #define HAVE_STDINT_H 1
| #define HAVE_UNISTD_H 1
| #define HAVE_DLFCN_H 1
| #define LT_OBJDIR ".libs/"
| #define HAVE_LIBDL 1
| #define HAVE_DIRENT_H 1
| #define STDC_HEADERS 1
| #define HAVE_FCNTL_H 1
| #define HAVE_UNISTD_H 1
| #define HAVE_FEATURES_H 1
| /* end confdefs.h.  */
| #include <sys/feature_tests.h>
configure:11075: result: no
configure:11075: checking for sys/feature_tests.h
configure:11075: result: no
configure:11075: checking pthread.h usability
configure:11075: gcc -c -g -O2  conftest.c >&5
configure:11075: $? = 0
configure:11075: result: yes
configure:11075: checking pthread.h presence
configure:11075: gcc -E  conftest.c
configure:11075: $? = 0
configure:11075: result: yes
configure:11075: checking for pthread.h
configure:11075: result: yes
configure:11075: checking for stdint.h
configure:11075: result: yes
configure:11075: checking for inttypes.h
configure:11075: result: yes
configure:11075: checking grp.h usability
configure:11075: gcc -c -g -O2  conftest.c >&5
configure:11075: $? = 0
configure:11075: result: yes
configure:11075: checking grp.h presence
configure:11075: gcc -E  conftest.c
configure:11075: $? = 0
configure:11075: result: yes
configure:11075: checking for grp.h
configure:11075: result: yes
configure:11075: checking endian.h usability
configure:11075: gcc -c -g -O2  conftest.c >&5
configure:11075: $? = 0
configure:11075: result: yes
configure:11075: checking endian.h presence
configure:11075: gcc -E  conftest.c
configure:11075: $? = 0
configure:11075: result: yes
configure:11075: checking for endian.h
configure:11075: result: yes
configure:11075: checking sys/sysmacros.h usability
configure:11075: gcc -c -g -O2  conftest.c >&5
configure:11075: $? = 0
configure:11075: result: yes
configure:11075: checking sys/sysmacros.h presence
configure:11075: gcc -E  conftest.c
configure:11075: $? = 0
configure:11075: result: yes
configure:11075: checking for sys/sysmacros.h
configure:11075: result: yes
configure:11075: checking sys/socket.h usability
configure:11075: gcc -c -g -O2  conftest.c >&5
configure:11075: $? = 0
configure:11075: result: yes
configure:11075: checking sys/socket.h presence
configure:11075: gcc -E  conftest.c
configure:11075: $? = 0
configure:11075: result: yes
configure:11075: checking for sys/socket.h
configure:11075: result: yes
configure:11075: checking sys/acl.h usability
configure:11075: gcc -c -g -O2  conftest.c >&5
configure:11075: $? = 0
configure:11075: result: yes
configure:11075: checking sys/acl.h presence
configure:11075: gcc -E  conftest.c
configure:11075: $? = 0
configure:11075: result: yes
configure:11075: checking for sys/acl.h
configure:11075: result: yes
configure:11075: checking fts.h usability
configure:11075: gcc -c -g -O2  conftest.c >&5
configure:11075: $? = 0
configure:11075: result: yes
configure:11075: checking fts.h presence
configure:11075: gcc -E  conftest.c
configure:11075: $? = 0
configure:11075: result: yes
configure:11075: checking for fts.h
configure:11075: result: yes
configure:11087: checking for an ANSI C-conforming const
configure:11152: gcc -c -g -O2  conftest.c >&5
configure:11152: $? = 0
configure:11159: result: yes
configure:11167: checking for mode_t
configure:11167: gcc -c -g -O2  conftest.c >&5
configure:11167: $? = 0
configure:11167: gcc -c -g -O2  conftest.c >&5
conftest.c: In function 'main':
conftest.c:74:21: error: expected expression before ')' token
configure:11167: $? = 1
configure: failed program was:
| /* confdefs.h */
| #define PACKAGE_NAME "fakeroot"
| #define PACKAGE_TARNAME "fakeroot"
| #define PACKAGE_VERSION "1.14.4"
| #define PACKAGE_STRING "fakeroot 1.14.4"
| #define PACKAGE_BUGREPORT "schizo@debian.org"
| #define PACKAGE_URL ""
| #define PACKAGE "fakeroot"
| #define VERSION "1.14.4"
| #define STDC_HEADERS 1
| #define HAVE_SYS_TYPES_H 1
| #define HAVE_SYS_STAT_H 1
| #define HAVE_STDLIB_H 1
| #define HAVE_STRING_H 1
| #define HAVE_MEMORY_H 1
| #define HAVE_STRINGS_H 1
| #define HAVE_INTTYPES_H 1
| #define HAVE_STDINT_H 1
| #define HAVE_UNISTD_H 1
| #define HAVE_DLFCN_H 1
| #define LT_OBJDIR ".libs/"
| #define HAVE_LIBDL 1
| #define HAVE_DIRENT_H 1
| #define STDC_HEADERS 1
| #define HAVE_FCNTL_H 1
| #define HAVE_UNISTD_H 1
| #define HAVE_FEATURES_H 1
| #define HAVE_PTHREAD_H 1
| #define HAVE_STDINT_H 1
| #define HAVE_INTTYPES_H 1
| #define HAVE_GRP_H 1
| #define HAVE_ENDIAN_H 1
| #define HAVE_SYS_SYSMACROS_H 1
| #define HAVE_SYS_SOCKET_H 1
| #define HAVE_SYS_ACL_H 1
| #define HAVE_FTS_H 1
| /* end confdefs.h.  */
| #include <stdio.h>
| #ifdef HAVE_SYS_TYPES_H
| # include <sys/types.h>
| #endif
| #ifdef HAVE_SYS_STAT_H
| # include <sys/stat.h>
| #endif
| #ifdef STDC_HEADERS
| # include <stdlib.h>
| # include <stddef.h>
| #else
| # ifdef HAVE_STDLIB_H
| #  include <stdlib.h>
| # endif
| #endif
| #ifdef HAVE_STRING_H
| # if !defined STDC_HEADERS && defined HAVE_MEMORY_H
| #  include <memory.h>
| # endif
| # include <string.h>
| #endif
| #ifdef HAVE_STRINGS_H
| # include <strings.h>
| #endif
| #ifdef HAVE_INTTYPES_H
| # include <inttypes.h>
| #endif
| #ifdef HAVE_STDINT_H
| # include <stdint.h>
| #endif
| #ifdef HAVE_UNISTD_H
| # include <unistd.h>
| #endif
| int
| main ()
| {
| if (sizeof ((mode_t)))
| 	    return 0;
|   ;
|   return 0;
| }
configure:11167: result: yes
configure:11178: checking for off_t
configure:11178: gcc -c -g -O2  conftest.c >&5
configure:11178: $? = 0
configure:11178: gcc -c -g -O2  conftest.c >&5
conftest.c: In function 'main':
conftest.c:74:20: error: expected expression before ')' token
configure:11178: $? = 1
configure: failed program was:
| /* confdefs.h */
| #define PACKAGE_NAME "fakeroot"
| #define PACKAGE_TARNAME "fakeroot"
| #define PACKAGE_VERSION "1.14.4"
| #define PACKAGE_STRING "fakeroot 1.14.4"
| #define PACKAGE_BUGREPORT "schizo@debian.org"
| #define PACKAGE_URL ""
| #define PACKAGE "fakeroot"
| #define VERSION "1.14.4"
| #define STDC_HEADERS 1
| #define HAVE_SYS_TYPES_H 1
| #define HAVE_SYS_STAT_H 1
| #define HAVE_STDLIB_H 1
| #define HAVE_STRING_H 1
| #define HAVE_MEMORY_H 1
| #define HAVE_STRINGS_H 1
| #define HAVE_INTTYPES_H 1
| #define HAVE_STDINT_H 1
| #define HAVE_UNISTD_H 1
| #define HAVE_DLFCN_H 1
| #define LT_OBJDIR ".libs/"
| #define HAVE_LIBDL 1
| #define HAVE_DIRENT_H 1
| #define STDC_HEADERS 1
| #define HAVE_FCNTL_H 1
| #define HAVE_UNISTD_H 1
| #define HAVE_FEATURES_H 1
| #define HAVE_PTHREAD_H 1
| #define HAVE_STDINT_H 1
| #define HAVE_INTTYPES_H 1
| #define HAVE_GRP_H 1
| #define HAVE_ENDIAN_H 1
| #define HAVE_SYS_SYSMACROS_H 1
| #define HAVE_SYS_SOCKET_H 1
| #define HAVE_SYS_ACL_H 1
| #define HAVE_FTS_H 1
| /* end confdefs.h.  */
| #include <stdio.h>
| #ifdef HAVE_SYS_TYPES_H
| # include <sys/types.h>
| #endif
| #ifdef HAVE_SYS_STAT_H
| # include <sys/stat.h>
| #endif
| #ifdef STDC_HEADERS
| # include <stdlib.h>
| # include <stddef.h>
| #else
| # ifdef HAVE_STDLIB_H
| #  include <stdlib.h>
| # endif
| #endif
| #ifdef HAVE_STRING_H
| # if !defined STDC_HEADERS && defined HAVE_MEMORY_H
| #  include <memory.h>
| # endif
| # include <string.h>
| #endif
| #ifdef HAVE_STRINGS_H
| # include <strings.h>
| #endif
| #ifdef HAVE_INTTYPES_H
| # include <inttypes.h>
| #endif
| #ifdef HAVE_STDINT_H
| # include <stdint.h>
| #endif
| #ifdef HAVE_UNISTD_H
| # include <unistd.h>
| #endif
| int
| main ()
| {
| if (sizeof ((off_t)))
| 	    return 0;
|   ;
|   return 0;
| }
configure:11178: result: yes
configure:11189: checking for size_t
configure:11189: gcc -c -g -O2  conftest.c >&5
configure:11189: $? = 0
configure:11189: gcc -c -g -O2  conftest.c >&5
conftest.c: In function 'main':
conftest.c:74:21: error: expected expression before ')' token
configure:11189: $? = 1
configure: failed program was:
| /* confdefs.h */
| #define PACKAGE_NAME "fakeroot"
| #define PACKAGE_TARNAME "fakeroot"
| #define PACKAGE_VERSION "1.14.4"
| #define PACKAGE_STRING "fakeroot 1.14.4"
| #define PACKAGE_BUGREPORT "schizo@debian.org"
| #define PACKAGE_URL ""
| #define PACKAGE "fakeroot"
| #define VERSION "1.14.4"
| #define STDC_HEADERS 1
| #define HAVE_SYS_TYPES_H 1
| #define HAVE_SYS_STAT_H 1
| #define HAVE_STDLIB_H 1
| #define HAVE_STRING_H 1
| #define HAVE_MEMORY_H 1
| #define HAVE_STRINGS_H 1
| #define HAVE_INTTYPES_H 1
| #define HAVE_STDINT_H 1
| #define HAVE_UNISTD_H 1
| #define HAVE_DLFCN_H 1
| #define LT_OBJDIR ".libs/"
| #define HAVE_LIBDL 1
| #define HAVE_DIRENT_H 1
| #define STDC_HEADERS 1
| #define HAVE_FCNTL_H 1
| #define HAVE_UNISTD_H 1
| #define HAVE_FEATURES_H 1
| #define HAVE_PTHREAD_H 1
| #define HAVE_STDINT_H 1
| #define HAVE_INTTYPES_H 1
| #define HAVE_GRP_H 1
| #define HAVE_ENDIAN_H 1
| #define HAVE_SYS_SYSMACROS_H 1
| #define HAVE_SYS_SOCKET_H 1
| #define HAVE_SYS_ACL_H 1
| #define HAVE_FTS_H 1
| /* end confdefs.h.  */
| #include <stdio.h>
| #ifdef HAVE_SYS_TYPES_H
| # include <sys/types.h>
| #endif
| #ifdef HAVE_SYS_STAT_H
| # include <sys/stat.h>
| #endif
| #ifdef STDC_HEADERS
| # include <stdlib.h>
| # include <stddef.h>
| #else
| # ifdef HAVE_STDLIB_H
| #  include <stdlib.h>
| # endif
| #endif
| #ifdef HAVE_STRING_H
| # if !defined STDC_HEADERS && defined HAVE_MEMORY_H
| #  include <memory.h>
| # endif
| # include <string.h>
| #endif
| #ifdef HAVE_STRINGS_H
| # include <strings.h>
| #endif
| #ifdef HAVE_INTTYPES_H
| # include <inttypes.h>
| #endif
| #ifdef HAVE_STDINT_H
| # include <stdint.h>
| #endif
| #ifdef HAVE_UNISTD_H
| # include <unistd.h>
| #endif
| int
| main ()
| {
| if (sizeof ((size_t)))
| 	    return 0;
|   ;
|   return 0;
| }
configure:11189: result: yes
configure:11215: checking for return value and second and third argument of readlink
configure:11234: gcc -c -g -O2  conftest.c >&5
conftest.c:40:17: error: conflicting types for 'readlink'
/usr/include/i386-linux-gnu/bits/unistd.h:140:1: note: previous definition of 'readlink' was here
configure:11234: $? = 1
configure: failed program was:
| /* confdefs.h */
| #define PACKAGE_NAME "fakeroot"
| #define PACKAGE_TARNAME "fakeroot"
| #define PACKAGE_VERSION "1.14.4"
| #define PACKAGE_STRING "fakeroot 1.14.4"
| #define PACKAGE_BUGREPORT "schizo@debian.org"
| #define PACKAGE_URL ""
| #define PACKAGE "fakeroot"
| #define VERSION "1.14.4"
| #define STDC_HEADERS 1
| #define HAVE_SYS_TYPES_H 1
| #define HAVE_SYS_STAT_H 1
| #define HAVE_STDLIB_H 1
| #define HAVE_STRING_H 1
| #define HAVE_MEMORY_H 1
| #define HAVE_STRINGS_H 1
| #define HAVE_INTTYPES_H 1
| #define HAVE_STDINT_H 1
| #define HAVE_UNISTD_H 1
| #define HAVE_DLFCN_H 1
| #define LT_OBJDIR ".libs/"
| #define HAVE_LIBDL 1
| #define HAVE_DIRENT_H 1
| #define STDC_HEADERS 1
| #define HAVE_FCNTL_H 1
| #define HAVE_UNISTD_H 1
| #define HAVE_FEATURES_H 1
| #define HAVE_PTHREAD_H 1
| #define HAVE_STDINT_H 1
| #define HAVE_INTTYPES_H 1
| #define HAVE_GRP_H 1
| #define HAVE_ENDIAN_H 1
| #define HAVE_SYS_SYSMACROS_H 1
| #define HAVE_SYS_SOCKET_H 1
| #define HAVE_SYS_ACL_H 1
| #define HAVE_FTS_H 1
| #define FAKEROOT_ATTR(x) __attribute__ ((x))
| /* end confdefs.h.  */
| #include <unistd.h>
|         ssize_t readlink(const char *path, void *buf, size_t bufsiz);
| int
| main ()
| {
| puts("hello, world");
|   ;
|   return 0;
| }
configure:11234: gcc -c -g -O2  conftest.c >&5
conftest.c:40:17: error: conflicting types for 'readlink'
/usr/include/i386-linux-gnu/bits/unistd.h:140:1: note: previous definition of 'readlink' was here
configure:11234: $? = 1
configure: failed program was:
| /* confdefs.h */
| #define PACKAGE_NAME "fakeroot"
| #define PACKAGE_TARNAME "fakeroot"
| #define PACKAGE_VERSION "1.14.4"
| #define PACKAGE_STRING "fakeroot 1.14.4"
| #define PACKAGE_BUGREPORT "schizo@debian.org"
| #define PACKAGE_URL ""
| #define PACKAGE "fakeroot"
| #define VERSION "1.14.4"
| #define STDC_HEADERS 1
| #define HAVE_SYS_TYPES_H 1
| #define HAVE_SYS_STAT_H 1
| #define HAVE_STDLIB_H 1
| #define HAVE_STRING_H 1
| #define HAVE_MEMORY_H 1
| #define HAVE_STRINGS_H 1
| #define HAVE_INTTYPES_H 1
| #define HAVE_STDINT_H 1
| #define HAVE_UNISTD_H 1
| #define HAVE_DLFCN_H 1
| #define LT_OBJDIR ".libs/"
| #define HAVE_LIBDL 1
| #define HAVE_DIRENT_H 1
| #define STDC_HEADERS 1
| #define HAVE_FCNTL_H 1
| #define HAVE_UNISTD_H 1
| #define HAVE_FEATURES_H 1
| #define HAVE_PTHREAD_H 1
| #define HAVE_STDINT_H 1
| #define HAVE_INTTYPES_H 1
| #define HAVE_GRP_H 1
| #define HAVE_ENDIAN_H 1
| #define HAVE_SYS_SYSMACROS_H 1
| #define HAVE_SYS_SOCKET_H 1
| #define HAVE_SYS_ACL_H 1
| #define HAVE_FTS_H 1
| #define FAKEROOT_ATTR(x) __attribute__ ((x))
| /* end confdefs.h.  */
| #include <unistd.h>
|         ssize_t readlink(const char *path, void *buf, int bufsiz);
| int
| main ()
| {
| puts("hello, world");
|   ;
|   return 0;
| }
configure:11234: gcc -c -g -O2  conftest.c >&5
configure:11234: $? = 0
configure:11234: gcc -c -g -O2  conftest.c >&5
conftest.c:40:17: error: conflicting types for 'readlink'
/usr/include/i386-linux-gnu/bits/unistd.h:140:1: note: previous definition of 'readlink' was here
configure:11234: $? = 1
configure: failed program was:
| /* confdefs.h */
| #define PACKAGE_NAME "fakeroot"
| #define PACKAGE_TARNAME "fakeroot"
| #define PACKAGE_VERSION "1.14.4"
| #define PACKAGE_STRING "fakeroot 1.14.4"
| #define PACKAGE_BUGREPORT "schizo@debian.org"
| #define PACKAGE_URL ""
| #define PACKAGE "fakeroot"
| #define VERSION "1.14.4"
| #define STDC_HEADERS 1
| #define HAVE_SYS_TYPES_H 1
| #define HAVE_SYS_STAT_H 1
| #define HAVE_STDLIB_H 1
| #define HAVE_STRING_H 1
| #define HAVE_MEMORY_H 1
| #define HAVE_STRINGS_H 1
| #define HAVE_INTTYPES_H 1
| #define HAVE_STDINT_H 1
| #define HAVE_UNISTD_H 1
| #define HAVE_DLFCN_H 1
| #define LT_OBJDIR ".libs/"
| #define HAVE_LIBDL 1
| #define HAVE_DIRENT_H 1
| #define STDC_HEADERS 1
| #define HAVE_FCNTL_H 1
| #define HAVE_UNISTD_H 1
| #define HAVE_FEATURES_H 1
| #define HAVE_PTHREAD_H 1
| #define HAVE_STDINT_H 1
| #define HAVE_INTTYPES_H 1
| #define HAVE_GRP_H 1
| #define HAVE_ENDIAN_H 1
| #define HAVE_SYS_SYSMACROS_H 1
| #define HAVE_SYS_SOCKET_H 1
| #define HAVE_SYS_ACL_H 1
| #define HAVE_FTS_H 1
| #define FAKEROOT_ATTR(x) __attribute__ ((x))
| /* end confdefs.h.  */
| #include <unistd.h>
|         ssize_t readlink(const char *path, char *buf, int bufsiz);
| int
| main ()
| {
| puts("hello, world");
|   ;
|   return 0;
| }
configure:11234: gcc -c -g -O2  conftest.c >&5
conftest.c:40:13: error: conflicting types for 'readlink'
/usr/include/i386-linux-gnu/bits/unistd.h:140:1: note: previous definition of 'readlink' was here
configure:11234: $? = 1
configure: failed program was:
| /* confdefs.h */
| #define PACKAGE_NAME "fakeroot"
| #define PACKAGE_TARNAME "fakeroot"
| #define PACKAGE_VERSION "1.14.4"
| #define PACKAGE_STRING "fakeroot 1.14.4"
| #define PACKAGE_BUGREPORT "schizo@debian.org"
| #define PACKAGE_URL ""
| #define PACKAGE "fakeroot"
| #define VERSION "1.14.4"
| #define STDC_HEADERS 1
| #define HAVE_SYS_TYPES_H 1
| #define HAVE_SYS_STAT_H 1
| #define HAVE_STDLIB_H 1
| #define HAVE_STRING_H 1
| #define HAVE_MEMORY_H 1
| #define HAVE_STRINGS_H 1
| #define HAVE_INTTYPES_H 1
| #define HAVE_STDINT_H 1
| #define HAVE_UNISTD_H 1
| #define HAVE_DLFCN_H 1
| #define LT_OBJDIR ".libs/"
| #define HAVE_LIBDL 1
| #define HAVE_DIRENT_H 1
| #define STDC_HEADERS 1
| #define HAVE_FCNTL_H 1
| #define HAVE_UNISTD_H 1
| #define HAVE_FEATURES_H 1
| #define HAVE_PTHREAD_H 1
| #define HAVE_STDINT_H 1
| #define HAVE_INTTYPES_H 1
| #define HAVE_GRP_H 1
| #define HAVE_ENDIAN_H 1
| #define HAVE_SYS_SYSMACROS_H 1
| #define HAVE_SYS_SOCKET_H 1
| #define HAVE_SYS_ACL_H 1
| #define HAVE_FTS_H 1
| #define FAKEROOT_ATTR(x) __attribute__ ((x))
| /* end confdefs.h.  */
| #include <unistd.h>
|         int readlink(const char *path, void *buf, size_t bufsiz);
| int
| main ()
| {
| puts("hello, world");
|   ;
|   return 0;
| }
configure:11234: gcc -c -g -O2  conftest.c >&5
conftest.c:40:13: error: conflicting types for 'readlink'
/usr/include/i386-linux-gnu/bits/unistd.h:140:1: note: previous definition of 'readlink' was here
configure:11234: $? = 1
configure: failed program was:
| /* confdefs.h */
| #define PACKAGE_NAME "fakeroot"
| #define PACKAGE_TARNAME "fakeroot"
| #define PACKAGE_VERSION "1.14.4"
| #define PACKAGE_STRING "fakeroot 1.14.4"
| #define PACKAGE_BUGREPORT "schizo@debian.org"
| #define PACKAGE_URL ""
| #define PACKAGE "fakeroot"
| #define VERSION "1.14.4"
| #define STDC_HEADERS 1
| #define HAVE_SYS_TYPES_H 1
| #define HAVE_SYS_STAT_H 1
| #define HAVE_STDLIB_H 1
| #define HAVE_STRING_H 1
| #define HAVE_MEMORY_H 1
| #define HAVE_STRINGS_H 1
| #define HAVE_INTTYPES_H 1
| #define HAVE_STDINT_H 1
| #define HAVE_UNISTD_H 1
| #define HAVE_DLFCN_H 1
| #define LT_OBJDIR ".libs/"
| #define HAVE_LIBDL 1
| #define HAVE_DIRENT_H 1
| #define STDC_HEADERS 1
| #define HAVE_FCNTL_H 1
| #define HAVE_UNISTD_H 1
| #define HAVE_FEATURES_H 1
| #define HAVE_PTHREAD_H 1
| #define HAVE_STDINT_H 1
| #define HAVE_INTTYPES_H 1
| #define HAVE_GRP_H 1
| #define HAVE_ENDIAN_H 1
| #define HAVE_SYS_SYSMACROS_H 1
| #define HAVE_SYS_SOCKET_H 1
| #define HAVE_SYS_ACL_H 1
| #define HAVE_FTS_H 1
| #define FAKEROOT_ATTR(x) __attribute__ ((x))
| /* end confdefs.h.  */
| #include <unistd.h>
|         int readlink(const char *path, void *buf, int bufsiz);
| int
| main ()
| {
| puts("hello, world");
|   ;
|   return 0;
| }
configure:11234: gcc -c -g -O2  conftest.c >&5
configure:11234: $? = 0
configure:11234: gcc -c -g -O2  conftest.c >&5
conftest.c:40:13: error: conflicting types for 'readlink'
/usr/include/i386-linux-gnu/bits/unistd.h:140:1: note: previous definition of 'readlink' was here
configure:11234: $? = 1
configure: failed program was:
| /* confdefs.h */
| #define PACKAGE_NAME "fakeroot"
| #define PACKAGE_TARNAME "fakeroot"
| #define PACKAGE_VERSION "1.14.4"
| #define PACKAGE_STRING "fakeroot 1.14.4"
| #define PACKAGE_BUGREPORT "schizo@debian.org"
| #define PACKAGE_URL ""
| #define PACKAGE "fakeroot"
| #define VERSION "1.14.4"
| #define STDC_HEADERS 1
| #define HAVE_SYS_TYPES_H 1
| #define HAVE_SYS_STAT_H 1
| #define HAVE_STDLIB_H 1
| #define HAVE_STRING_H 1
| #define HAVE_MEMORY_H 1
| #define HAVE_STRINGS_H 1
| #define HAVE_INTTYPES_H 1
| #define HAVE_STDINT_H 1
| #define HAVE_UNISTD_H 1
| #define HAVE_DLFCN_H 1
| #define LT_OBJDIR ".libs/"
| #define HAVE_LIBDL 1
| #define HAVE_DIRENT_H 1
| #define STDC_HEADERS 1
| #define HAVE_FCNTL_H 1
| #define HAVE_UNISTD_H 1
| #define HAVE_FEATURES_H 1
| #define HAVE_PTHREAD_H 1
| #define HAVE_STDINT_H 1
| #define HAVE_INTTYPES_H 1
| #define HAVE_GRP_H 1
| #define HAVE_ENDIAN_H 1
| #define HAVE_SYS_SYSMACROS_H 1
| #define HAVE_SYS_SOCKET_H 1
| #define HAVE_SYS_ACL_H 1
| #define HAVE_FTS_H 1
| #define FAKEROOT_ATTR(x) __attribute__ ((x))
| /* end confdefs.h.  */
| #include <unistd.h>
|         int readlink(const char *path, char *buf, int bufsiz);
| int
| main ()
| {
| puts("hello, world");
|   ;
|   return 0;
| }
configure:11244: result: int, char, size_t
configure:11262: checking for first argument of setgroups
configure:11285: gcc -c -g -O2  conftest.c >&5
configure:11285: $? = 0
configure:11285: gcc -c -g -O2  conftest.c >&5
conftest.c:50:7: error: conflicting types for 'setgroups'
/usr/include/grp.h:182:12: note: previous declaration of 'setgroups' was here
configure:11285: $? = 1
configure: failed program was:
| /* confdefs.h */
| #define PACKAGE_NAME "fakeroot"
| #define PACKAGE_TARNAME "fakeroot"
| #define PACKAGE_VERSION "1.14.4"
| #define PACKAGE_STRING "fakeroot 1.14.4"
| #define PACKAGE_BUGREPORT "schizo@debian.org"
| #define PACKAGE_URL ""
| #define PACKAGE "fakeroot"
| #define VERSION "1.14.4"
| #define STDC_HEADERS 1
| #define HAVE_SYS_TYPES_H 1
| #define HAVE_SYS_STAT_H 1
| #define HAVE_STDLIB_H 1
| #define HAVE_STRING_H 1
| #define HAVE_MEMORY_H 1
| #define HAVE_STRINGS_H 1
| #define HAVE_INTTYPES_H 1
| #define HAVE_STDINT_H 1
| #define HAVE_UNISTD_H 1
| #define HAVE_DLFCN_H 1
| #define LT_OBJDIR ".libs/"
| #define HAVE_LIBDL 1
| #define HAVE_DIRENT_H 1
| #define STDC_HEADERS 1
| #define HAVE_FCNTL_H 1
| #define HAVE_UNISTD_H 1
| #define HAVE_FEATURES_H 1
| #define HAVE_PTHREAD_H 1
| #define HAVE_STDINT_H 1
| #define HAVE_INTTYPES_H 1
| #define HAVE_GRP_H 1
| #define HAVE_ENDIAN_H 1
| #define HAVE_SYS_SYSMACROS_H 1
| #define HAVE_SYS_SOCKET_H 1
| #define HAVE_SYS_ACL_H 1
| #define HAVE_FTS_H 1
| #define FAKEROOT_ATTR(x) __attribute__ ((x))
| #define READLINK_RETVAL_TYPE int
| #define READLINK_BUF_TYPE char
| #define READLINK_BUFSIZE_TYPE size_t
| /* end confdefs.h.  */
| #define _BSD_SOURCE
| #ifdef HAVE_SYS_TYPES_H
| #include <sys/types.h>
| #endif
| #include <unistd.h>
| #ifdef HAVE_GRP_H
| #include <grp.h>
| #endif
|   int setgroups(int size, const gid_t *list);
| int
| main ()
| {
| puts("hello, world");
|   ;
|   return 0;
| }
configure:11290: result: size_t
configure:11300: checking for union semun
configure:11319: gcc -c -g -O2  conftest.c >&5
conftest.c: In function 'main':
conftest.c:52:20: error: storage size of 's' isn't known
configure:11319: $? = 1
configure: failed program was:
| /* confdefs.h */
| #define PACKAGE_NAME "fakeroot"
| #define PACKAGE_TARNAME "fakeroot"
| #define PACKAGE_VERSION "1.14.4"
| #define PACKAGE_STRING "fakeroot 1.14.4"
| #define PACKAGE_BUGREPORT "schizo@debian.org"
| #define PACKAGE_URL ""
| #define PACKAGE "fakeroot"
| #define VERSION "1.14.4"
| #define STDC_HEADERS 1
| #define HAVE_SYS_TYPES_H 1
| #define HAVE_SYS_STAT_H 1
| #define HAVE_STDLIB_H 1
| #define HAVE_STRING_H 1
| #define HAVE_MEMORY_H 1
| #define HAVE_STRINGS_H 1
| #define HAVE_INTTYPES_H 1
| #define HAVE_STDINT_H 1
| #define HAVE_UNISTD_H 1
| #define HAVE_DLFCN_H 1
| #define LT_OBJDIR ".libs/"
| #define HAVE_LIBDL 1
| #define HAVE_DIRENT_H 1
| #define STDC_HEADERS 1
| #define HAVE_FCNTL_H 1
| #define HAVE_UNISTD_H 1
| #define HAVE_FEATURES_H 1
| #define HAVE_PTHREAD_H 1
| #define HAVE_STDINT_H 1
| #define HAVE_INTTYPES_H 1
| #define HAVE_GRP_H 1
| #define HAVE_ENDIAN_H 1
| #define HAVE_SYS_SYSMACROS_H 1
| #define HAVE_SYS_SOCKET_H 1
| #define HAVE_SYS_ACL_H 1
| #define HAVE_FTS_H 1
| #define FAKEROOT_ATTR(x) __attribute__ ((x))
| #define READLINK_RETVAL_TYPE int
| #define READLINK_BUF_TYPE char
| #define READLINK_BUFSIZE_TYPE size_t
| #define SETGROUPS_SIZE_TYPE size_t
| /* end confdefs.h.  */
| 
|        # include <sys/types.h>
|        # include <sys/ipc.h>
|        # include <sys/sem.h>
| 
| int
| main ()
| {
| 
|        union semun s;
| 
|   ;
|   return 0;
| }
configure:11326: result: no
configure:11333: checking for type of arg of __xmknod
configure:11355: gcc -c -g -O2  conftest.c >&5
conftest.c: In function 'main':
conftest.c:53:12: error: conflicting types for '__xmknod'
/usr/include/i386-linux-gnu/sys/stat.h:444:12: note: previous declaration of '__xmknod' was here
configure:11355: $? = 1
configure: failed program was:
| /* confdefs.h */
| #define PACKAGE_NAME "fakeroot"
| #define PACKAGE_TARNAME "fakeroot"
| #define PACKAGE_VERSION "1.14.4"
| #define PACKAGE_STRING "fakeroot 1.14.4"
| #define PACKAGE_BUGREPORT "schizo@debian.org"
| #define PACKAGE_URL ""
| #define PACKAGE "fakeroot"
| #define VERSION "1.14.4"
| #define STDC_HEADERS 1
| #define HAVE_SYS_TYPES_H 1
| #define HAVE_SYS_STAT_H 1
| #define HAVE_STDLIB_H 1
| #define HAVE_STRING_H 1
| #define HAVE_MEMORY_H 1
| #define HAVE_STRINGS_H 1
| #define HAVE_INTTYPES_H 1
| #define HAVE_STDINT_H 1
| #define HAVE_UNISTD_H 1
| #define HAVE_DLFCN_H 1
| #define LT_OBJDIR ".libs/"
| #define HAVE_LIBDL 1
| #define HAVE_DIRENT_H 1
| #define STDC_HEADERS 1
| #define HAVE_FCNTL_H 1
| #define HAVE_UNISTD_H 1
| #define HAVE_FEATURES_H 1
| #define HAVE_PTHREAD_H 1
| #define HAVE_STDINT_H 1
| #define HAVE_INTTYPES_H 1
| #define HAVE_GRP_H 1
| #define HAVE_ENDIAN_H 1
| #define HAVE_SYS_SYSMACROS_H 1
| #define HAVE_SYS_SOCKET_H 1
| #define HAVE_SYS_ACL_H 1
| #define HAVE_FTS_H 1
| #define FAKEROOT_ATTR(x) __attribute__ ((x))
| #define READLINK_RETVAL_TYPE int
| #define READLINK_BUF_TYPE char
| #define READLINK_BUFSIZE_TYPE size_t
| #define SETGROUPS_SIZE_TYPE size_t
| /* end confdefs.h.  */
| 
|        #include <sys/types.h>
|        #include <sys/stat.h>
|        #include <fcntl.h>
|        #include <unistd.h>
| 
| int
| main ()
| {
| 
|        int __xmknod  ( int ver,
|                        const char *pathname ,
|                        mode_t  mode ,  dev_t dev);
| 
|   ;
|   return 0;
| }
configure:11366: result: needs *
configure:11374: checking for type of arg of __xmknodat
configure:11397: gcc -c -g -O2  conftest.c >&5
conftest.c: In function 'main':
conftest.c:54:12: error: conflicting types for '__xmknodat'
/usr/include/i386-linux-gnu/sys/stat.h:447:12: note: previous declaration of '__xmknodat' was here
configure:11397: $? = 1
configure: failed program was:
| /* confdefs.h */
| #define PACKAGE_NAME "fakeroot"
| #define PACKAGE_TARNAME "fakeroot"
| #define PACKAGE_VERSION "1.14.4"
| #define PACKAGE_STRING "fakeroot 1.14.4"
| #define PACKAGE_BUGREPORT "schizo@debian.org"
| #define PACKAGE_URL ""
| #define PACKAGE "fakeroot"
| #define VERSION "1.14.4"
| #define STDC_HEADERS 1
| #define HAVE_SYS_TYPES_H 1
| #define HAVE_SYS_STAT_H 1
| #define HAVE_STDLIB_H 1
| #define HAVE_STRING_H 1
| #define HAVE_MEMORY_H 1
| #define HAVE_STRINGS_H 1
| #define HAVE_INTTYPES_H 1
| #define HAVE_STDINT_H 1
| #define HAVE_UNISTD_H 1
| #define HAVE_DLFCN_H 1
| #define LT_OBJDIR ".libs/"
| #define HAVE_LIBDL 1
| #define HAVE_DIRENT_H 1
| #define STDC_HEADERS 1
| #define HAVE_FCNTL_H 1
| #define HAVE_UNISTD_H 1
| #define HAVE_FEATURES_H 1
| #define HAVE_PTHREAD_H 1
| #define HAVE_STDINT_H 1
| #define HAVE_INTTYPES_H 1
| #define HAVE_GRP_H 1
| #define HAVE_ENDIAN_H 1
| #define HAVE_SYS_SYSMACROS_H 1
| #define HAVE_SYS_SOCKET_H 1
| #define HAVE_SYS_ACL_H 1
| #define HAVE_FTS_H 1
| #define FAKEROOT_ATTR(x) __attribute__ ((x))
| #define READLINK_RETVAL_TYPE int
| #define READLINK_BUF_TYPE char
| #define READLINK_BUFSIZE_TYPE size_t
| #define SETGROUPS_SIZE_TYPE size_t
| #define XMKNOD_FRTH_ARG *
| /* end confdefs.h.  */
| 
|        #include <sys/types.h>
|        #include <sys/stat.h>
|        #include <fcntl.h>
|        #include <unistd.h>
| 
| int
| main ()
| {
| 
|        int __xmknodat  ( int ver,
|                          int dirfd,
|                          const char *pathname ,
|                          mode_t  mode ,  dev_t dev);
| 
|   ;
|   return 0;
| }
configure:11408: result: needs *
configure:11416: checking for type of arg of initgroups
configure:11434: gcc -c -g -O2  conftest.c >&5
configure:11434: $? = 0
configure:11438: result: gid_t
configure:11452: checking for type of arg of setreuid
configure:11470: gcc -c -g -O2  conftest.c >&5
configure:11470: $? = 0
configure:11474: result: gid_t
configure:11488: checking for type of arg of setregid
configure:11506: gcc -c -g -O2  conftest.c >&5
configure:11506: $? = 0
configure:11510: result: gid_t
configure:11524: checking for type of second arg to stat
configure:11543: gcc -c -g -O2  conftest.c >&5
configure:11543: $? = 0
configure:11547: result: struct stat *
configure:11587: checking for d_off in struct dirent
configure:11607: gcc -c -g -O2  conftest.c >&5
configure:11607: $? = 0
configure:11612: result: yes
configure:11587: checking for d_type in struct dirent
configure:11607: gcc -c -g -O2  conftest.c >&5
configure:11607: $? = 0
configure:11612: result: yes
configure:11626: checking for fchmodat
configure:11626: gcc -o conftest -g -O2   conftest.c -ldl  >&5
configure:11626: $? = 0
configure:11626: result: yes
configure:11626: checking for fchownat
configure:11626: gcc -o conftest -g -O2   conftest.c -ldl  >&5
configure:11626: $? = 0
configure:11626: result: yes
configure:11626: checking for fstatat
configure:11626: gcc -o conftest -g -O2   conftest.c -ldl  >&5
configure:11626: $? = 0
configure:11626: result: yes
configure:11626: checking for mkdirat
configure:11626: gcc -o conftest -g -O2   conftest.c -ldl  >&5
configure:11626: $? = 0
configure:11626: result: yes
configure:11626: checking for mknodat
configure:11626: gcc -o conftest -g -O2   conftest.c -ldl  >&5
configure:11626: $? = 0
configure:11626: result: yes
configure:11626: checking for openat
configure:11626: gcc -o conftest -g -O2   conftest.c -ldl  >&5
configure:11626: $? = 0
configure:11626: result: yes
configure:11626: checking for renameat
configure:11626: gcc -o conftest -g -O2   conftest.c -ldl  >&5
configure:11626: $? = 0
configure:11626: result: yes
configure:11626: checking for unlinkat
configure:11626: gcc -o conftest -g -O2   conftest.c -ldl  >&5
configure:11626: $? = 0
configure:11626: result: yes
configure:11648: checking for __xstat
configure:11648: gcc -o conftest -g -O2   conftest.c -ldl  >&5
configure:11648: $? = 0
configure:11648: result: yes
configure:11648: checking for __fxstat
configure:11648: gcc -o conftest -g -O2   conftest.c -ldl  >&5
configure:11648: $? = 0
configure:11648: result: yes
configure:11648: checking for __lxstat
configure:11648: gcc -o conftest -g -O2   conftest.c -ldl  >&5
configure:11648: $? = 0
configure:11648: result: yes
configure:11648: checking for __fxstatat
configure:11648: gcc -o conftest -g -O2   conftest.c -ldl  >&5
configure:11648: $? = 0
configure:11648: result: yes
configure:11648: checking for __xstat64
configure:11648: gcc -o conftest -g -O2   conftest.c -ldl  >&5
configure:11648: $? = 0
configure:11648: result: yes
configure:11648: checking for __fxstat64
configure:11648: gcc -o conftest -g -O2   conftest.c -ldl  >&5
configure:11648: $? = 0
configure:11648: result: yes
configure:11648: checking for __lxstat64
configure:11648: gcc -o conftest -g -O2   conftest.c -ldl  >&5
configure:11648: $? = 0
configure:11648: result: yes
configure:11648: checking for __fxstatat64
configure:11648: gcc -o conftest -g -O2   conftest.c -ldl  >&5
configure:11648: $? = 0
configure:11648: result: yes
configure:11648: checking for __xmknod
configure:11648: gcc -o conftest -g -O2   conftest.c -ldl  >&5
configure:11648: $? = 0
configure:11648: result: yes
configure:11648: checking for __xmknodat
configure:11648: gcc -o conftest -g -O2   conftest.c -ldl  >&5
configure:11648: $? = 0
configure:11648: result: yes
configure:11719: result: created fakerootconfig.h
configure:11793: checking for strdup
configure:11793: gcc -o conftest -g -O2   conftest.c -ldl  >&5
conftest.c:133:6: warning: conflicting types for built-in function 'strdup' [enabled by default]
configure:11793: $? = 0
configure:11793: result: yes
configure:11793: checking for strstr
configure:11793: gcc -o conftest -g -O2   conftest.c -ldl  >&5
conftest.c:134:6: warning: conflicting types for built-in function 'strstr' [enabled by default]
configure:11793: $? = 0
configure:11793: result: yes
configure:11793: checking for getresuid
configure:11793: gcc -o conftest -g -O2   conftest.c -ldl  >&5
configure:11793: $? = 0
configure:11793: result: yes
configure:11793: checking for setresuid
configure:11793: gcc -o conftest -g -O2   conftest.c -ldl  >&5
configure:11793: $? = 0
configure:11793: result: yes
configure:11793: checking for getresgid
configure:11793: gcc -o conftest -g -O2   conftest.c -ldl  >&5
configure:11793: $? = 0
configure:11793: result: yes
configure:11793: checking for setresgid
configure:11793: gcc -o conftest -g -O2   conftest.c -ldl  >&5
configure:11793: $? = 0
configure:11793: result: yes
configure:11793: checking for setfsuid
configure:11793: gcc -o conftest -g -O2   conftest.c -ldl  >&5
configure:11793: $? = 0
configure:11793: result: yes
configure:11793: checking for setfsgid
configure:11793: gcc -o conftest -g -O2   conftest.c -ldl  >&5
configure:11793: $? = 0
configure:11793: result: yes
configure:11793: checking for fts_read
configure:11793: gcc -o conftest -g -O2   conftest.c -ldl  >&5
configure:11793: $? = 0
configure:11793: result: yes
configure:11793: checking for fts_children
configure:11793: gcc -o conftest -g -O2   conftest.c -ldl  >&5
configure:11793: $? = 0
configure:11793: result: yes
configure:11804: checking whether setenv is declared
configure:11804: gcc -c -g -O2  conftest.c >&5
configure:11804: $? = 0
configure:11804: result: yes
configure:11814: checking whether unsetenv is declared
configure:11814: gcc -c -g -O2  conftest.c >&5
configure:11814: $? = 0
configure:11814: result: yes
configure:11827: checking for setenv
configure:11827: gcc -o conftest -g -O2   conftest.c -ldl  >&5
configure:11827: $? = 0
configure:11827: result: yes
configure:11856: gcc -o conftest -g -O2   conftest.c -ldl  >&5
configure:11856: $? = 0
configure:11896: checking for MacOS X/Darwin
configure:11913: gcc -E  conftest.c
conftest.c:126:9: error: #error We are somewhere better
configure:11913: $? = 1
configure: failed program was:
| /* confdefs.h */
| #define PACKAGE_NAME "fakeroot"
| #define PACKAGE_TARNAME "fakeroot"
| #define PACKAGE_VERSION "1.14.4"
| #define PACKAGE_STRING "fakeroot 1.14.4"
| #define PACKAGE_BUGREPORT "schizo@debian.org"
| #define PACKAGE_URL ""
| #define PACKAGE "fakeroot"
| #define VERSION "1.14.4"
| #define STDC_HEADERS 1
| #define HAVE_SYS_TYPES_H 1
| #define HAVE_SYS_STAT_H 1
| #define HAVE_STDLIB_H 1
| #define HAVE_STRING_H 1
| #define HAVE_MEMORY_H 1
| #define HAVE_STRINGS_H 1
| #define HAVE_INTTYPES_H 1
| #define HAVE_STDINT_H 1
| #define HAVE_UNISTD_H 1
| #define HAVE_DLFCN_H 1
| #define LT_OBJDIR ".libs/"
| #define HAVE_LIBDL 1
| #define HAVE_DIRENT_H 1
| #define STDC_HEADERS 1
| #define HAVE_FCNTL_H 1
| #define HAVE_UNISTD_H 1
| #define HAVE_FEATURES_H 1
| #define HAVE_PTHREAD_H 1
| #define HAVE_STDINT_H 1
| #define HAVE_INTTYPES_H 1
| #define HAVE_GRP_H 1
| #define HAVE_ENDIAN_H 1
| #define HAVE_SYS_SYSMACROS_H 1
| #define HAVE_SYS_SOCKET_H 1
| #define HAVE_SYS_ACL_H 1
| #define HAVE_FTS_H 1
| #define FAKEROOT_ATTR(x) __attribute__ ((x))
| #define READLINK_RETVAL_TYPE int
| #define READLINK_BUF_TYPE char
| #define READLINK_BUFSIZE_TYPE size_t
| #define SETGROUPS_SIZE_TYPE size_t
| #define XMKNOD_FRTH_ARG *
| #define XMKNODAT_FIFTH_ARG *
| #define INITGROUPS_SECOND_ARG gid_t
| #define SETREUID_ARG gid_t
| #define SETREGID_ARG gid_t
| #define STAT_SECOND_ARG struct stat *
| #define STAT_HAS_d_off 1
| #define STAT_HAS_d_type 1
| #define HAVE_FCHMODAT 1
| #define HAVE_FCHOWNAT 1
| #define HAVE_FSTATAT 1
| #define HAVE_MKDIRAT 1
| #define HAVE_MKNODAT 1
| #define HAVE_OPENAT 1
| #define HAVE_RENAMEAT 1
| #define HAVE_UNLINKAT 1
| #define HAVE___XSTAT 1
| #define WRAP_STAT __xstat
| #define WRAP_STAT_QUOTE "__xstat"
| #define TMP_STAT tmp___xstat
| #define NEXT_STAT_NOARG next___xstat
| #define HAVE___FXSTAT 1
| #define WRAP_FSTAT __fxstat
| #define WRAP_FSTAT_QUOTE "__fxstat"
| #define TMP_FSTAT tmp___fxstat
| #define NEXT_FSTAT_NOARG next___fxstat
| #define HAVE___LXSTAT 1
| #define WRAP_LSTAT __lxstat
| #define WRAP_LSTAT_QUOTE "__lxstat"
| #define TMP_LSTAT tmp___lxstat
| #define NEXT_LSTAT_NOARG next___lxstat
| #define HAVE___FXSTATAT 1
| #define WRAP_FSTATAT __fxstatat
| #define WRAP_FSTATAT_QUOTE "__fxstatat"
| #define TMP_FSTATAT tmp___fxstatat
| #define NEXT_FSTATAT_NOARG next___fxstatat
| #define HAVE___XSTAT64 1
| #define WRAP_STAT64 __xstat64
| #define WRAP_STAT64_QUOTE "__xstat64"
| #define TMP_STAT64 tmp___xstat64
| #define NEXT_STAT64_NOARG next___xstat64
| #define HAVE___FXSTAT64 1
| #define WRAP_FSTAT64 __fxstat64
| #define WRAP_FSTAT64_QUOTE "__fxstat64"
| #define TMP_FSTAT64 tmp___fxstat64
| #define NEXT_FSTAT64_NOARG next___fxstat64
| #define HAVE___LXSTAT64 1
| #define WRAP_LSTAT64 __lxstat64
| #define WRAP_LSTAT64_QUOTE "__lxstat64"
| #define TMP_LSTAT64 tmp___lxstat64
| #define NEXT_LSTAT64_NOARG next___lxstat64
| #define HAVE___FXSTATAT64 1
| #define WRAP_FSTATAT64 __fxstatat64
| #define WRAP_FSTATAT64_QUOTE "__fxstatat64"
| #define TMP_FSTATAT64 tmp___fxstatat64
| #define NEXT_FSTATAT64_NOARG next___fxstatat64
| #define HAVE___XMKNOD 1
| #define WRAP_MKNOD __xmknod
| #define WRAP_MKNOD_QUOTE "__xmknod"
| #define TMP_MKNOD tmp___xmknod
| #define NEXT_MKNOD_NOARG next___xmknod
| #define HAVE___XMKNODAT 1
| #define WRAP_MKNODAT __xmknodat
| #define WRAP_MKNODAT_QUOTE "__xmknodat"
| #define TMP_MKNODAT tmp___xmknodat
| #define NEXT_MKNODAT_NOARG next___xmknodat
| #define LIBCPATH "/lib/libc.so.6"
| #define HAVE_STRDUP 1
| #define HAVE_STRSTR 1
| #define HAVE_GETRESUID 1
| #define HAVE_SETRESUID 1
| #define HAVE_GETRESGID 1
| #define HAVE_SETRESGID 1
| #define HAVE_SETFSUID 1
| #define HAVE_SETFSGID 1
| #define HAVE_FTS_READ 1
| #define HAVE_FTS_CHILDREN 1
| #define HAVE_DECL_SETENV 1
| #define HAVE_DECL_UNSETENV 1
| #define HAVE_SETENV 1
| #define HAVE_BUILTIN_EXPECT 1
| /* end confdefs.h.  */
| 
|        #ifndef __APPLE__
|        #error We are somewhere better
|        #endif
| 
| int
| main ()
| {
| 
|   ;
|   return 0;
| }
configure:11918: result: no
configure:12061: creating ./config.status

## ---------------------- ##
## Running config.status. ##
## ---------------------- ##

This file was extended by fakeroot config.status 1.14.4, which was
generated by GNU Autoconf 2.64.  Invocation command line was

  CONFIG_FILES    = 
  CONFIG_HEADERS  = 
  CONFIG_LINKS    = 
  CONFIG_COMMANDS = 
  $ ./config.status 

on tdt4258-VirtualBox

config.status:1186: creating Makefile
config.status:1186: creating scripts/Makefile
config.status:1186: creating doc/Makefile
config.status:1186: creating doc/es/Makefile
config.status:1186: creating doc/fr/Makefile
config.status:1186: creating doc/nl/Makefile
config.status:1186: creating doc/sv/Makefile
config.status:1186: creating test/Makefile
config.status:1186: creating test/defs
config.status:1186: creating config.h
config.status:1406: executing depfiles commands
config.status:1406: executing libtool commands

## ---------------- ##
## Cache variables. ##
## ---------------- ##

ac_cv_build=i686-pc-linux-gnu
ac_cv_c_compiler_gnu=yes
ac_cv_c_const=yes
ac_cv_dbformat=inode
ac_cv_env_CC_set=
ac_cv_env_CC_value=
ac_cv_env_CFLAGS_set=
ac_cv_env_CFLAGS_value=
ac_cv_env_CPPFLAGS_set=
ac_cv_env_CPPFLAGS_value=
ac_cv_env_CPP_set=
ac_cv_env_CPP_value=
ac_cv_env_LDFLAGS_set=
ac_cv_env_LDFLAGS_value=
ac_cv_env_LIBS_set=
ac_cv_env_LIBS_value=
ac_cv_env_build_alias_set=
ac_cv_env_build_alias_value=
ac_cv_env_host_alias_set=
ac_cv_env_host_alias_value=
ac_cv_env_target_alias_set=
ac_cv_env_target_alias_value=
ac_cv_func___fxstat64=yes
ac_cv_func___fxstat=yes
ac_cv_func___fxstatat64=yes
ac_cv_func___fxstatat=yes
ac_cv_func___lxstat64=yes
ac_cv_func___lxstat=yes
ac_cv_func___xmknod=yes
ac_cv_func___xmknodat=yes
ac_cv_func___xstat64=yes
ac_cv_func___xstat=yes
ac_cv_func_fchmodat=yes
ac_cv_func_fchownat=yes
ac_cv_func_fstatat=yes
ac_cv_func_fts_children=yes
ac_cv_func_fts_read=yes
ac_cv_func_getresgid=yes
ac_cv_func_getresuid=yes
ac_cv_func_mkdirat=yes
ac_cv_func_mknodat=yes
ac_cv_func_openat=yes
ac_cv_func_renameat=yes
ac_cv_func_setenv=yes
ac_cv_func_setfsgid=yes
ac_cv_func_setfsuid=yes
ac_cv_func_setresgid=yes
ac_cv_func_setresuid=yes
ac_cv_func_strdup=yes
ac_cv_func_strstr=yes
ac_cv_func_unlinkat=yes
ac_cv_have_decl_setenv=yes
ac_cv_have_decl_unsetenv=yes
ac_cv_header_dirent_dirent_h=yes
ac_cv_header_dlfcn_h=yes
ac_cv_header_endian_h=yes
ac_cv_header_fcntl_h=yes
ac_cv_header_features_h=yes
ac_cv_header_fts_h=yes
ac_cv_header_grp_h=yes
ac_cv_header_inttypes_h=yes
ac_cv_header_memory_h=yes
ac_cv_header_pthread_h=yes
ac_cv_header_stdc=yes
ac_cv_header_stdint_h=yes
ac_cv_header_stdlib_h=yes
ac_cv_header_string_h=yes
ac_cv_header_strings_h=yes
ac_cv_header_sys_acl_h=yes
ac_cv_header_sys_feature_tests_h=no
ac_cv_header_sys_socket_h=yes
ac_cv_header_sys_stat_h=yes
ac_cv_header_sys_sysmacros_h=yes
ac_cv_header_sys_types_h=yes
ac_cv_header_unistd_h=yes
ac_cv_host=i686-pc-linux-gnu
ac_cv_lib_dl_dlopen=yes
ac_cv_objext=o
ac_cv_path_EGREP='/bin/grep -E'
ac_cv_path_FGREP='/bin/grep -F'
ac_cv_path_GREP=/bin/grep
ac_cv_path_SED=/opt/ex3/ptxdist-2013/lib/ptxdist-2013.07.1/bin/sed
ac_cv_path_install='/opt/ex3/ptxdist-2013/lib/ptxdist-2013.07.1/bin/install -c'
ac_cv_path_mkdir=/opt/ex3/ptxdist-2013/lib/ptxdist-2013.07.1/bin/mkdir
ac_cv_prog_AWK=gawk
ac_cv_prog_CPP='gcc -E'
ac_cv_prog_ac_ct_AR=ar
ac_cv_prog_ac_ct_CC=gcc
ac_cv_prog_ac_ct_OBJDUMP=objdump
ac_cv_prog_ac_ct_RANLIB=ranlib
ac_cv_prog_ac_ct_STRIP=strip
ac_cv_prog_cc_c89=
ac_cv_prog_cc_g=yes
ac_cv_prog_make_make_set=yes
ac_cv_search_opendir='none required'
ac_cv_target=i686-pc-linux-gnu
ac_cv_type_mode_t=yes
ac_cv_type_off_t=yes
ac_cv_type_size_t=yes
ac_cv_use_ipc=sysv
am_cv_CC_dependencies_compiler_type=gcc3
lt_cv_deplibs_check_method=pass_all
lt_cv_file_magic_cmd='$MAGIC_CMD'
lt_cv_file_magic_test_file=
lt_cv_ld_reload_flag=-r
lt_cv_nm_interface='BSD nm'
lt_cv_objdir=.libs
lt_cv_path_LD=/usr/bin/ld
lt_cv_path_NM='/usr/bin/nm -B'
lt_cv_prog_compiler_c_o=yes
lt_cv_prog_compiler_pic_works=yes
lt_cv_prog_compiler_rtti_exceptions=no
lt_cv_prog_compiler_static_works=yes
lt_cv_prog_gnu_ld=yes
lt_cv_sys_global_symbol_pipe='sed -n -e '\''s/^.*[	 ]\([ABCDGIRSTW][ABCDGIRSTW]*\)[	 ][	 ]*\([_A-Za-z][_A-Za-z0-9]*\)$/\1 \2 \2/p'\'''
lt_cv_sys_global_symbol_to_c_name_address='sed -n -e '\''s/^: \([^ ]*\) $/  {\"\1\", (void *) 0},/p'\'' -e '\''s/^[ABCDGIRSTW]* \([^ ]*\) \([^ ]*\)$/  {"\2", (void *) \&\2},/p'\'''
lt_cv_sys_global_symbol_to_c_name_address_lib_prefix='sed -n -e '\''s/^: \([^ ]*\) $/  {\"\1\", (void *) 0},/p'\'' -e '\''s/^[ABCDGIRSTW]* \([^ ]*\) \(lib[^ ]*\)$/  {"\2", (void *) \&\2},/p'\'' -e '\''s/^[ABCDGIRSTW]* \([^ ]*\) \([^ ]*\)$/  {"lib\2", (void *) \&\2},/p'\'''
lt_cv_sys_global_symbol_to_cdecl='sed -n -e '\''s/^T .* \(.*\)$/extern int \1();/p'\'' -e '\''s/^[ABCDGIRSTW]* .* \(.*\)$/extern char \1;/p'\'''
lt_cv_sys_max_cmd_len=805306365

## ----------------- ##
## Output variables. ##
## ----------------- ##

ACLOCAL='${SHELL} /home/tdt4258/Downloads/OSELAS.BSP-EnergyMicro-Gecko/platform-energymicro-efm32gg-dk3750/build-host/fakeroot-1.14.4/missing --run aclocal-1.11'
AMDEPBACKSLASH='\'
AMDEP_FALSE='#'
AMDEP_TRUE=''
AMTAR='${SHELL} /home/tdt4258/Downloads/OSELAS.BSP-EnergyMicro-Gecko/platform-energymicro-efm32gg-dk3750/build-host/fakeroot-1.14.4/missing --run tar'
AR='ar'
AUTOCONF='${SHELL} /home/tdt4258/Downloads/OSELAS.BSP-EnergyMicro-Gecko/platform-energymicro-efm32gg-dk3750/build-host/fakeroot-1.14.4/missing --run autoconf'
AUTOHEADER='${SHELL} /home/tdt4258/Downloads/OSELAS.BSP-EnergyMicro-Gecko/platform-energymicro-efm32gg-dk3750/build-host/fakeroot-1.14.4/missing --run autoheader'
AUTOMAKE='${SHELL} /home/tdt4258/Downloads/OSELAS.BSP-EnergyMicro-Gecko/platform-energymicro-efm32gg-dk3750/build-host/fakeroot-1.14.4/missing --run automake-1.11'
AWK='gawk'
CC='gcc'
CCDEPMODE='depmode=gcc3'
CFLAGS='-g -O2'
CPP='gcc -E'
CPPFLAGS=''
CYGPATH_W='echo'
DEFS='-DHAVE_CONFIG_H'
DEPDIR='.deps'
DLSUFFIX='.so'
DSYMUTIL=''
DUMPBIN=''
ECHO_C=''
ECHO_N='-n'
ECHO_T=''
EGREP='/bin/grep -E'
EXEEXT=''
FGREP='/bin/grep -F'
GREP='/bin/grep'
INSTALL_DATA='${INSTALL} -m 644'
INSTALL_PROGRAM='${INSTALL}'
INSTALL_SCRIPT='${INSTALL}'
INSTALL_STRIP_PROGRAM='$(install_sh) -c -s'
LD='/usr/bin/ld'
LDEXTRAVAR=''
LDFLAGS=''
LDLIBPATHVAR='LD_LIBRARY_PATH'
LDPRELOADABS='0'
LDPRELOADVAR='LD_PRELOAD'
LIBOBJS=''
LIBS='-ldl '
LIBTOOL='$(SHELL) $(top_builddir)/libtool'
LIPO=''
LN_S='ln -s'
LTLIBOBJS=''
MACOSX_FALSE=''
MACOSX_TRUE='#'
MAINT='#'
MAINTAINER_MODE_FALSE=''
MAINTAINER_MODE_TRUE='#'
MAKEINFO='${SHELL} /home/tdt4258/Downloads/OSELAS.BSP-EnergyMicro-Gecko/platform-energymicro-efm32gg-dk3750/build-host/fakeroot-1.14.4/missing --run makeinfo'
MKDIR_P='/opt/ex3/ptxdist-2013/lib/ptxdist-2013.07.1/bin/mkdir -p'
NM='/usr/bin/nm -B'
NMEDIT=''
OBJDUMP='objdump'
OBJEXT='o'
OTOOL64=''
OTOOL=''
PACKAGE='fakeroot'
PACKAGE_BUGREPORT='schizo@debian.org'
PACKAGE_NAME='fakeroot'
PACKAGE_STRING='fakeroot 1.14.4'
PACKAGE_TARNAME='fakeroot'
PACKAGE_URL=''
PACKAGE_VERSION='1.14.4'
PATH_SEPARATOR=':'
RANLIB='ranlib'
SED='/opt/ex3/ptxdist-2013/lib/ptxdist-2013.07.1/bin/sed'
SET_MAKE=''
SHELL='/bin/bash'
STRIP='strip'
VERSION='1.14.4'
ac_ct_CC='gcc'
ac_ct_DUMPBIN=''
am__EXEEXT_FALSE=''
am__EXEEXT_TRUE='#'
am__fastdepCC_FALSE='#'
am__fastdepCC_TRUE=''
am__include='include'
am__isrc=''
am__leading_dot='.'
am__quote=''
am__tar='${AMTAR} chof - "$$tardir"'
am__untar='${AMTAR} xf -'
bindir='${exec_prefix}/bin'
build='i686-pc-linux-gnu'
build_alias=''
build_cpu='i686'
build_os='linux-gnu'
build_vendor='pc'
datadir='${datarootdir}'
datarootdir='${prefix}/share'
docdir='${datarootdir}/doc/${PACKAGE_TARNAME}'
dvidir='${docdir}'
exec_prefix='${prefix}'
host='i686-pc-linux-gnu'
host_alias=''
host_cpu='i686'
host_os='linux-gnu'
host_vendor='pc'
htmldir='${docdir}'
includedir='${prefix}/include'
infodir='${datarootdir}/info'
install_sh='${SHELL} /home/tdt4258/Downloads/OSELAS.BSP-EnergyMicro-Gecko/platform-energymicro-efm32gg-dk3750/build-host/fakeroot-1.14.4/install-sh'
libdir='/lib/fakeroot'
libexecdir='${exec_prefix}/libexec'
localedir='${datarootdir}/locale'
localstatedir='${prefix}/var'
lt_ECHO='echo'
mandir='${datarootdir}/man'
mkdir_p='/opt/ex3/ptxdist-2013/lib/ptxdist-2013.07.1/bin/mkdir -p'
oldincludedir='/usr/include'
pdfdir='${docdir}'
prefix=''
program_transform_name='s,x,x,'
psdir='${docdir}'
sbindir='${exec_prefix}/sbin'
sharedstatedir='${prefix}/com'
signal='TERM'
sysconfdir='${prefix}/etc'
target='i686-pc-linux-gnu'
target_alias=''
target_cpu='i686'
target_os='linux-gnu'
target_vendor='pc'

## ----------- ##
## confdefs.h. ##
## ----------- ##

/* confdefs.h */
#define PACKAGE_NAME "fakeroot"
#define PACKAGE_TARNAME "fakeroot"
#define PACKAGE_VERSION "1.14.4"
#define PACKAGE_STRING "fakeroot 1.14.4"
#define PACKAGE_BUGREPORT "schizo@debian.org"
#define PACKAGE_URL ""
#define PACKAGE "fakeroot"
#define VERSION "1.14.4"
#define STDC_HEADERS 1
#define HAVE_SYS_TYPES_H 1
#define HAVE_SYS_STAT_H 1
#define HAVE_STDLIB_H 1
#define HAVE_STRING_H 1
#define HAVE_MEMORY_H 1
#define HAVE_STRINGS_H 1
#define HAVE_INTTYPES_H 1
#define HAVE_STDINT_H 1
#define HAVE_UNISTD_H 1
#define HAVE_DLFCN_H 1
#define LT_OBJDIR ".libs/"
#define HAVE_LIBDL 1
#define HAVE_DIRENT_H 1
#define STDC_HEADERS 1
#define HAVE_FCNTL_H 1
#define HAVE_UNISTD_H 1
#define HAVE_FEATURES_H 1
#define HAVE_PTHREAD_H 1
#define HAVE_STDINT_H 1
#define HAVE_INTTYPES_H 1
#define HAVE_GRP_H 1
#define HAVE_ENDIAN_H 1
#define HAVE_SYS_SYSMACROS_H 1
#define HAVE_SYS_SOCKET_H 1
#define HAVE_SYS_ACL_H 1
#define HAVE_FTS_H 1
#define FAKEROOT_ATTR(x) __attribute__ ((x))
#define READLINK_RETVAL_TYPE int
#define READLINK_BUF_TYPE char
#define READLINK_BUFSIZE_TYPE size_t
#define SETGROUPS_SIZE_TYPE size_t
#define XMKNOD_FRTH_ARG *
#define XMKNODAT_FIFTH_ARG *
#define INITGROUPS_SECOND_ARG gid_t
#define SETREUID_ARG gid_t
#define SETREGID_ARG gid_t
#define STAT_SECOND_ARG struct stat *
#define STAT_HAS_d_off 1
#define STAT_HAS_d_type 1
#define HAVE_FCHMODAT 1
#define HAVE_FCHOWNAT 1
#define HAVE_FSTATAT 1
#define HAVE_MKDIRAT 1
#define HAVE_MKNODAT 1
#define HAVE_OPENAT 1
#define HAVE_RENAMEAT 1
#define HAVE_UNLINKAT 1
#define HAVE___XSTAT 1
#define WRAP_STAT __xstat
#define WRAP_STAT_QUOTE "__xstat"
#define TMP_STAT tmp___xstat
#define NEXT_STAT_NOARG next___xstat
#define HAVE___FXSTAT 1
#define WRAP_FSTAT __fxstat
#define WRAP_FSTAT_QUOTE "__fxstat"
#define TMP_FSTAT tmp___fxstat
#define NEXT_FSTAT_NOARG next___fxstat
#define HAVE___LXSTAT 1
#define WRAP_LSTAT __lxstat
#define WRAP_LSTAT_QUOTE "__lxstat"
#define TMP_LSTAT tmp___lxstat
#define NEXT_LSTAT_NOARG next___lxstat
#define HAVE___FXSTATAT 1
#define WRAP_FSTATAT __fxstatat
#define WRAP_FSTATAT_QUOTE "__fxstatat"
#define TMP_FSTATAT tmp___fxstatat
#define NEXT_FSTATAT_NOARG next___fxstatat
#define HAVE___XSTAT64 1
#define WRAP_STAT64 __xstat64
#define WRAP_STAT64_QUOTE "__xstat64"
#define TMP_STAT64 tmp___xstat64
#define NEXT_STAT64_NOARG next___xstat64
#define HAVE___FXSTAT64 1
#define WRAP_FSTAT64 __fxstat64
#define WRAP_FSTAT64_QUOTE "__fxstat64"
#define TMP_FSTAT64 tmp___fxstat64
#define NEXT_FSTAT64_NOARG next___fxstat64
#define HAVE___LXSTAT64 1
#define WRAP_LSTAT64 __lxstat64
#define WRAP_LSTAT64_QUOTE "__lxstat64"
#define TMP_LSTAT64 tmp___lxstat64
#define NEXT_LSTAT64_NOARG next___lxstat64
#define HAVE___FXSTATAT64 1
#define WRAP_FSTATAT64 __fxstatat64
#define WRAP_FSTATAT64_QUOTE "__fxstatat64"
#define TMP_FSTATAT64 tmp___fxstatat64
#define NEXT_FSTATAT64_NOARG next___fxstatat64
#define HAVE___XMKNOD 1
#define WRAP_MKNOD __xmknod
#define WRAP_MKNOD_QUOTE "__xmknod"
#define TMP_MKNOD tmp___xmknod
#define NEXT_MKNOD_NOARG next___xmknod
#define HAVE___XMKNODAT 1
#define WRAP_MKNODAT __xmknodat
#define WRAP_MKNODAT_QUOTE "__xmknodat"
#define TMP_MKNODAT tmp___xmknodat
#define NEXT_MKNODAT_NOARG next___xmknodat
#define LIBCPATH "/lib/libc.so.6"
#define HAVE_STRDUP 1
#define HAVE_STRSTR 1
#define HAVE_GETRESUID 1
#define HAVE_SETRESUID 1
#define HAVE_GETRESGID 1
#define HAVE_SETRESGID 1
#define HAVE_SETFSUID 1
#define HAVE_SETFSGID 1
#define HAVE_FTS_READ 1
#define HAVE_FTS_CHILDREN 1
#define HAVE_DECL_SETENV 1
#define HAVE_DECL_UNSETENV 1
#define HAVE_SETENV 1
#define HAVE_BUILTIN_EXPECT 1

configure: exit 0

## ---------------------- ##
## Running config.status. ##
## ---------------------- ##

This file was extended by fakeroot config.status 1.14.4, which was
generated by GNU Autoconf 2.64.  Invocation command line was

  CONFIG_FILES    = 
  CONFIG_HEADERS  = 
  CONFIG_LINKS    = 
  CONFIG_COMMANDS = 
  $ ./config.status 

on tdt4258-VirtualBox

config.status:: executing depfiles commands
config.status:: executing libtool commands

## ---------------------- ##
## Running config.status. ##
## ---------------------- ##

This file was extended by fakeroot config.status 1.14.4, which was
generated by GNU Autoconf 2.64.  Invocation command line was

  CONFIG_FILES    = 
  CONFIG_HEADERS  = 
  CONFIG_LINKS    = 
  CONFIG_COMMANDS = 
  $ ./config.status 

on tdt4258-VirtualBox

config.status:: executing depfiles commands
config.status:: executing libtool commands
