base.get : 
base.extract : base.get
cross-dummy-strip.get : 
cross-dummy-strip.extract : cross-dummy-strip.get
pkg-config-0.25.tar.gz : 
host-pkg-config.get : pkg-config-0.25.tar.gz
host-pkg-config.extract : host-pkg-config.get
host-pkg-config.extract.post : host-pkg-config.extract
host-pkg-config.prepare : host-pkg-config.extract.post
host-pkg-config.compile : host-pkg-config.prepare
host-pkg-config.install : host-pkg-config.compile
host-pkg-config.install.pack : host-pkg-config.install
host-pkg-config.install.post : host-pkg-config.install.pack
virtual-host-tools.install : host-pkg-config.install.post
cross-dummy-strip.extract.post : virtual-host-tools.install
cross-dummy-strip.prepare : cross-dummy-strip.extract.post
cross-dummy-strip.compile : cross-dummy-strip.prepare
cross-dummy-strip.install : cross-dummy-strip.compile
cross-dummy-strip.install.pack : cross-dummy-strip.install
cross-dummy-strip.install.post : cross-dummy-strip.install.pack
fakeroot_1.14.4.orig.tar.bz2 : 
host-fakeroot.get : fakeroot_1.14.4.orig.tar.bz2
host-fakeroot.extract : host-fakeroot.get
host-acl.get : acl-2.2.49.src.tar.gz
host-acl.extract : host-acl.get
attr-2.4.46.src.tar.gz : 
host-attr.get : attr-2.4.46.src.tar.gz
host-attr.extract : host-attr.get
host-attr.extract.post : virtual-host-tools.install
host-attr.prepare : host-attr.extract.post
host-attr.compile : host-attr.prepare
host-attr.install : host-attr.compile
host-attr.install.pack : host-attr.install
host-attr.install.post : host-attr.install.pack
host-acl.extract.post : virtual-host-tools.install
host-acl.prepare : host-acl.extract.post
host-acl.compile : host-acl.prepare
host-acl.install : host-acl.compile
host-acl.install.pack : host-acl.install
host-acl.install.post : host-acl.install.pack
host-fakeroot.extract.post : virtual-host-tools.install
host-fakeroot.prepare : host-fakeroot.extract.post
host-fakeroot.compile : host-fakeroot.prepare
host-fakeroot.install : host-fakeroot.compile
host-fakeroot.install.pack : host-fakeroot.install
host-fakeroot.install.post : host-fakeroot.install.pack
ipkg-utils-050831.tar.gz : 
host-ipkg-utils.get : ipkg-utils-050831.tar.gz
host-ipkg-utils.extract : host-ipkg-utils.get
host-ipkg-utils.extract.post : virtual-host-tools.install
host-ipkg-utils.prepare : host-ipkg-utils.extract.post
host-ipkg-utils.compile : host-ipkg-utils.prepare
host-ipkg-utils.install : host-ipkg-utils.compile
host-ipkg-utils.install.pack : host-ipkg-utils.install
host-ipkg-utils.install.post : host-ipkg-utils.install.pack
cross-pkg-config-wrapper.get : 
cross-pkg-config-wrapper.extract : cross-pkg-config-wrapper.get
cross-pkg-config-wrapper.extract.post : virtual-host-tools.install
cross-pkg-config-wrapper.prepare : cross-pkg-config-wrapper.extract.post
cross-pkg-config-wrapper.compile : cross-pkg-config-wrapper.prepare
cross-pkg-config-wrapper.install : cross-pkg-config-wrapper.compile
cross-pkg-config-wrapper.install.pack : cross-pkg-config-wrapper.install
cross-pkg-config-wrapper.install.post : cross-pkg-config-wrapper.install.pack
virtual-cross-tools.install : cross-pkg-config-wrapper.install.post
base.extract.post : virtual-cross-tools.install
base.prepare : base.extract.post
base.compile : base.prepare
base.install : base.compile
base.install.pack : base.install
base.install.post : base.install.pack
base.targetinstall : base.install.post
base.targetinstall.post : base.targetinstall
os-release.get : 
os-release.extract : os-release.get
os-release.extract.post : base.install
os-release.prepare : os-release.extract.post
os-release.compile : os-release.prepare
os-release.install : os-release.compile
os-release.install.pack : os-release.install
os-release.install.post : os-release.install.pack
os-release.targetinstall : os-release.install.post
os-release.targetinstall.post : os-release.targetinstall
geckoboot.get : 
geckoboot.extract : geckoboot.get
geckoboot.extract.post : base.install
geckoboot.prepare : geckoboot.extract.post
geckoboot.compile : geckoboot.prepare
geckoboot.install : geckoboot.compile
geckoboot.install.pack : geckoboot.install
geckoboot.install.post : geckoboot.install.pack
geckoboot.targetinstall : geckoboot.install.post
geckoboot.targetinstall.post : geckoboot.targetinstall
init.get : 
init.extract : init.get
init.extract.post : base.install
init.prepare : init.extract.post
init.compile : init.prepare
init.install : init.compile
init.install.pack : init.install
init.install.post : init.install.pack
init.targetinstall : init.install.post
init.targetinstall.post : init.targetinstall
fbtest-20041102-1.tar.gz : 
fbtest.get : fbtest-20041102-1.tar.gz
fbtest.extract : fbtest.get
fbtest.extract.post : base.install
fbtest.prepare : fbtest.extract.post
fbtest.compile : fbtest.prepare
fbtest.install : fbtest.compile
fbtest.install.pack : fbtest.install
fbtest.install.post : fbtest.install.pack
fbtest.targetinstall : fbtest.install.post
fbtest.targetinstall.post : fbtest.targetinstall
linux-3.12-rc4.tar.xz : 
kernel.get : linux-3.12-rc4.tar.xz
kernel.extract : kernel.get
kmod-13.tar.xz : 
host-libkmod.get : kmod-13.tar.xz
host-libkmod.extract : host-libkmod.get
host-libkmod.extract.post : virtual-host-tools.install
host-libkmod.prepare : host-libkmod.extract.post
host-libkmod.compile : host-libkmod.prepare
host-libkmod.install : host-libkmod.compile
host-libkmod.install.pack : host-libkmod.install
host-libkmod.install.post : host-libkmod.install.pack
kernel.extract.post : base.install
kernel.prepare : kernel.extract.post
kernel.compile : kernel.prepare
kernel.install : kernel.compile
kernel.install.pack : kernel.install
kernel.install.post : kernel.install.pack
kernel.targetinstall : kernel.install.post
driver-gamepad.get : 
lndir-1.0.2.tar.bz2 : 
host-lndir.get : lndir-1.0.2.tar.bz2
host-lndir.extract : host-lndir.get
xproto-7.0.23.tar.bz2 : 
host-xorg-proto-x.get : xproto-7.0.23.tar.bz2
host-xorg-proto-x.extract : host-xorg-proto-x.get
host-xorg-proto-x.extract.post : virtual-host-tools.install
host-xorg-proto-x.prepare : host-xorg-proto-x.extract.post
host-xorg-proto-x.compile : host-xorg-proto-x.prepare
host-xorg-proto-x.install : host-xorg-proto-x.compile
host-xorg-proto-x.install.pack : host-xorg-proto-x.install
host-xorg-proto-x.install.post : host-xorg-proto-x.install.pack
host-lndir.extract.post : virtual-host-tools.install
host-lndir.prepare : host-lndir.extract.post
host-lndir.compile : host-lndir.prepare
host-lndir.install : host-lndir.compile
host-lndir.install.pack : host-lndir.install
host-lndir.install.post : host-lndir.install.pack
driver-gamepad.extract : host-lndir.install.post
driver-gamepad.extract.post : base.install
driver-gamepad.prepare : driver-gamepad.extract.post
driver-gamepad.compile : driver-gamepad.prepare
driver-gamepad.install : driver-gamepad.compile
driver-gamepad.install.pack : driver-gamepad.install
driver-gamepad.install.post : driver-gamepad.install.pack
driver-gamepad.targetinstall : driver-gamepad.install.post
driver-gamepad.targetinstall.post : driver-gamepad.targetinstall
dtc.get : 
dtc.extract : dtc.get
dtc.extract.post : base.install
dtc.prepare : dtc.extract.post
dtc.compile : dtc.prepare
dtc.install : dtc.compile
efm32gg-dk3750.dtb : dtc.install
dtc.install.pack : dtc.install
dtc.install.post : dtc.install.pack
dtc.targetinstall : kernel.targetinstall
dtc.targetinstall.post : dtc.targetinstall
kernel.targetinstall.post : linuximage
game.get : 
game.extract : game.get
game.extract.post : base.install
game.prepare : game.extract.post
game.compile : game.prepare
game.install : game.compile
game.install.pack : game.install
game.install.post : game.install.pack
game.targetinstall : game.install.post
game.targetinstall.post : game.targetinstall
host-system-perl.targetinstall.post : 
busybox-1.21.0.tar.bz2 : 
busybox.get : busybox-1.21.0.tar.bz2
busybox.extract : busybox.get
busybox.extract.post : base.install
busybox.prepare : busybox.extract.post
busybox.compile : busybox.prepare
busybox.install : busybox.compile
busybox.install.pack : busybox.install
busybox.install.post : busybox.install.pack
busybox.targetinstall : busybox.install.post
busybox.targetinstall.post : busybox.targetinstall
rootfs.get : 
rootfs.extract : rootfs.get
figlet-2.2.5.tar.gz : 
host-figlet.get : figlet-2.2.5.tar.gz
host-figlet.extract : host-figlet.get
host-figlet.extract.post : virtual-host-tools.install
host-figlet.prepare : host-figlet.extract.post
host-figlet.compile : host-figlet.prepare
host-figlet.install : host-figlet.compile
host-figlet.install.pack : host-figlet.install
host-figlet.install.post : host-figlet.install.pack
rootfs.extract.post : base.install
rootfs.prepare : rootfs.extract.post
rootfs.compile : rootfs.prepare
rootfs.install : rootfs.compile
rootfs.install.pack : rootfs.install
rootfs.install.post : rootfs.install.pack
rootfs.targetinstall : rootfs.install.post
rootfs.targetinstall.post : rootfs.targetinstall
ipkg-0.99.163.tar.gz : 
host-ipkg.get : ipkg-0.99.163.tar.gz
host-ipkg.extract : host-ipkg.get
host-ipkg.extract.post : virtual-host-tools.install
host-ipkg.prepare : host-ipkg.extract.post
host-ipkg.compile : host-ipkg.prepare
host-ipkg.install : host-ipkg.compile
host-ipkg.install.pack : host-ipkg.install
host-ipkg.install.post : host-ipkg.install.pack
genromfs-0.5.2.tar.gz : 
host-genromfs.get : genromfs-0.5.2.tar.gz
host-genromfs.extract : host-genromfs.get
host-genromfs.extract.post : virtual-host-tools.install
host-genromfs.prepare : host-genromfs.extract.post
host-genromfs.compile : host-genromfs.prepare
host-genromfs.install : host-genromfs.compile
host-genromfs.install.pack : host-genromfs.install
host-genromfs.install.post : host-genromfs.install.pack
host-energyawaretools.get : energyAwareTools_25052012.tgz
host-energyawaretools.extract : host-energyawaretools.get
host-energyawaretools.extract.post : virtual-host-tools.install
host-energyawaretools.prepare : host-energyawaretools.extract.post
host-energyawaretools.compile : host-energyawaretools.prepare
host-energyawaretools.install : host-energyawaretools.compile
host-energyawaretools.install.pack : host-energyawaretools.install
host-energyawaretools.install.post : host-energyawaretools.install.pack
world.targetinstall : base.targetinstall.post os-release.targetinstall.post geckoboot.targetinstall.post init.targetinstall.post fbtest.targetinstall.post driver-gamepad.targetinstall.post dtc.targetinstall.post kernel.targetinstall.post game.targetinstall.post host-system-perl.targetinstall.post busybox.targetinstall.post rootfs.targetinstall.post host-acl.install.post host-ipkg.install.post host-genromfs.install.post host-ipkg-utils.install.post host-fakeroot.install.post host-figlet.install.post host-pkg-config.install.post host-libkmod.install.post host-attr.install.post host-energyawaretools.install.post cross-pkg-config-wrapper.install.post cross-dummy-strip.install.post
game.clean : 
game.get : 
game.extract : game.get
game.extract.post : base.install
game.prepare : game.extract.post
game.compile : game.prepare
game.install : game.compile
game.install.pack : game.install
game.install.post : game.install.pack
game.targetinstall : game.install.post
game.targetinstall.post : game.targetinstall
driver-gamepad.clean : FORCE
driver-gamepad.get : 
driver-gamepad.extract : host-lndir.install.post
driver-gamepad.extract.post : base.install
driver-gamepad.prepare : driver-gamepad.extract.post
driver-gamepad.compile : driver-gamepad.prepare
driver-gamepad.install : driver-gamepad.compile
driver-gamepad.install.pack : driver-gamepad.install
driver-gamepad.install.post : driver-gamepad.install.pack
driver-gamepad.targetinstall : driver-gamepad.install.post
driver-gamepad.targetinstall.post : driver-gamepad.targetinstall
kernel.targetinstall.post : linuximage
