This file contains any messages produced by compilers while
running configure, to aid debugging if configure makes a mistake.

It was created by configure, which was
generated by GNU Autoconf 2.63.  Invocation command line was

  $ ./configure --prefix= --libexecdir=/lib --enable-shared

## --------- ##
## Platform. ##
## --------- ##

hostname = tdt4258-VirtualBox
uname -m = i686
uname -r = 3.13.0-93-generic
uname -s = Linux
uname -v = #140~precise1-Ubuntu SMP Tue Jul 19 19:56:32 UTC 2016

/usr/bin/uname -p = unknown
/bin/uname -X     = unknown

/bin/arch              = unknown
/usr/bin/arch -k       = unknown
/usr/convex/getsysinfo = unknown
/usr/bin/hostinfo      = unknown
/bin/machine           = unknown
/usr/bin/oslevel       = unknown
/bin/universe          = unknown

PATH: /home/tdt4258/Downloads/OSELAS.BSP-EnergyMicro-Gecko/platform-energymicro-efm32gg-dk3750/sysroot-host/lib/wrapper
PATH: /home/tdt4258/Downloads/OSELAS.BSP-EnergyMicro-Gecko/platform-energymicro-efm32gg-dk3750/sysroot-host/bin
PATH: /home/tdt4258/Downloads/OSELAS.BSP-EnergyMicro-Gecko/platform-energymicro-efm32gg-dk3750/sysroot-host/sbin
PATH: /home/tdt4258/Downloads/OSELAS.BSP-EnergyMicro-Gecko/selected_toolchain
PATH: /opt/ex3/ptxdist-2013/lib/ptxdist-2013.07.1/bin
PATH: /usr/lib/lightdm/lightdm
PATH: /usr/local/sbin
PATH: /usr/local/bin
PATH: /usr/sbin
PATH: /usr/bin
PATH: /sbin
PATH: /bin
PATH: /usr/games
PATH: /opt/ex3/ptxdist/bin
PATH: /opt/codesourcery/bin
PATH: /opt/profiler
PATH: /opt/eACommander
PATH: /opt/ex3/OSELAS.Toolchain-2012.12.0/arm-cortexm3-uclinuxeabi/gcc-4.7.2-uclibc-0.9.33.2-binutils-2.22-kernel-3.6-sanitized/bin
PATH: /home/tdt4258/JLink


## ----------- ##
## Core tests. ##
## ----------- ##

configure:2082: checking build system type
configure:2100: result: i686-pc-linux-gnu
configure:2122: checking host system type
configure:2137: result: i686-pc-linux-gnu
configure:2207: checking for gcc
configure:2223: found /home/tdt4258/Downloads/OSELAS.BSP-EnergyMicro-Gecko/platform-energymicro-efm32gg-dk3750/sysroot-host/lib/wrapper/gcc
configure:2234: result: gcc
configure:2466: checking for C compiler version
configure:2474: gcc --version >&5
gcc (Ubuntu/Linaro 4.6.3-1ubuntu5) 4.6.3
Copyright (C) 2011 Free Software Foundation, Inc.
This is free software; see the source for copying conditions.  There is NO
warranty; not even for MERCHANTABILITY or FITNESS FOR A PARTICULAR PURPOSE.

configure:2478: $? = 0
configure:2485: gcc -v >&5
Using built-in specs.
COLLECT_GCC=/home/tdt4258/Downloads/OSELAS.BSP-EnergyMicro-Gecko/platform-energymicro-efm32gg-dk3750/sysroot-host/lib/wrapper/real/gcc
COLLECT_LTO_WRAPPER=/usr/lib/gcc/i686-linux-gnu/4.6/lto-wrapper
Target: i686-linux-gnu
Configured with: ../src/configure -v --with-pkgversion='Ubuntu/Linaro 4.6.3-1ubuntu5' --with-bugurl=file:///usr/share/doc/gcc-4.6/README.Bugs --enable-languages=c,c++,fortran,objc,obj-c++ --prefix=/usr --program-suffix=-4.6 --enable-shared --enable-linker-build-id --with-system-zlib --libexecdir=/usr/lib --without-included-gettext --enable-threads=posix --with-gxx-include-dir=/usr/include/c++/4.6 --libdir=/usr/lib --enable-nls --with-sysroot=/ --enable-clocale=gnu --enable-libstdcxx-debug --enable-libstdcxx-time=yes --enable-gnu-unique-object --enable-plugin --enable-objc-gc --enable-targets=all --disable-werror --with-arch-32=i686 --with-tune=generic --enable-checking=release --build=i686-linux-gnu --host=i686-linux-gnu --target=i686-linux-gnu
Thread model: posix
gcc version 4.6.3 (Ubuntu/Linaro 4.6.3-1ubuntu5) 
configure:2489: $? = 0
configure:2496: gcc -V >&5
gcc: error: unrecognized option '-V'
gcc: fatal error: no input files
compilation terminated.
configure:2500: $? = 4
configure:2523: checking for C compiler default output file name
configure:2545: gcc    conftest.c  >&5
configure:2549: $? = 0
configure:2587: result: a.out
configure:2606: checking whether the C compiler works
configure:2616: ./a.out
configure:2620: $? = 0
configure:2639: result: yes
configure:2646: checking whether we are cross compiling
configure:2648: result: no
configure:2651: checking for suffix of executables
configure:2658: gcc -o conftest    conftest.c  >&5
configure:2662: $? = 0
configure:2688: result: 
configure:2694: checking for suffix of object files
configure:2720: gcc -c   conftest.c >&5
configure:2724: $? = 0
configure:2749: result: o
configure:2753: checking whether we are using the GNU C compiler
configure:2782: gcc -c   conftest.c >&5
configure:2789: $? = 0
configure:2806: result: yes
configure:2815: checking whether gcc accepts -g
configure:2845: gcc -c -g  conftest.c >&5
configure:2852: $? = 0
configure:2953: result: yes
configure:2970: checking for gcc option to accept ISO C89
configure:3044: gcc  -c -g -O2  conftest.c >&5
configure:3051: $? = 0
configure:3074: result: none needed
configure:3092: checking for a sed that does not truncate output
configure:3158: result: /opt/ex3/ptxdist-2013/lib/ptxdist-2013.07.1/bin/sed
configure:3176: checking for grep that handles long lines and -e
configure:3236: result: /bin/grep
configure:3241: checking for egrep
configure:3305: result: /bin/grep -E
configure:3310: checking for fgrep
configure:3374: result: /bin/grep -F
configure:3409: checking for ld used by gcc
configure:3476: result: /usr/bin/ld
configure:3485: checking if the linker (/usr/bin/ld) is GNU ld
configure:3500: result: yes
configure:3512: checking for BSD- or MS-compatible name lister (nm)
configure:3561: result: /usr/bin/nm -B
configure:3679: checking the name lister (/usr/bin/nm -B) interface
configure:3686: gcc -c -g -O2  conftest.c >&5
configure:3689: /usr/bin/nm -B "conftest.o"
configure:3692: output
00000000 B some_variable
configure:3699: result: BSD nm
configure:3702: checking whether ln -s works
configure:3706: result: yes
configure:3714: checking the maximum length of command line arguments
configure:3834: result: 805306365
configure:3851: checking whether the shell understands some XSI constructs
configure:3861: result: yes
configure:3865: checking whether the shell understands "+="
configure:3871: result: yes
configure:3906: checking for /usr/bin/ld option to reload object files
configure:3913: result: -r
configure:3982: checking for objdump
configure:3998: found /usr/bin/objdump
configure:4009: result: objdump
configure:4041: checking how to recognize dependent libraries
configure:4237: result: pass_all
configure:4297: checking for ar
configure:4313: found /usr/bin/ar
configure:4324: result: ar
configure:4402: checking for strip
configure:4418: found /usr/bin/strip
configure:4429: result: strip
configure:4501: checking for ranlib
configure:4517: found /usr/bin/ranlib
configure:4528: result: ranlib
configure:4618: checking command to parse /usr/bin/nm -B output from gcc object
configure:4736: gcc -c -g -O2  conftest.c >&5
configure:4739: $? = 0
configure:4743: /usr/bin/nm -B conftest.o \| sed -n -e 's/^.*[	 ]\([ABCDGIRSTW][ABCDGIRSTW]*\)[	 ][	 ]*\([_A-Za-z][_A-Za-z0-9]*\)$/\1 \2 \2/p' \> conftest.nm
configure:4746: $? = 0
configure:4800: gcc -o conftest -g -O2   conftest.c conftstm.o >&5
configure:4803: $? = 0
configure:4841: result: ok
configure:5708: checking how to run the C preprocessor
configure:5748: gcc -E  conftest.c
configure:5755: $? = 0
configure:5786: gcc -E  conftest.c
conftest.c:8:28: fatal error: ac_nonexistent.h: No such file or directory
compilation terminated.
configure:5793: $? = 1
configure: failed program was:
| /* confdefs.h.  */
| #define PACKAGE_NAME ""
| #define PACKAGE_TARNAME ""
| #define PACKAGE_VERSION ""
| #define PACKAGE_STRING ""
| #define PACKAGE_BUGREPORT ""
| /* end confdefs.h.  */
| #include <ac_nonexistent.h>
configure:5826: result: gcc -E
configure:5855: gcc -E  conftest.c
configure:5862: $? = 0
configure:5893: gcc -E  conftest.c
conftest.c:8:28: fatal error: ac_nonexistent.h: No such file or directory
compilation terminated.
configure:5900: $? = 1
configure: failed program was:
| /* confdefs.h.  */
| #define PACKAGE_NAME ""
| #define PACKAGE_TARNAME ""
| #define PACKAGE_VERSION ""
| #define PACKAGE_STRING ""
| #define PACKAGE_BUGREPORT ""
| /* end confdefs.h.  */
| #include <ac_nonexistent.h>
configure:5940: checking for ANSI C header files
configure:5970: gcc -c -g -O2  conftest.c >&5
configure:5977: $? = 0
configure:6076: gcc -o conftest -g -O2   conftest.c  >&5
configure:6080: $? = 0
configure:6086: ./conftest
configure:6090: $? = 0
configure:6108: result: yes
configure:6132: checking for sys/types.h
configure:6153: gcc -c -g -O2  conftest.c >&5
configure:6160: $? = 0
configure:6177: result: yes
configure:6132: checking for sys/stat.h
configure:6153: gcc -c -g -O2  conftest.c >&5
configure:6160: $? = 0
configure:6177: result: yes
configure:6132: checking for stdlib.h
configure:6153: gcc -c -g -O2  conftest.c >&5
configure:6160: $? = 0
configure:6177: result: yes
configure:6132: checking for string.h
configure:6153: gcc -c -g -O2  conftest.c >&5
configure:6160: $? = 0
configure:6177: result: yes
configure:6132: checking for memory.h
configure:6153: gcc -c -g -O2  conftest.c >&5
configure:6160: $? = 0
configure:6177: result: yes
configure:6132: checking for strings.h
configure:6153: gcc -c -g -O2  conftest.c >&5
configure:6160: $? = 0
configure:6177: result: yes
configure:6132: checking for inttypes.h
configure:6153: gcc -c -g -O2  conftest.c >&5
configure:6160: $? = 0
configure:6177: result: yes
configure:6132: checking for stdint.h
configure:6153: gcc -c -g -O2  conftest.c >&5
configure:6160: $? = 0
configure:6177: result: yes
configure:6132: checking for unistd.h
configure:6153: gcc -c -g -O2  conftest.c >&5
configure:6160: $? = 0
configure:6177: result: yes
configure:6195: checking for dlfcn.h
configure:6216: gcc -c -g -O2  conftest.c >&5
configure:6223: $? = 0
configure:6240: result: yes
configure:6426: checking for objdir
configure:6441: result: .libs
configure:6737: checking if gcc supports -fno-rtti -fno-exceptions
configure:6755: gcc -c -g -O2  -fno-rtti -fno-exceptions conftest.c >&5
cc1: warning: command line option '-fno-rtti' is valid for C++/ObjC++ but not for C [enabled by default]
configure:6759: $? = 0
configure:6772: result: no
configure:6792: checking for gcc option to produce PIC
configure:7064: result: -fPIC -DPIC
configure:7076: checking if gcc PIC flag -fPIC -DPIC works
configure:7094: gcc -c -g -O2  -fPIC -DPIC -DPIC conftest.c >&5
configure:7098: $? = 0
configure:7111: result: yes
configure:7135: checking if gcc static flag -static works
configure:7163: result: yes
configure:7178: checking if gcc supports -c -o file.o
configure:7199: gcc -c -g -O2  -o out/conftest2.o conftest.c >&5
configure:7203: $? = 0
configure:7225: result: yes
configure:7233: checking if gcc supports -c -o file.o
configure:7280: result: yes
configure:7313: checking whether the gcc linker (/usr/bin/ld) supports shared libraries
configure:8387: result: yes
configure:8424: checking whether -lc should be explicitly linked in
configure:8429: gcc -c -g -O2  conftest.c >&5
configure:8432: $? = 0
configure:8447: gcc -shared conftest.o  -v -Wl,-soname -Wl,conftest -o conftest 2\>\&1 \| /bin/grep  -lc  \>/dev/null 2\>\&1
configure:8450: $? = 0
configure:8462: result: no
configure:8626: checking dynamic linker characteristics
configure:9069: gcc -o conftest -g -O2   -Wl,-rpath -Wl,/foo conftest.c  >&5
configure:9076: $? = 0
configure:9309: result: GNU/Linux ld.so
configure:9411: checking how to hardcode library paths into programs
configure:9436: result: immediate
configure:10269: checking whether stripping libraries is possible
configure:10274: result: yes
configure:10309: checking if libtool supports shared libraries
configure:10311: result: yes
configure:10314: checking whether to build shared libraries
configure:10335: result: yes
configure:10338: checking whether to build static libraries
configure:10342: result: yes
configure:10456: checking for gcc
configure:10483: result: gcc
configure:10715: checking for C compiler version
configure:10723: gcc --version >&5
gcc (Ubuntu/Linaro 4.6.3-1ubuntu5) 4.6.3
Copyright (C) 2011 Free Software Foundation, Inc.
This is free software; see the source for copying conditions.  There is NO
warranty; not even for MERCHANTABILITY or FITNESS FOR A PARTICULAR PURPOSE.

configure:10727: $? = 0
configure:10734: gcc -v >&5
Using built-in specs.
COLLECT_GCC=/home/tdt4258/Downloads/OSELAS.BSP-EnergyMicro-Gecko/platform-energymicro-efm32gg-dk3750/sysroot-host/lib/wrapper/real/gcc
COLLECT_LTO_WRAPPER=/usr/lib/gcc/i686-linux-gnu/4.6/lto-wrapper
Target: i686-linux-gnu
Configured with: ../src/configure -v --with-pkgversion='Ubuntu/Linaro 4.6.3-1ubuntu5' --with-bugurl=file:///usr/share/doc/gcc-4.6/README.Bugs --enable-languages=c,c++,fortran,objc,obj-c++ --prefix=/usr --program-suffix=-4.6 --enable-shared --enable-linker-build-id --with-system-zlib --libexecdir=/usr/lib --without-included-gettext --enable-threads=posix --with-gxx-include-dir=/usr/include/c++/4.6 --libdir=/usr/lib --enable-nls --with-sysroot=/ --enable-clocale=gnu --enable-libstdcxx-debug --enable-libstdcxx-time=yes --enable-gnu-unique-object --enable-plugin --enable-objc-gc --enable-targets=all --disable-werror --with-arch-32=i686 --with-tune=generic --enable-checking=release --build=i686-linux-gnu --host=i686-linux-gnu --target=i686-linux-gnu
Thread model: posix
gcc version 4.6.3 (Ubuntu/Linaro 4.6.3-1ubuntu5) 
configure:10738: $? = 0
configure:10745: gcc -V >&5
gcc: error: unrecognized option '-V'
gcc: fatal error: no input files
compilation terminated.
configure:10749: $? = 4
configure:10752: checking whether we are using the GNU C compiler
configure:10805: result: yes
configure:10814: checking whether gcc accepts -g
configure:10952: result: yes
configure:10969: checking for gcc option to accept ISO C89
configure:11073: result: none needed
configure:11173: checking for gcc
configure:11200: result: gcc
configure:11432: checking for C compiler version
configure:11440: gcc --version >&5
gcc (Ubuntu/Linaro 4.6.3-1ubuntu5) 4.6.3
Copyright (C) 2011 Free Software Foundation, Inc.
This is free software; see the source for copying conditions.  There is NO
warranty; not even for MERCHANTABILITY or FITNESS FOR A PARTICULAR PURPOSE.

configure:11444: $? = 0
configure:11451: gcc -v >&5
Using built-in specs.
COLLECT_GCC=/home/tdt4258/Downloads/OSELAS.BSP-EnergyMicro-Gecko/platform-energymicro-efm32gg-dk3750/sysroot-host/lib/wrapper/real/gcc
COLLECT_LTO_WRAPPER=/usr/lib/gcc/i686-linux-gnu/4.6/lto-wrapper
Target: i686-linux-gnu
Configured with: ../src/configure -v --with-pkgversion='Ubuntu/Linaro 4.6.3-1ubuntu5' --with-bugurl=file:///usr/share/doc/gcc-4.6/README.Bugs --enable-languages=c,c++,fortran,objc,obj-c++ --prefix=/usr --program-suffix=-4.6 --enable-shared --enable-linker-build-id --with-system-zlib --libexecdir=/usr/lib --without-included-gettext --enable-threads=posix --with-gxx-include-dir=/usr/include/c++/4.6 --libdir=/usr/lib --enable-nls --with-sysroot=/ --enable-clocale=gnu --enable-libstdcxx-debug --enable-libstdcxx-time=yes --enable-gnu-unique-object --enable-plugin --enable-objc-gc --enable-targets=all --disable-werror --with-arch-32=i686 --with-tune=generic --enable-checking=release --build=i686-linux-gnu --host=i686-linux-gnu --target=i686-linux-gnu
Thread model: posix
gcc version 4.6.3 (Ubuntu/Linaro 4.6.3-1ubuntu5) 
configure:11455: $? = 0
configure:11462: gcc -V >&5
gcc: error: unrecognized option '-V'
gcc: fatal error: no input files
compilation terminated.
configure:11466: $? = 4
configure:11469: checking whether we are using the GNU C compiler
configure:11522: result: yes
configure:11531: checking whether gcc accepts -g
configure:11669: result: yes
configure:11686: checking for gcc option to accept ISO C89
configure:11790: result: none needed
configure:11916: checking for tar
configure:11935: found /bin/tar
configure:11947: result: /bin/tar
configure:11961: checking for gzip
configure:11980: found /bin/gzip
configure:11992: result: /bin/gzip
configure:12008: checking for makedepend
configure:12039: result: /bin/true
configure:12054: checking for awk
configure:12073: found /usr/bin/awk
configure:12085: result: /usr/bin/awk
configure:12192: checking for sort
configure:12211: found /usr/bin/sort
configure:12223: result: /usr/bin/sort
configure:12235: checking whether ln -s works
configure:12239: result: yes
configure:12251: checking for msgfmt
configure:12270: found /usr/bin/msgfmt
configure:12282: result: /usr/bin/msgfmt
configure:12304: checking for msgmerge
configure:12323: found /usr/bin/msgmerge
configure:12335: result: /usr/bin/msgmerge
configure:12357: checking for xgettext
configure:12376: found /usr/bin/xgettext
configure:12388: result: /usr/bin/xgettext
configure:12417: checking for rpm
configure:12451: result: no
configure:12527: checking attr/xattr.h usability
configure:12544: gcc -c -g -O2  conftest.c >&5
configure:12551: $? = 0
configure:12565: result: yes
configure:12569: checking attr/xattr.h presence
configure:12584: gcc -E  conftest.c
configure:12591: $? = 0
configure:12605: result: yes
configure:12633: checking for attr/xattr.h
configure:12642: result: yes
configure:12681: checking attr/error_context.h usability
configure:12698: gcc -c -g -O2  conftest.c >&5
configure:12705: $? = 0
configure:12719: result: yes
configure:12723: checking attr/error_context.h presence
configure:12738: gcc -E  conftest.c
configure:12745: $? = 0
configure:12759: result: yes
configure:12787: checking for attr/error_context.h
configure:12796: result: yes
configure:12841: checking for getxattr in -lattr
configure:12876: gcc -o conftest -g -O2   conftest.c -lattr   >&5
configure:12883: $? = 0
configure:12904: result: yes
configure:12939: checking whether __attribute__((visibility())) is supported
configure:12960: result: yes
configure:13075: creating ./config.status

## ---------------------- ##
## Running config.status. ##
## ---------------------- ##

This file was extended by config.status, which was
generated by GNU Autoconf 2.63.  Invocation command line was

  CONFIG_FILES    = 
  CONFIG_HEADERS  = 
  CONFIG_LINKS    = 
  CONFIG_COMMANDS = 
  $ ./config.status 

on tdt4258-VirtualBox

config.status:991: creating include/builddefs
config.status:991: creating include/config.h
config.status:1220: executing libtool commands

## ---------------- ##
## Cache variables. ##
## ---------------- ##

ac_cv_build=i686-pc-linux-gnu
ac_cv_c_compiler_gnu=yes
ac_cv_env_CC_set=
ac_cv_env_CC_value=
ac_cv_env_CFLAGS_set=
ac_cv_env_CFLAGS_value=
ac_cv_env_CPPFLAGS_set=
ac_cv_env_CPPFLAGS_value=
ac_cv_env_CPP_set=
ac_cv_env_CPP_value=
ac_cv_env_LDFLAGS_set=
ac_cv_env_LDFLAGS_value=
ac_cv_env_LIBS_set=
ac_cv_env_LIBS_value=
ac_cv_env_build_alias_set=
ac_cv_env_build_alias_value=
ac_cv_env_host_alias_set=
ac_cv_env_host_alias_value=
ac_cv_env_target_alias_set=
ac_cv_env_target_alias_value=
ac_cv_header_attr_error_context_h=yes
ac_cv_header_attr_xattr_h=yes
ac_cv_header_dlfcn_h=yes
ac_cv_header_inttypes_h=yes
ac_cv_header_memory_h=yes
ac_cv_header_stdc=yes
ac_cv_header_stdint_h=yes
ac_cv_header_stdlib_h=yes
ac_cv_header_string_h=yes
ac_cv_header_strings_h=yes
ac_cv_header_sys_stat_h=yes
ac_cv_header_sys_types_h=yes
ac_cv_header_unistd_h=yes
ac_cv_host=i686-pc-linux-gnu
ac_cv_lib_attr_getxattr=yes
ac_cv_objext=o
ac_cv_path_AWK=/usr/bin/awk
ac_cv_path_EGREP='/bin/grep -E'
ac_cv_path_FGREP='/bin/grep -F'
ac_cv_path_GREP=/bin/grep
ac_cv_path_MAKEDEPEND=/bin/true
ac_cv_path_MSGFMT=/usr/bin/msgfmt
ac_cv_path_MSGMERGE=/usr/bin/msgmerge
ac_cv_path_SED=/opt/ex3/ptxdist-2013/lib/ptxdist-2013.07.1/bin/sed
ac_cv_path_SORT=/usr/bin/sort
ac_cv_path_TAR=/bin/tar
ac_cv_path_XGETTEXT=/usr/bin/xgettext
ac_cv_path_ZIP=/bin/gzip
ac_cv_prog_CPP='gcc -E'
ac_cv_prog_ac_ct_AR=ar
ac_cv_prog_ac_ct_CC=gcc
ac_cv_prog_ac_ct_OBJDUMP=objdump
ac_cv_prog_ac_ct_RANLIB=ranlib
ac_cv_prog_ac_ct_STRIP=strip
ac_cv_prog_cc_c89=
ac_cv_prog_cc_g=yes
libc_cv_visibility_attribute=yes
lt_cv_deplibs_check_method=pass_all
lt_cv_file_magic_cmd='$MAGIC_CMD'
lt_cv_file_magic_test_file=
lt_cv_ld_reload_flag=-r
lt_cv_nm_interface='BSD nm'
lt_cv_objdir=.libs
lt_cv_path_LD=/usr/bin/ld
lt_cv_path_NM='/usr/bin/nm -B'
lt_cv_prog_compiler_c_o=yes
lt_cv_prog_compiler_pic_works=yes
lt_cv_prog_compiler_rtti_exceptions=no
lt_cv_prog_compiler_static_works=yes
lt_cv_prog_gnu_ld=yes
lt_cv_sys_global_symbol_pipe='sed -n -e '\''s/^.*[	 ]\([ABCDGIRSTW][ABCDGIRSTW]*\)[	 ][	 ]*\([_A-Za-z][_A-Za-z0-9]*\)$/\1 \2 \2/p'\'''
lt_cv_sys_global_symbol_to_c_name_address='sed -n -e '\''s/^: \([^ ]*\) $/  {\"\1\", (void *) 0},/p'\'' -e '\''s/^[ABCDGIRSTW]* \([^ ]*\) \([^ ]*\)$/  {"\2", (void *) \&\2},/p'\'''
lt_cv_sys_global_symbol_to_c_name_address_lib_prefix='sed -n -e '\''s/^: \([^ ]*\) $/  {\"\1\", (void *) 0},/p'\'' -e '\''s/^[ABCDGIRSTW]* \([^ ]*\) \(lib[^ ]*\)$/  {"\2", (void *) \&\2},/p'\'' -e '\''s/^[ABCDGIRSTW]* \([^ ]*\) \([^ ]*\)$/  {"lib\2", (void *) \&\2},/p'\'''
lt_cv_sys_global_symbol_to_cdecl='sed -n -e '\''s/^T .* \(.*\)$/extern int \1();/p'\'' -e '\''s/^[ABCDGIRSTW]* .* \(.*\)$/extern char \1;/p'\'''
lt_cv_sys_max_cmd_len=805306365

## ----------------- ##
## Output variables. ##
## ----------------- ##

AR='ar'
AWK='/usr/bin/awk'
CC='gcc'
CFLAGS='-g -O2'
CPP='gcc -E'
CPPFLAGS=''
DEFS='-DHAVE_CONFIG_H'
DSYMUTIL=''
DUMPBIN=''
ECHO='echo'
ECHO_C=''
ECHO_N='-n'
ECHO_T=''
EGREP='/bin/grep -E'
EXEEXT=''
FGREP='/bin/grep -F'
GREP='/bin/grep'
LD='/usr/bin/ld'
LDFLAGS=''
LIBOBJS=''
LIBS='-lattr '
LIBTOOL='$(SHELL) $(top_builddir)/libtool'
LIPO=''
LN_S='ln -s'
LTLIBOBJS=''
MAKE='make'
MAKEDEPEND='/bin/true'
MSGFMT='/usr/bin/msgfmt'
MSGMERGE='/usr/bin/msgmerge'
NM='/usr/bin/nm -B'
NMEDIT=''
OBJDUMP='objdump'
OBJEXT='o'
OTOOL64=''
OTOOL=''
PACKAGE_BUGREPORT=''
PACKAGE_NAME=''
PACKAGE_STRING=''
PACKAGE_TARNAME=''
PACKAGE_VERSION=''
PATH_SEPARATOR=':'
RANLIB='ranlib'
RPM=''
RPMBUILD=''
SED='/opt/ex3/ptxdist-2013/lib/ptxdist-2013.07.1/bin/sed'
SHELL='/bin/bash'
SORT='/usr/bin/sort'
STRIP='strip'
TAR='/bin/tar'
XGETTEXT='/usr/bin/xgettext'
ZIP='/bin/gzip'
ac_ct_CC='gcc'
ac_ct_DUMPBIN=''
awk='/usr/bin/awk'
bindir='${exec_prefix}/bin'
build='i686-pc-linux-gnu'
build_alias=''
build_cpu='i686'
build_os='linux-gnu'
build_vendor='pc'
cc='gcc'
datadir='${datarootdir}'
datarootdir='${prefix}/share'
debug_build='-DDEBUG'
docdir='${datarootdir}/doc/${PACKAGE}'
dvidir='${docdir}'
echo='echo'
enable_gettext='yes'
enable_lib64='no'
enable_shared='yes'
exec_prefix='${prefix}'
have_zipped_manpages='false'
host='i686-pc-linux-gnu'
host_alias=''
host_cpu='i686'
host_os='linux-gnu'
host_vendor='pc'
htmldir='${docdir}'
includedir='${prefix}/include'
infodir='${datarootdir}/info'
libattr='-lattr'
libdir='${exec_prefix}/lib'
libdirsuffix=''
libexecdir='/lib'
localedir='${datarootdir}/locale'
localstatedir='${prefix}/var'
lt_ECHO='echo'
make='make'
makedepend='/bin/true'
malloc_lib=''
mandir='${datarootdir}/man'
msgfmt='/usr/bin/msgfmt'
msgmerge='/usr/bin/msgmerge'
oldincludedir='/usr/include'
opt_build='-g -O2'
pdfdir='${docdir}'
pkg_distribution='Linux'
pkg_group='tdt4258'
pkg_name='acl'
pkg_platform='linux'
pkg_release='1'
pkg_user='tdt4258'
pkg_version='2.2.49'
prefix=''
program_transform_name='s,x,x,'
psdir='${docdir}'
rpm=''
rpm_version='0'
rpmbuild=''
sbindir='${exec_prefix}/sbin'
sed='/opt/ex3/ptxdist-2013/lib/ptxdist-2013.07.1/bin/sed'
sharedstatedir='${prefix}/com'
sort='/usr/bin/sort'
sysconfdir='${prefix}/etc'
tar='/bin/tar'
target_alias=''
xgettext='/usr/bin/xgettext'
zip='/bin/gzip'

## ----------- ##
## confdefs.h. ##
## ----------- ##

#define PACKAGE_NAME ""
#define PACKAGE_TARNAME ""
#define PACKAGE_VERSION ""
#define PACKAGE_STRING ""
#define PACKAGE_BUGREPORT ""
#define STDC_HEADERS 1
#define HAVE_SYS_TYPES_H 1
#define HAVE_SYS_STAT_H 1
#define HAVE_STDLIB_H 1
#define HAVE_STRING_H 1
#define HAVE_MEMORY_H 1
#define HAVE_STRINGS_H 1
#define HAVE_INTTYPES_H 1
#define HAVE_STDINT_H 1
#define HAVE_UNISTD_H 1
#define HAVE_DLFCN_H 1
#define LT_OBJDIR ".libs/"
#define ENABLE_GETTEXT 1
#define HAVE_ATTR_XATTR_H 1
#define HAVE_ATTR_ERROR_CONTEXT_H 1
#define HAVE_LIBATTR 1
#define HAVE_VISIBILITY_ATTRIBUTE /**/

configure: exit 0
