This file contains any messages produced by compilers while
running configure, to aid debugging if configure makes a mistake.

It was created by kmod configure 13, which was
generated by GNU Autoconf 2.69.  Invocation command line was

  $ ./configure --prefix= --disable-static --enable-shared --enable-tools --disable-manpages --disable-logging --disable-debug --disable-gtk-doc --disable-gtk-doc-html --disable-gtk-doc-pdf --without-xz --without-zlib

## --------- ##
## Platform. ##
## --------- ##

hostname = tdt4258-VirtualBox
uname -m = i686
uname -r = 3.13.0-93-generic
uname -s = Linux
uname -v = #140~precise1-Ubuntu SMP Tue Jul 19 19:56:32 UTC 2016

/usr/bin/uname -p = unknown
/bin/uname -X     = unknown

/bin/arch              = unknown
/usr/bin/arch -k       = unknown
/usr/convex/getsysinfo = unknown
/usr/bin/hostinfo      = unknown
/bin/machine           = unknown
/usr/bin/oslevel       = unknown
/bin/universe          = unknown

PATH: /home/tdt4258/Downloads/OSELAS.BSP-EnergyMicro-Gecko/platform-energymicro-efm32gg-dk3750/sysroot-host/lib/wrapper
PATH: /home/tdt4258/Downloads/OSELAS.BSP-EnergyMicro-Gecko/platform-energymicro-efm32gg-dk3750/sysroot-host/bin
PATH: /home/tdt4258/Downloads/OSELAS.BSP-EnergyMicro-Gecko/platform-energymicro-efm32gg-dk3750/sysroot-host/sbin
PATH: /home/tdt4258/Downloads/OSELAS.BSP-EnergyMicro-Gecko/selected_toolchain
PATH: /opt/ex3/ptxdist-2013/lib/ptxdist-2013.07.1/bin
PATH: /usr/lib/lightdm/lightdm
PATH: /usr/local/sbin
PATH: /usr/local/bin
PATH: /usr/sbin
PATH: /usr/bin
PATH: /sbin
PATH: /bin
PATH: /usr/games
PATH: /opt/ex3/ptxdist/bin
PATH: /opt/codesourcery/bin
PATH: /opt/profiler
PATH: /opt/eACommander
PATH: /opt/ex3/OSELAS.Toolchain-2012.12.0/arm-cortexm3-uclinuxeabi/gcc-4.7.2-uclibc-0.9.33.2-binutils-2.22-kernel-3.6-sanitized/bin
PATH: /home/tdt4258/JLink


## ----------- ##
## Core tests. ##
## ----------- ##

configure:2398: checking for a BSD-compatible install
configure:2466: result: /opt/ex3/ptxdist-2013/lib/ptxdist-2013.07.1/bin/install -c
configure:2477: checking whether build environment is sane
configure:2532: result: yes
configure:2683: checking for a thread-safe mkdir -p
configure:2722: result: /opt/ex3/ptxdist-2013/lib/ptxdist-2013.07.1/bin/mkdir -p
configure:2729: checking for gawk
configure:2745: found /usr/bin/gawk
configure:2756: result: gawk
configure:2767: checking whether make sets $(MAKE)
configure:2789: result: yes
configure:2818: checking whether make supports nested variables
configure:2835: result: yes
configure:2909: checking how to create a pax tar archive
configure:2922: tar --version
tar (GNU tar) 1.26
Copyright (C) 2011 Free Software Foundation, Inc.
License GPLv3+: GNU GPL version 3 or later <http://gnu.org/licenses/gpl.html>.
This is free software: you are free to change and redistribute it.
There is NO WARRANTY, to the extent permitted by law.

Written by John Gilmore and Jay Fenlason.
configure:2925: $? = 0
configure:2965: tardir=conftest.dir && eval tar --format=posix -chf - "$tardir" >conftest.tar
configure:2968: $? = 0
configure:2972: tar -xf - <conftest.tar
configure:2975: $? = 0
configure:2988: result: gnutar
configure:3007: checking for style of include used by make
configure:3035: result: GNU
configure:3106: checking for gcc
configure:3122: found /home/tdt4258/Downloads/OSELAS.BSP-EnergyMicro-Gecko/platform-energymicro-efm32gg-dk3750/sysroot-host/lib/wrapper/gcc
configure:3133: result: gcc
configure:3362: checking for C compiler version
configure:3371: gcc --version >&5
gcc (Ubuntu/Linaro 4.6.3-1ubuntu5) 4.6.3
Copyright (C) 2011 Free Software Foundation, Inc.
This is free software; see the source for copying conditions.  There is NO
warranty; not even for MERCHANTABILITY or FITNESS FOR A PARTICULAR PURPOSE.

configure:3382: $? = 0
configure:3371: gcc -v >&5
Using built-in specs.
COLLECT_GCC=/home/tdt4258/Downloads/OSELAS.BSP-EnergyMicro-Gecko/platform-energymicro-efm32gg-dk3750/sysroot-host/lib/wrapper/real/gcc
COLLECT_LTO_WRAPPER=/usr/lib/gcc/i686-linux-gnu/4.6/lto-wrapper
Target: i686-linux-gnu
Configured with: ../src/configure -v --with-pkgversion='Ubuntu/Linaro 4.6.3-1ubuntu5' --with-bugurl=file:///usr/share/doc/gcc-4.6/README.Bugs --enable-languages=c,c++,fortran,objc,obj-c++ --prefix=/usr --program-suffix=-4.6 --enable-shared --enable-linker-build-id --with-system-zlib --libexecdir=/usr/lib --without-included-gettext --enable-threads=posix --with-gxx-include-dir=/usr/include/c++/4.6 --libdir=/usr/lib --enable-nls --with-sysroot=/ --enable-clocale=gnu --enable-libstdcxx-debug --enable-libstdcxx-time=yes --enable-gnu-unique-object --enable-plugin --enable-objc-gc --enable-targets=all --disable-werror --with-arch-32=i686 --with-tune=generic --enable-checking=release --build=i686-linux-gnu --host=i686-linux-gnu --target=i686-linux-gnu
Thread model: posix
gcc version 4.6.3 (Ubuntu/Linaro 4.6.3-1ubuntu5) 
configure:3382: $? = 0
configure:3371: gcc -V >&5
gcc: error: unrecognized option '-V'
gcc: fatal error: no input files
compilation terminated.
configure:3382: $? = 4
configure:3371: gcc -qversion >&5
gcc: error: unrecognized option '-qversion'
gcc: fatal error: no input files
compilation terminated.
configure:3382: $? = 4
configure:3402: checking whether the C compiler works
configure:3424: gcc    conftest.c  >&5
configure:3428: $? = 0
configure:3476: result: yes
configure:3479: checking for C compiler default output file name
configure:3481: result: a.out
configure:3487: checking for suffix of executables
configure:3494: gcc -o conftest    conftest.c  >&5
configure:3498: $? = 0
configure:3520: result: 
configure:3542: checking whether we are cross compiling
configure:3550: gcc -o conftest    conftest.c  >&5
configure:3554: $? = 0
configure:3561: ./conftest
configure:3565: $? = 0
configure:3580: result: no
configure:3585: checking for suffix of object files
configure:3607: gcc -c   conftest.c >&5
configure:3611: $? = 0
configure:3632: result: o
configure:3636: checking whether we are using the GNU C compiler
configure:3655: gcc -c   conftest.c >&5
configure:3655: $? = 0
configure:3664: result: yes
configure:3673: checking whether gcc accepts -g
configure:3693: gcc -c -g  conftest.c >&5
configure:3693: $? = 0
configure:3734: result: yes
configure:3751: checking for gcc option to accept ISO C89
configure:3814: gcc  -c -g -O2  conftest.c >&5
configure:3814: $? = 0
configure:3827: result: none needed
configure:3849: checking dependency style of gcc
configure:3960: result: gcc3
configure:3979: checking for gcc option to accept ISO C99
configure:4128: gcc  -c -g -O2  conftest.c >&5
conftest.c:61:29: error: expected ';', ',' or ')' before 'text'
conftest.c: In function 'main':
conftest.c:115:18: error: expected '=', ',', ';', 'asm' or '__attribute__' before 'newvar'
conftest.c:115:18: error: 'newvar' undeclared (first use in this function)
conftest.c:115:18: note: each undeclared identifier is reported only once for each function it appears in
conftest.c:125:3: error: 'for' loop initial declarations are only allowed in C99 mode
conftest.c:125:3: note: use option -std=c99 or -std=gnu99 to compile your code
configure:4128: $? = 1
configure: failed program was:
| /* confdefs.h */
| #define PACKAGE_NAME "kmod"
| #define PACKAGE_TARNAME "kmod"
| #define PACKAGE_VERSION "13"
| #define PACKAGE_STRING "kmod 13"
| #define PACKAGE_BUGREPORT "linux-modules@vger.kernel.org"
| #define PACKAGE_URL "http://git.kernel.org/?p=utils/kernel/kmod/kmod.git"
| #define PACKAGE "kmod"
| #define VERSION "13"
| /* end confdefs.h.  */
| #include <stdarg.h>
| #include <stdbool.h>
| #include <stdlib.h>
| #include <wchar.h>
| #include <stdio.h>
| 
| // Check varargs macros.  These examples are taken from C99 6.10.3.5.
| #define debug(...) fprintf (stderr, __VA_ARGS__)
| #define showlist(...) puts (#__VA_ARGS__)
| #define report(test,...) ((test) ? puts (#test) : printf (__VA_ARGS__))
| static void
| test_varargs_macros (void)
| {
|   int x = 1234;
|   int y = 5678;
|   debug ("Flag");
|   debug ("X = %d\n", x);
|   showlist (The first, second, and third items.);
|   report (x>y, "x is %d but y is %d", x, y);
| }
| 
| // Check long long types.
| #define BIG64 18446744073709551615ull
| #define BIG32 4294967295ul
| #define BIG_OK (BIG64 / BIG32 == 4294967297ull && BIG64 % BIG32 == 0)
| #if !BIG_OK
|   your preprocessor is broken;
| #endif
| #if BIG_OK
| #else
|   your preprocessor is broken;
| #endif
| static long long int bignum = -9223372036854775807LL;
| static unsigned long long int ubignum = BIG64;
| 
| struct incomplete_array
| {
|   int datasize;
|   double data[];
| };
| 
| struct named_init {
|   int number;
|   const wchar_t *name;
|   double average;
| };
| 
| typedef const char *ccp;
| 
| static inline int
| test_restrict (ccp restrict text)
| {
|   // See if C++-style comments work.
|   // Iterate through items via the restricted pointer.
|   // Also check for declarations in for loops.
|   for (unsigned int i = 0; *(text+i) != '\0'; ++i)
|     continue;
|   return 0;
| }
| 
| // Check varargs and va_copy.
| static void
| test_varargs (const char *format, ...)
| {
|   va_list args;
|   va_start (args, format);
|   va_list args_copy;
|   va_copy (args_copy, args);
| 
|   const char *str;
|   int number;
|   float fnumber;
| 
|   while (*format)
|     {
|       switch (*format++)
| 	{
| 	case 's': // string
| 	  str = va_arg (args_copy, const char *);
| 	  break;
| 	case 'd': // int
| 	  number = va_arg (args_copy, int);
| 	  break;
| 	case 'f': // float
| 	  fnumber = va_arg (args_copy, double);
| 	  break;
| 	default:
| 	  break;
| 	}
|     }
|   va_end (args_copy);
|   va_end (args);
| }
| 
| int
| main ()
| {
| 
|   // Check bool.
|   _Bool success = false;
| 
|   // Check restrict.
|   if (test_restrict ("String literal") == 0)
|     success = true;
|   char *restrict newvar = "Another string";
| 
|   // Check varargs.
|   test_varargs ("s, d' f .", "string", 65, 34.234);
|   test_varargs_macros ();
| 
|   // Check flexible array members.
|   struct incomplete_array *ia =
|     malloc (sizeof (struct incomplete_array) + (sizeof (double) * 10));
|   ia->datasize = 10;
|   for (int i = 0; i < ia->datasize; ++i)
|     ia->data[i] = i * 1.234;
| 
|   // Check named initializers.
|   struct named_init ni = {
|     .number = 34,
|     .name = L"Test wide string",
|     .average = 543.34343,
|   };
| 
|   ni.number = 58;
| 
|   int dynamic_array[ni.number];
|   dynamic_array[ni.number - 1] = 543;
| 
|   // work around unused variable warnings
|   return (!success || bignum == 0LL || ubignum == 0uLL || newvar[0] == 'x'
| 	  || dynamic_array[ni.number - 1] != 543);
| 
|   ;
|   return 0;
| }
configure:4128: gcc -std=gnu99 -c -g -O2  conftest.c >&5
configure:4128: $? = 0
configure:4148: result: -std=gnu99
configure:4249: checking for gcc -std=gnu99 option to accept ISO Standard C
configure:4263: result: -std=gnu99
configure:4273: checking how to run the C preprocessor
configure:4304: gcc -std=gnu99 -E  conftest.c
configure:4304: $? = 0
configure:4318: gcc -std=gnu99 -E  conftest.c
conftest.c:11:28: fatal error: ac_nonexistent.h: No such file or directory
compilation terminated.
configure:4318: $? = 1
configure: failed program was:
| /* confdefs.h */
| #define PACKAGE_NAME "kmod"
| #define PACKAGE_TARNAME "kmod"
| #define PACKAGE_VERSION "13"
| #define PACKAGE_STRING "kmod 13"
| #define PACKAGE_BUGREPORT "linux-modules@vger.kernel.org"
| #define PACKAGE_URL "http://git.kernel.org/?p=utils/kernel/kmod/kmod.git"
| #define PACKAGE "kmod"
| #define VERSION "13"
| /* end confdefs.h.  */
| #include <ac_nonexistent.h>
configure:4343: result: gcc -std=gnu99 -E
configure:4363: gcc -std=gnu99 -E  conftest.c
configure:4363: $? = 0
configure:4377: gcc -std=gnu99 -E  conftest.c
conftest.c:11:28: fatal error: ac_nonexistent.h: No such file or directory
compilation terminated.
configure:4377: $? = 1
configure: failed program was:
| /* confdefs.h */
| #define PACKAGE_NAME "kmod"
| #define PACKAGE_TARNAME "kmod"
| #define PACKAGE_VERSION "13"
| #define PACKAGE_STRING "kmod 13"
| #define PACKAGE_BUGREPORT "linux-modules@vger.kernel.org"
| #define PACKAGE_URL "http://git.kernel.org/?p=utils/kernel/kmod/kmod.git"
| #define PACKAGE "kmod"
| #define VERSION "13"
| /* end confdefs.h.  */
| #include <ac_nonexistent.h>
configure:4406: checking for grep that handles long lines and -e
configure:4464: result: /bin/grep
configure:4469: checking for egrep
configure:4531: result: /bin/grep -E
configure:4536: checking for ANSI C header files
configure:4556: gcc -std=gnu99 -c -g -O2  conftest.c >&5
configure:4556: $? = 0
configure:4629: gcc -std=gnu99 -o conftest -g -O2   conftest.c  >&5
configure:4629: $? = 0
configure:4629: ./conftest
configure:4629: $? = 0
configure:4640: result: yes
configure:4653: checking for sys/types.h
configure:4653: gcc -std=gnu99 -c -g -O2  conftest.c >&5
configure:4653: $? = 0
configure:4653: result: yes
configure:4653: checking for sys/stat.h
configure:4653: gcc -std=gnu99 -c -g -O2  conftest.c >&5
configure:4653: $? = 0
configure:4653: result: yes
configure:4653: checking for stdlib.h
configure:4653: gcc -std=gnu99 -c -g -O2  conftest.c >&5
configure:4653: $? = 0
configure:4653: result: yes
configure:4653: checking for string.h
configure:4653: gcc -std=gnu99 -c -g -O2  conftest.c >&5
configure:4653: $? = 0
configure:4653: result: yes
configure:4653: checking for memory.h
configure:4653: gcc -std=gnu99 -c -g -O2  conftest.c >&5
configure:4653: $? = 0
configure:4653: result: yes
configure:4653: checking for strings.h
configure:4653: gcc -std=gnu99 -c -g -O2  conftest.c >&5
configure:4653: $? = 0
configure:4653: result: yes
configure:4653: checking for inttypes.h
configure:4653: gcc -std=gnu99 -c -g -O2  conftest.c >&5
configure:4653: $? = 0
configure:4653: result: yes
configure:4653: checking for stdint.h
configure:4653: gcc -std=gnu99 -c -g -O2  conftest.c >&5
configure:4653: $? = 0
configure:4653: result: yes
configure:4653: checking for unistd.h
configure:4653: gcc -std=gnu99 -c -g -O2  conftest.c >&5
configure:4653: $? = 0
configure:4653: result: yes
configure:4666: checking minix/config.h usability
configure:4666: gcc -std=gnu99 -c -g -O2  conftest.c >&5
conftest.c:54:26: fatal error: minix/config.h: No such file or directory
compilation terminated.
configure:4666: $? = 1
configure: failed program was:
| /* confdefs.h */
| #define PACKAGE_NAME "kmod"
| #define PACKAGE_TARNAME "kmod"
| #define PACKAGE_VERSION "13"
| #define PACKAGE_STRING "kmod 13"
| #define PACKAGE_BUGREPORT "linux-modules@vger.kernel.org"
| #define PACKAGE_URL "http://git.kernel.org/?p=utils/kernel/kmod/kmod.git"
| #define PACKAGE "kmod"
| #define VERSION "13"
| #define STDC_HEADERS 1
| #define HAVE_SYS_TYPES_H 1
| #define HAVE_SYS_STAT_H 1
| #define HAVE_STDLIB_H 1
| #define HAVE_STRING_H 1
| #define HAVE_MEMORY_H 1
| #define HAVE_STRINGS_H 1
| #define HAVE_INTTYPES_H 1
| #define HAVE_STDINT_H 1
| #define HAVE_UNISTD_H 1
| /* end confdefs.h.  */
| #include <stdio.h>
| #ifdef HAVE_SYS_TYPES_H
| # include <sys/types.h>
| #endif
| #ifdef HAVE_SYS_STAT_H
| # include <sys/stat.h>
| #endif
| #ifdef STDC_HEADERS
| # include <stdlib.h>
| # include <stddef.h>
| #else
| # ifdef HAVE_STDLIB_H
| #  include <stdlib.h>
| # endif
| #endif
| #ifdef HAVE_STRING_H
| # if !defined STDC_HEADERS && defined HAVE_MEMORY_H
| #  include <memory.h>
| # endif
| # include <string.h>
| #endif
| #ifdef HAVE_STRINGS_H
| # include <strings.h>
| #endif
| #ifdef HAVE_INTTYPES_H
| # include <inttypes.h>
| #endif
| #ifdef HAVE_STDINT_H
| # include <stdint.h>
| #endif
| #ifdef HAVE_UNISTD_H
| # include <unistd.h>
| #endif
| #include <minix/config.h>
configure:4666: result: no
configure:4666: checking minix/config.h presence
configure:4666: gcc -std=gnu99 -E  conftest.c
conftest.c:21:26: fatal error: minix/config.h: No such file or directory
compilation terminated.
configure:4666: $? = 1
configure: failed program was:
| /* confdefs.h */
| #define PACKAGE_NAME "kmod"
| #define PACKAGE_TARNAME "kmod"
| #define PACKAGE_VERSION "13"
| #define PACKAGE_STRING "kmod 13"
| #define PACKAGE_BUGREPORT "linux-modules@vger.kernel.org"
| #define PACKAGE_URL "http://git.kernel.org/?p=utils/kernel/kmod/kmod.git"
| #define PACKAGE "kmod"
| #define VERSION "13"
| #define STDC_HEADERS 1
| #define HAVE_SYS_TYPES_H 1
| #define HAVE_SYS_STAT_H 1
| #define HAVE_STDLIB_H 1
| #define HAVE_STRING_H 1
| #define HAVE_MEMORY_H 1
| #define HAVE_STRINGS_H 1
| #define HAVE_INTTYPES_H 1
| #define HAVE_STDINT_H 1
| #define HAVE_UNISTD_H 1
| /* end confdefs.h.  */
| #include <minix/config.h>
configure:4666: result: no
configure:4666: checking for minix/config.h
configure:4666: result: no
configure:4687: checking whether it is safe to define __EXTENSIONS__
configure:4705: gcc -std=gnu99 -c -g -O2  conftest.c >&5
configure:4705: $? = 0
configure:4712: result: yes
configure:4733: checking for special C compiler options needed for large files
configure:4778: result: no
configure:4784: checking for _FILE_OFFSET_BITS value needed for large files
configure:4809: gcc -std=gnu99 -c -g -O2  conftest.c >&5
conftest.c:32:3: warning: left shift count >= width of type [enabled by default]
conftest.c:32:3: warning: left shift count >= width of type [enabled by default]
conftest.c:33:10: warning: left shift count >= width of type [enabled by default]
conftest.c:33:10: warning: left shift count >= width of type [enabled by default]
conftest.c:32:7: error: size of array 'off_t_is_large' is negative
conftest.c:34:9: warning: variably modified 'off_t_is_large' at file scope [enabled by default]
configure:4809: $? = 1
configure: failed program was:
| /* confdefs.h */
| #define PACKAGE_NAME "kmod"
| #define PACKAGE_TARNAME "kmod"
| #define PACKAGE_VERSION "13"
| #define PACKAGE_STRING "kmod 13"
| #define PACKAGE_BUGREPORT "linux-modules@vger.kernel.org"
| #define PACKAGE_URL "http://git.kernel.org/?p=utils/kernel/kmod/kmod.git"
| #define PACKAGE "kmod"
| #define VERSION "13"
| #define STDC_HEADERS 1
| #define HAVE_SYS_TYPES_H 1
| #define HAVE_SYS_STAT_H 1
| #define HAVE_STDLIB_H 1
| #define HAVE_STRING_H 1
| #define HAVE_MEMORY_H 1
| #define HAVE_STRINGS_H 1
| #define HAVE_INTTYPES_H 1
| #define HAVE_STDINT_H 1
| #define HAVE_UNISTD_H 1
| #define __EXTENSIONS__ 1
| #define _ALL_SOURCE 1
| #define _GNU_SOURCE 1
| #define _POSIX_PTHREAD_SEMANTICS 1
| #define _TANDEM_SOURCE 1
| /* end confdefs.h.  */
| #include <sys/types.h>
|  /* Check that off_t can represent 2**63 - 1 correctly.
|     We can't simply define LARGE_OFF_T to be 9223372036854775807,
|     since some C++ compilers masquerading as C compilers
|     incorrectly reject 9223372036854775807.  */
| #define LARGE_OFF_T (((off_t) 1 << 62) - 1 + ((off_t) 1 << 62))
|   int off_t_is_large[(LARGE_OFF_T % 2147483629 == 721
| 		       && LARGE_OFF_T % 2147483647 == 1)
| 		      ? 1 : -1];
| int
| main ()
| {
| 
|   ;
|   return 0;
| }
configure:4833: gcc -std=gnu99 -c -g -O2  conftest.c >&5
configure:4833: $? = 0
configure:4841: result: 64
configure:4939: checking whether make supports nested variables
configure:4956: result: yes
configure:4996: checking build system type
configure:5010: result: i686-pc-linux-gnu
configure:5030: checking host system type
configure:5043: result: i686-pc-linux-gnu
configure:5084: checking how to print strings
configure:5111: result: printf
configure:5132: checking for a sed that does not truncate output
configure:5196: result: /opt/ex3/ptxdist-2013/lib/ptxdist-2013.07.1/bin/sed
configure:5214: checking for fgrep
configure:5276: result: /bin/grep -F
configure:5311: checking for ld used by gcc -std=gnu99
configure:5378: result: /usr/bin/ld
configure:5385: checking if the linker (/usr/bin/ld) is GNU ld
configure:5400: result: yes
configure:5412: checking for BSD- or MS-compatible name lister (nm)
configure:5461: result: /usr/bin/nm -B
configure:5591: checking the name lister (/usr/bin/nm -B) interface
configure:5598: gcc -std=gnu99 -c -g -O2  conftest.c >&5
configure:5601: /usr/bin/nm -B "conftest.o"
configure:5604: output
00000000 B some_variable
configure:5611: result: BSD nm
configure:5614: checking whether ln -s works
configure:5618: result: yes
configure:5626: checking the maximum length of command line arguments
configure:5756: result: 805306365
configure:5773: checking whether the shell understands some XSI constructs
configure:5783: result: yes
configure:5787: checking whether the shell understands "+="
configure:5793: result: yes
configure:5828: checking how to convert i686-pc-linux-gnu file names to i686-pc-linux-gnu format
configure:5868: result: func_convert_file_noop
configure:5875: checking how to convert i686-pc-linux-gnu file names to toolchain format
configure:5895: result: func_convert_file_noop
configure:5902: checking for /usr/bin/ld option to reload object files
configure:5909: result: -r
configure:5983: checking for objdump
configure:5999: found /usr/bin/objdump
configure:6010: result: objdump
configure:6042: checking how to recognize dependent libraries
configure:6244: result: pass_all
configure:6329: checking for dlltool
configure:6359: result: no
configure:6389: checking how to associate runtime and link libraries
configure:6416: result: printf %s\n
configure:6476: checking for ar
configure:6492: found /usr/bin/ar
configure:6503: result: ar
configure:6540: checking for archiver @FILE support
configure:6557: gcc -std=gnu99 -c -g -O2  conftest.c >&5
configure:6557: $? = 0
configure:6560: ar cru libconftest.a @conftest.lst >&5
configure:6563: $? = 0
configure:6568: ar cru libconftest.a @conftest.lst >&5
ar: conftest.o: No such file or directory
configure:6571: $? = 1
configure:6583: result: @
configure:6641: checking for strip
configure:6657: found /usr/bin/strip
configure:6668: result: strip
configure:6740: checking for ranlib
configure:6756: found /usr/bin/ranlib
configure:6767: result: ranlib
configure:6869: checking command to parse /usr/bin/nm -B output from gcc -std=gnu99 object
configure:6989: gcc -std=gnu99 -c -g -O2  conftest.c >&5
configure:6992: $? = 0
configure:6996: /usr/bin/nm -B conftest.o \| sed -n -e 's/^.*[ ]\([ABCDGIRSTW][ABCDGIRSTW]*\)[ ][ ]*\([_A-Za-z][_A-Za-z0-9]*\)$/\1 \2 \2/p' | sed '/ __gnu_lto/d' \> conftest.nm
configure:6999: $? = 0
configure:7065: gcc -std=gnu99 -o conftest -g -O2   conftest.c conftstm.o >&5
configure:7068: $? = 0
configure:7106: result: ok
configure:7143: checking for sysroot
configure:7173: result: no
configure:7429: checking for mt
configure:7445: found /bin/mt
configure:7456: result: mt
configure:7479: checking if mt is a manifest tool
configure:7485: mt '-?'
configure:7493: result: no
configure:8132: checking for dlfcn.h
configure:8132: gcc -std=gnu99 -c -g -O2  conftest.c >&5
configure:8132: $? = 0
configure:8132: result: yes
configure:8336: checking for objdir
configure:8351: result: .libs
configure:8622: checking if gcc -std=gnu99 supports -fno-rtti -fno-exceptions
configure:8640: gcc -std=gnu99 -c -g -O2  -fno-rtti -fno-exceptions conftest.c >&5
cc1: warning: command line option '-fno-rtti' is valid for C++/ObjC++ but not for C [enabled by default]
configure:8644: $? = 0
configure:8657: result: no
configure:8984: checking for gcc -std=gnu99 option to produce PIC
configure:8991: result: -fPIC -DPIC
configure:8999: checking if gcc -std=gnu99 PIC flag -fPIC -DPIC works
configure:9017: gcc -std=gnu99 -c -g -O2  -fPIC -DPIC -DPIC conftest.c >&5
configure:9021: $? = 0
configure:9034: result: yes
configure:9063: checking if gcc -std=gnu99 static flag -static works
configure:9091: result: yes
configure:9106: checking if gcc -std=gnu99 supports -c -o file.o
configure:9127: gcc -std=gnu99 -c -g -O2  -o out/conftest2.o conftest.c >&5
configure:9131: $? = 0
configure:9153: result: yes
configure:9161: checking if gcc -std=gnu99 supports -c -o file.o
configure:9208: result: yes
configure:9241: checking whether the gcc -std=gnu99 linker (/usr/bin/ld) supports shared libraries
configure:10394: result: yes
configure:10431: checking whether -lc should be explicitly linked in
configure:10439: gcc -std=gnu99 -c -g -O2  conftest.c >&5
configure:10442: $? = 0
configure:10457: gcc -std=gnu99 -shared  -fPIC -DPIC conftest.o  -v -Wl,-soname -Wl,conftest -o conftest 2\>\&1 \| /bin/grep  -lc  \>/dev/null 2\>\&1
configure:10460: $? = 0
configure:10474: result: no
configure:10634: checking dynamic linker characteristics
configure:11145: gcc -std=gnu99 -o conftest -g -O2   -Wl,-rpath -Wl,/foo conftest.c  >&5
configure:11145: $? = 0
configure:11367: result: GNU/Linux ld.so
configure:11474: checking how to hardcode library paths into programs
configure:11499: result: immediate
configure:12039: checking whether stripping libraries is possible
configure:12044: result: yes
configure:12079: checking if libtool supports shared libraries
configure:12081: result: yes
configure:12084: checking whether to build shared libraries
configure:12105: result: yes
configure:12108: checking whether to build static libraries
configure:12112: result: no
configure:12203: checking for gcc
configure:12230: result: gcc
configure:12459: checking for C compiler version
configure:12468: gcc --version >&5
gcc (Ubuntu/Linaro 4.6.3-1ubuntu5) 4.6.3
Copyright (C) 2011 Free Software Foundation, Inc.
This is free software; see the source for copying conditions.  There is NO
warranty; not even for MERCHANTABILITY or FITNESS FOR A PARTICULAR PURPOSE.

configure:12479: $? = 0
configure:12468: gcc -v >&5
Using built-in specs.
COLLECT_GCC=/home/tdt4258/Downloads/OSELAS.BSP-EnergyMicro-Gecko/platform-energymicro-efm32gg-dk3750/sysroot-host/lib/wrapper/real/gcc
COLLECT_LTO_WRAPPER=/usr/lib/gcc/i686-linux-gnu/4.6/lto-wrapper
Target: i686-linux-gnu
Configured with: ../src/configure -v --with-pkgversion='Ubuntu/Linaro 4.6.3-1ubuntu5' --with-bugurl=file:///usr/share/doc/gcc-4.6/README.Bugs --enable-languages=c,c++,fortran,objc,obj-c++ --prefix=/usr --program-suffix=-4.6 --enable-shared --enable-linker-build-id --with-system-zlib --libexecdir=/usr/lib --without-included-gettext --enable-threads=posix --with-gxx-include-dir=/usr/include/c++/4.6 --libdir=/usr/lib --enable-nls --with-sysroot=/ --enable-clocale=gnu --enable-libstdcxx-debug --enable-libstdcxx-time=yes --enable-gnu-unique-object --enable-plugin --enable-objc-gc --enable-targets=all --disable-werror --with-arch-32=i686 --with-tune=generic --enable-checking=release --build=i686-linux-gnu --host=i686-linux-gnu --target=i686-linux-gnu
Thread model: posix
gcc version 4.6.3 (Ubuntu/Linaro 4.6.3-1ubuntu5) 
configure:12479: $? = 0
configure:12468: gcc -V >&5
gcc: error: unrecognized option '-V'
gcc: fatal error: no input files
compilation terminated.
configure:12479: $? = 4
configure:12468: gcc -qversion >&5
gcc: error: unrecognized option '-qversion'
gcc: fatal error: no input files
compilation terminated.
configure:12479: $? = 4
configure:12483: checking whether we are using the GNU C compiler
configure:12511: result: yes
configure:12520: checking whether gcc accepts -g
configure:12581: result: yes
configure:12598: checking for gcc option to accept ISO C89
configure:12674: result: none needed
configure:12696: checking dependency style of gcc
configure:12807: result: gcc3
configure:12822: checking for gcc option to accept ISO C99
configure:12991: result: -std=gnu99
configure:13000: checking for typeof syntax and keyword spelling
configure:13031: gcc -std=gnu99 -c -g -O2  conftest.c >&5
configure:13031: $? = 0
configure:13038: result: typeof
configure:13054: checking whether gcc -std=gnu99 and cc understand -c and -o together
configure:13085: gcc -std=gnu99 -c conftest.c -o conftest2.o >&5
configure:13089: $? = 0
configure:13095: gcc -std=gnu99 -c conftest.c -o conftest2.o >&5
configure:13099: $? = 0
configure:13110: cc -c conftest.c >&5
configure:13114: $? = 0
configure:13122: cc -c conftest.c -o conftest2.o >&5
configure:13126: $? = 0
configure:13132: cc -c conftest.c -o conftest2.o >&5
configure:13136: $? = 0
configure:13154: result: yes
configure:13180: checking whether gcc -std=gnu99 needs -traditional
configure:13214: result: no
configure:13221: checking whether byte ordering is bigendian
configure:13236: gcc -std=gnu99 -c -g -O2  conftest.c >&5
conftest.c:31:9: error: unknown type name 'not'
conftest.c:31:15: error: expected '=', ',', ';', 'asm' or '__attribute__' before 'universal'
conftest.c:31:15: error: unknown type name 'universal'
configure:13236: $? = 1
configure: failed program was:
| /* confdefs.h */
| #define PACKAGE_NAME "kmod"
| #define PACKAGE_TARNAME "kmod"
| #define PACKAGE_VERSION "13"
| #define PACKAGE_STRING "kmod 13"
| #define PACKAGE_BUGREPORT "linux-modules@vger.kernel.org"
| #define PACKAGE_URL "http://git.kernel.org/?p=utils/kernel/kmod/kmod.git"
| #define PACKAGE "kmod"
| #define VERSION "13"
| #define STDC_HEADERS 1
| #define HAVE_SYS_TYPES_H 1
| #define HAVE_SYS_STAT_H 1
| #define HAVE_STDLIB_H 1
| #define HAVE_STRING_H 1
| #define HAVE_MEMORY_H 1
| #define HAVE_STRINGS_H 1
| #define HAVE_INTTYPES_H 1
| #define HAVE_STDINT_H 1
| #define HAVE_UNISTD_H 1
| #define __EXTENSIONS__ 1
| #define _ALL_SOURCE 1
| #define _GNU_SOURCE 1
| #define _POSIX_PTHREAD_SEMANTICS 1
| #define _TANDEM_SOURCE 1
| #define _FILE_OFFSET_BITS 64
| #define HAVE_DLFCN_H 1
| #define LT_OBJDIR ".libs/"
| #define HAVE_TYPEOF 1
| /* end confdefs.h.  */
| #ifndef __APPLE_CC__
| 	       not a universal capable compiler
| 	     #endif
| 	     typedef int dummy;
| 
configure:13281: gcc -std=gnu99 -c -g -O2  conftest.c >&5
configure:13281: $? = 0
configure:13299: gcc -std=gnu99 -c -g -O2  conftest.c >&5
conftest.c: In function 'main':
conftest.c:37:4: error: unknown type name 'not'
conftest.c:37:12: error: expected '=', ',', ';', 'asm' or '__attribute__' before 'endian'
configure:13299: $? = 1
configure: failed program was:
| /* confdefs.h */
| #define PACKAGE_NAME "kmod"
| #define PACKAGE_TARNAME "kmod"
| #define PACKAGE_VERSION "13"
| #define PACKAGE_STRING "kmod 13"
| #define PACKAGE_BUGREPORT "linux-modules@vger.kernel.org"
| #define PACKAGE_URL "http://git.kernel.org/?p=utils/kernel/kmod/kmod.git"
| #define PACKAGE "kmod"
| #define VERSION "13"
| #define STDC_HEADERS 1
| #define HAVE_SYS_TYPES_H 1
| #define HAVE_SYS_STAT_H 1
| #define HAVE_STDLIB_H 1
| #define HAVE_STRING_H 1
| #define HAVE_MEMORY_H 1
| #define HAVE_STRINGS_H 1
| #define HAVE_INTTYPES_H 1
| #define HAVE_STDINT_H 1
| #define HAVE_UNISTD_H 1
| #define __EXTENSIONS__ 1
| #define _ALL_SOURCE 1
| #define _GNU_SOURCE 1
| #define _POSIX_PTHREAD_SEMANTICS 1
| #define _TANDEM_SOURCE 1
| #define _FILE_OFFSET_BITS 64
| #define HAVE_DLFCN_H 1
| #define LT_OBJDIR ".libs/"
| #define HAVE_TYPEOF 1
| /* end confdefs.h.  */
| #include <sys/types.h>
| 		#include <sys/param.h>
| 
| int
| main ()
| {
| #if BYTE_ORDER != BIG_ENDIAN
| 		 not big endian
| 		#endif
| 
|   ;
|   return 0;
| }
configure:13427: result: no
configure:13446: checking for a sed that does not truncate output
configure:13510: result: /opt/ex3/ptxdist-2013/lib/ptxdist-2013.07.1/bin/sed
configure:13570: checking for pkg-config
configure:13588: found /home/tdt4258/Downloads/OSELAS.BSP-EnergyMicro-Gecko/platform-energymicro-efm32gg-dk3750/sysroot-host/bin/pkg-config
configure:13600: result: /home/tdt4258/Downloads/OSELAS.BSP-EnergyMicro-Gecko/platform-energymicro-efm32gg-dk3750/sysroot-host/bin/pkg-config
configure:13625: checking pkg-config is at least version 0.9.0
configure:13628: result: yes
configure:13648: checking for __xstat
configure:13648: gcc -std=gnu99 -o conftest -g -O2   conftest.c  >&5
configure:13648: $? = 0
configure:13648: result: yes
configure:13648: checking for __secure_getenv
configure:13648: gcc -std=gnu99 -o conftest -g -O2   conftest.c  >&5
configure:13648: $? = 0
configure:13648: result: yes
configure:13648: checking for secure_getenv
configure:13648: gcc -std=gnu99 -o conftest -g -O2   conftest.c  >&5
/tmp/ccXOMAyc.o: In function `main':
/home/tdt4258/Downloads/OSELAS.BSP-EnergyMicro-Gecko/platform-energymicro-efm32gg-dk3750/build-host/kmod-13/conftest.c:66: undefined reference to `secure_getenv'
collect2: ld returned 1 exit status
configure:13648: $? = 1
configure: failed program was:
| /* confdefs.h */
| #define PACKAGE_NAME "kmod"
| #define PACKAGE_TARNAME "kmod"
| #define PACKAGE_VERSION "13"
| #define PACKAGE_STRING "kmod 13"
| #define PACKAGE_BUGREPORT "linux-modules@vger.kernel.org"
| #define PACKAGE_URL "http://git.kernel.org/?p=utils/kernel/kmod/kmod.git"
| #define PACKAGE "kmod"
| #define VERSION "13"
| #define STDC_HEADERS 1
| #define HAVE_SYS_TYPES_H 1
| #define HAVE_SYS_STAT_H 1
| #define HAVE_STDLIB_H 1
| #define HAVE_STRING_H 1
| #define HAVE_MEMORY_H 1
| #define HAVE_STRINGS_H 1
| #define HAVE_INTTYPES_H 1
| #define HAVE_STDINT_H 1
| #define HAVE_UNISTD_H 1
| #define __EXTENSIONS__ 1
| #define _ALL_SOURCE 1
| #define _GNU_SOURCE 1
| #define _POSIX_PTHREAD_SEMANTICS 1
| #define _TANDEM_SOURCE 1
| #define _FILE_OFFSET_BITS 64
| #define HAVE_DLFCN_H 1
| #define LT_OBJDIR ".libs/"
| #define HAVE_TYPEOF 1
| #define HAVE___XSTAT 1
| #define HAVE___SECURE_GETENV 1
| /* end confdefs.h.  */
| /* Define secure_getenv to an innocuous variant, in case <limits.h> declares secure_getenv.
|    For example, HP-UX 11i <limits.h> declares gettimeofday.  */
| #define secure_getenv innocuous_secure_getenv
| 
| /* System header to define __stub macros and hopefully few prototypes,
|     which can conflict with char secure_getenv (); below.
|     Prefer <limits.h> to <assert.h> if __STDC__ is defined, since
|     <limits.h> exists even on freestanding compilers.  */
| 
| #ifdef __STDC__
| # include <limits.h>
| #else
| # include <assert.h>
| #endif
| 
| #undef secure_getenv
| 
| /* Override any GCC internal prototype to avoid an error.
|    Use char because int might match the return type of a GCC
|    builtin and then its argument prototype would still apply.  */
| #ifdef __cplusplus
| extern "C"
| #endif
| char secure_getenv ();
| /* The GNU C library defines this for functions which it implements
|     to always fail with ENOSYS.  Some functions are actually named
|     something starting with __ and the normal name is an alias.  */
| #if defined __stub_secure_getenv || defined __stub___secure_getenv
| choke me
| #endif
| 
| int
| main ()
| {
| return secure_getenv ();
|   ;
|   return 0;
| }
configure:13648: result: no
configure:13648: checking for finit_module
configure:13648: gcc -std=gnu99 -o conftest -g -O2   conftest.c  >&5
/tmp/ccB8Udeh.o: In function `main':
/home/tdt4258/Downloads/OSELAS.BSP-EnergyMicro-Gecko/platform-energymicro-efm32gg-dk3750/build-host/kmod-13/conftest.c:66: undefined reference to `finit_module'
collect2: ld returned 1 exit status
configure:13648: $? = 1
configure: failed program was:
| /* confdefs.h */
| #define PACKAGE_NAME "kmod"
| #define PACKAGE_TARNAME "kmod"
| #define PACKAGE_VERSION "13"
| #define PACKAGE_STRING "kmod 13"
| #define PACKAGE_BUGREPORT "linux-modules@vger.kernel.org"
| #define PACKAGE_URL "http://git.kernel.org/?p=utils/kernel/kmod/kmod.git"
| #define PACKAGE "kmod"
| #define VERSION "13"
| #define STDC_HEADERS 1
| #define HAVE_SYS_TYPES_H 1
| #define HAVE_SYS_STAT_H 1
| #define HAVE_STDLIB_H 1
| #define HAVE_STRING_H 1
| #define HAVE_MEMORY_H 1
| #define HAVE_STRINGS_H 1
| #define HAVE_INTTYPES_H 1
| #define HAVE_STDINT_H 1
| #define HAVE_UNISTD_H 1
| #define __EXTENSIONS__ 1
| #define _ALL_SOURCE 1
| #define _GNU_SOURCE 1
| #define _POSIX_PTHREAD_SEMANTICS 1
| #define _TANDEM_SOURCE 1
| #define _FILE_OFFSET_BITS 64
| #define HAVE_DLFCN_H 1
| #define LT_OBJDIR ".libs/"
| #define HAVE_TYPEOF 1
| #define HAVE___XSTAT 1
| #define HAVE___SECURE_GETENV 1
| /* end confdefs.h.  */
| /* Define finit_module to an innocuous variant, in case <limits.h> declares finit_module.
|    For example, HP-UX 11i <limits.h> declares gettimeofday.  */
| #define finit_module innocuous_finit_module
| 
| /* System header to define __stub macros and hopefully few prototypes,
|     which can conflict with char finit_module (); below.
|     Prefer <limits.h> to <assert.h> if __STDC__ is defined, since
|     <limits.h> exists even on freestanding compilers.  */
| 
| #ifdef __STDC__
| # include <limits.h>
| #else
| # include <assert.h>
| #endif
| 
| #undef finit_module
| 
| /* Override any GCC internal prototype to avoid an error.
|    Use char because int might match the return type of a GCC
|    builtin and then its argument prototype would still apply.  */
| #ifdef __cplusplus
| extern "C"
| #endif
| char finit_module ();
| /* The GNU C library defines this for functions which it implements
|     to always fail with ENOSYS.  Some functions are actually named
|     something starting with __ and the normal name is an alias.  */
| #if defined __stub_finit_module || defined __stub___finit_module
| choke me
| #endif
| 
| int
| main ()
| {
| return finit_module ();
|   ;
|   return 0;
| }
configure:13648: result: no
configure:13670: checking for struct stat.st_mtim
configure:13670: gcc -std=gnu99 -c -g -O2  conftest.c >&5
conftest.c: In function 'main':
conftest.c:38:5: error: used struct type value where scalar is required
configure:13670: $? = 1
configure: failed program was:
| /* confdefs.h */
| #define PACKAGE_NAME "kmod"
| #define PACKAGE_TARNAME "kmod"
| #define PACKAGE_VERSION "13"
| #define PACKAGE_STRING "kmod 13"
| #define PACKAGE_BUGREPORT "linux-modules@vger.kernel.org"
| #define PACKAGE_URL "http://git.kernel.org/?p=utils/kernel/kmod/kmod.git"
| #define PACKAGE "kmod"
| #define VERSION "13"
| #define STDC_HEADERS 1
| #define HAVE_SYS_TYPES_H 1
| #define HAVE_SYS_STAT_H 1
| #define HAVE_STDLIB_H 1
| #define HAVE_STRING_H 1
| #define HAVE_MEMORY_H 1
| #define HAVE_STRINGS_H 1
| #define HAVE_INTTYPES_H 1
| #define HAVE_STDINT_H 1
| #define HAVE_UNISTD_H 1
| #define __EXTENSIONS__ 1
| #define _ALL_SOURCE 1
| #define _GNU_SOURCE 1
| #define _POSIX_PTHREAD_SEMANTICS 1
| #define _TANDEM_SOURCE 1
| #define _FILE_OFFSET_BITS 64
| #define HAVE_DLFCN_H 1
| #define LT_OBJDIR ".libs/"
| #define HAVE_TYPEOF 1
| #define HAVE___XSTAT 1
| #define HAVE___SECURE_GETENV 1
| /* end confdefs.h.  */
| #include <sys/stat.h>
| 
| int
| main ()
| {
| static struct stat ac_aggr;
| if (ac_aggr.st_mtim)
| return 0;
|   ;
|   return 0;
| }
configure:13670: gcc -std=gnu99 -c -g -O2  conftest.c >&5
configure:13670: $? = 0
configure:13670: result: yes
configure:13689: checking for linux/module.h
configure:13689: gcc -std=gnu99 -c -g -O2  conftest.c >&5
conftest.c:67:26: fatal error: linux/module.h: No such file or directory
compilation terminated.
configure:13689: $? = 1
configure: failed program was:
| /* confdefs.h */
| #define PACKAGE_NAME "kmod"
| #define PACKAGE_TARNAME "kmod"
| #define PACKAGE_VERSION "13"
| #define PACKAGE_STRING "kmod 13"
| #define PACKAGE_BUGREPORT "linux-modules@vger.kernel.org"
| #define PACKAGE_URL "http://git.kernel.org/?p=utils/kernel/kmod/kmod.git"
| #define PACKAGE "kmod"
| #define VERSION "13"
| #define STDC_HEADERS 1
| #define HAVE_SYS_TYPES_H 1
| #define HAVE_SYS_STAT_H 1
| #define HAVE_STDLIB_H 1
| #define HAVE_STRING_H 1
| #define HAVE_MEMORY_H 1
| #define HAVE_STRINGS_H 1
| #define HAVE_INTTYPES_H 1
| #define HAVE_STDINT_H 1
| #define HAVE_UNISTD_H 1
| #define __EXTENSIONS__ 1
| #define _ALL_SOURCE 1
| #define _GNU_SOURCE 1
| #define _POSIX_PTHREAD_SEMANTICS 1
| #define _TANDEM_SOURCE 1
| #define _FILE_OFFSET_BITS 64
| #define HAVE_DLFCN_H 1
| #define LT_OBJDIR ".libs/"
| #define HAVE_TYPEOF 1
| #define HAVE___XSTAT 1
| #define HAVE___SECURE_GETENV 1
| #define HAVE_STRUCT_STAT_ST_MTIM 1
| /* end confdefs.h.  */
| #include <stdio.h>
| #ifdef HAVE_SYS_TYPES_H
| # include <sys/types.h>
| #endif
| #ifdef HAVE_SYS_STAT_H
| # include <sys/stat.h>
| #endif
| #ifdef STDC_HEADERS
| # include <stdlib.h>
| # include <stddef.h>
| #else
| # ifdef HAVE_STDLIB_H
| #  include <stdlib.h>
| # endif
| #endif
| #ifdef HAVE_STRING_H
| # if !defined STDC_HEADERS && defined HAVE_MEMORY_H
| #  include <memory.h>
| # endif
| # include <string.h>
| #endif
| #ifdef HAVE_STRINGS_H
| # include <strings.h>
| #endif
| #ifdef HAVE_INTTYPES_H
| # include <inttypes.h>
| #endif
| #ifdef HAVE_STDINT_H
| # include <stdint.h>
| #endif
| #ifdef HAVE_UNISTD_H
| # include <unistd.h>
| #endif
| 
| #include <linux/module.h>
configure:13689: result: no
configure:13827: Xz support not requested
configure:13939: zlib support not requested
configure:13982: checking for xsltproc
configure:14013: result: no
configure:14063: checking for gtkdoc-check
configure:14096: result: no
configure:14105: checking for gtkdoc-rebase
configure:14138: result: no
configure:14149: checking for gtkdoc-mkpdf
configure:14182: result: no
configure:14313: checking whether to build gtk-doc documentation
configure:14315: result: no
configure:14431: checking if gcc -std=gnu99 supports flag -pipe in envvar CFLAGS
configure:14442: gcc -std=gnu99 -c -Werror -pipe  conftest.c >&5
configure:14442: $? = 0
configure:14451: result: yes
configure:14431: checking if gcc -std=gnu99 supports flag -DANOTHER_BRICK_IN_THE in envvar CFLAGS
configure:14442: gcc -std=gnu99 -c -Werror -DANOTHER_BRICK_IN_THE  conftest.c >&5
configure:14442: $? = 0
configure:14451: result: yes
configure:14431: checking if gcc -std=gnu99 supports flag -Wall in envvar CFLAGS
configure:14442: gcc -std=gnu99 -c -Werror -Wall  conftest.c >&5
configure:14442: $? = 0
configure:14451: result: yes
configure:14431: checking if gcc -std=gnu99 supports flag -W in envvar CFLAGS
configure:14442: gcc -std=gnu99 -c -Werror -W  conftest.c >&5
configure:14442: $? = 0
configure:14451: result: yes
configure:14431: checking if gcc -std=gnu99 supports flag -Wextra in envvar CFLAGS
configure:14442: gcc -std=gnu99 -c -Werror -Wextra  conftest.c >&5
configure:14442: $? = 0
configure:14451: result: yes
configure:14431: checking if gcc -std=gnu99 supports flag -Wno-inline in envvar CFLAGS
configure:14442: gcc -std=gnu99 -c -Werror -Wno-inline  conftest.c >&5
configure:14442: $? = 0
configure:14451: result: yes
configure:14431: checking if gcc -std=gnu99 supports flag -Wvla in envvar CFLAGS
configure:14442: gcc -std=gnu99 -c -Werror -Wvla  conftest.c >&5
configure:14442: $? = 0
configure:14451: result: yes
configure:14431: checking if gcc -std=gnu99 supports flag -Wundef in envvar CFLAGS
configure:14442: gcc -std=gnu99 -c -Werror -Wundef  conftest.c >&5
configure:14442: $? = 0
configure:14451: result: yes
configure:14431: checking if gcc -std=gnu99 supports flag -Wformat=2 in envvar CFLAGS
configure:14442: gcc -std=gnu99 -c -Werror -Wformat=2  conftest.c >&5
configure:14442: $? = 0
configure:14451: result: yes
configure:14431: checking if gcc -std=gnu99 supports flag -Wlogical-op in envvar CFLAGS
configure:14442: gcc -std=gnu99 -c -Werror -Wlogical-op  conftest.c >&5
configure:14442: $? = 0
configure:14451: result: yes
configure:14431: checking if gcc -std=gnu99 supports flag -Wsign-compare in envvar CFLAGS
configure:14442: gcc -std=gnu99 -c -Werror -Wsign-compare  conftest.c >&5
configure:14442: $? = 0
configure:14451: result: yes
configure:14431: checking if gcc -std=gnu99 supports flag -Wformat-security in envvar CFLAGS
configure:14442: gcc -std=gnu99 -c -Werror -Wformat-security  conftest.c >&5
configure:14442: $? = 0
configure:14451: result: yes
configure:14431: checking if gcc -std=gnu99 supports flag -Wmissing-include-dirs in envvar CFLAGS
configure:14442: gcc -std=gnu99 -c -Werror -Wmissing-include-dirs  conftest.c >&5
configure:14442: $? = 0
configure:14451: result: yes
configure:14431: checking if gcc -std=gnu99 supports flag -Wformat-nonliteral in envvar CFLAGS
configure:14442: gcc -std=gnu99 -c -Werror -Wformat-nonliteral  conftest.c >&5
configure:14442: $? = 0
configure:14451: result: yes
configure:14431: checking if gcc -std=gnu99 supports flag -Wold-style-definition in envvar CFLAGS
configure:14442: gcc -std=gnu99 -c -Werror -Wold-style-definition  conftest.c >&5
configure:14442: $? = 0
configure:14451: result: yes
configure:14431: checking if gcc -std=gnu99 supports flag -Wpointer-arith in envvar CFLAGS
configure:14442: gcc -std=gnu99 -c -Werror -Wpointer-arith  conftest.c >&5
configure:14442: $? = 0
configure:14451: result: yes
configure:14431: checking if gcc -std=gnu99 supports flag -Winit-self in envvar CFLAGS
configure:14442: gcc -std=gnu99 -c -Werror -Winit-self  conftest.c >&5
configure:14442: $? = 0
configure:14451: result: yes
configure:14431: checking if gcc -std=gnu99 supports flag -Wdeclaration-after-statement in envvar CFLAGS
configure:14442: gcc -std=gnu99 -c -Werror -Wdeclaration-after-statement  conftest.c >&5
configure:14442: $? = 0
configure:14451: result: yes
configure:14431: checking if gcc -std=gnu99 supports flag -Wfloat-equal in envvar CFLAGS
configure:14442: gcc -std=gnu99 -c -Werror -Wfloat-equal  conftest.c >&5
configure:14442: $? = 0
configure:14451: result: yes
configure:14431: checking if gcc -std=gnu99 supports flag -Wmissing-prototypes in envvar CFLAGS
configure:14442: gcc -std=gnu99 -c -Werror -Wmissing-prototypes  conftest.c >&5
configure:14442: $? = 0
configure:14451: result: yes
configure:14431: checking if gcc -std=gnu99 supports flag -Wstrict-prototypes in envvar CFLAGS
configure:14442: gcc -std=gnu99 -c -Werror -Wstrict-prototypes  conftest.c >&5
configure:14442: $? = 0
configure:14451: result: yes
configure:14431: checking if gcc -std=gnu99 supports flag -Wredundant-decls in envvar CFLAGS
configure:14442: gcc -std=gnu99 -c -Werror -Wredundant-decls  conftest.c >&5
configure:14442: $? = 0
configure:14451: result: yes
configure:14431: checking if gcc -std=gnu99 supports flag -Wmissing-declarations in envvar CFLAGS
configure:14442: gcc -std=gnu99 -c -Werror -Wmissing-declarations  conftest.c >&5
configure:14442: $? = 0
configure:14451: result: yes
configure:14431: checking if gcc -std=gnu99 supports flag -Wmissing-noreturn in envvar CFLAGS
configure:14442: gcc -std=gnu99 -c -Werror -Wmissing-noreturn  conftest.c >&5
configure:14442: $? = 0
configure:14451: result: yes
configure:14431: checking if gcc -std=gnu99 supports flag -Wshadow in envvar CFLAGS
configure:14442: gcc -std=gnu99 -c -Werror -Wshadow  conftest.c >&5
configure:14442: $? = 0
configure:14451: result: yes
configure:14431: checking if gcc -std=gnu99 supports flag -Wendif-labels in envvar CFLAGS
configure:14442: gcc -std=gnu99 -c -Werror -Wendif-labels  conftest.c >&5
configure:14442: $? = 0
configure:14451: result: yes
configure:14431: checking if gcc -std=gnu99 supports flag -Wstrict-aliasing=2 in envvar CFLAGS
configure:14442: gcc -std=gnu99 -c -Werror -Wstrict-aliasing=2  conftest.c >&5
configure:14442: $? = 0
configure:14451: result: yes
configure:14431: checking if gcc -std=gnu99 supports flag -Wwrite-strings in envvar CFLAGS
configure:14442: gcc -std=gnu99 -c -Werror -Wwrite-strings  conftest.c >&5
configure:14442: $? = 0
configure:14451: result: yes
configure:14431: checking if gcc -std=gnu99 supports flag -Wno-long-long in envvar CFLAGS
configure:14442: gcc -std=gnu99 -c -Werror -Wno-long-long  conftest.c >&5
configure:14442: $? = 0
configure:14451: result: yes
configure:14431: checking if gcc -std=gnu99 supports flag -Wno-overlength-strings in envvar CFLAGS
configure:14442: gcc -std=gnu99 -c -Werror -Wno-overlength-strings  conftest.c >&5
configure:14442: $? = 0
configure:14451: result: yes
configure:14431: checking if gcc -std=gnu99 supports flag -Wno-unused-parameter in envvar CFLAGS
configure:14442: gcc -std=gnu99 -c -Werror -Wno-unused-parameter  conftest.c >&5
configure:14442: $? = 0
configure:14451: result: yes
configure:14431: checking if gcc -std=gnu99 supports flag -Wno-missing-field-initializers in envvar CFLAGS
configure:14442: gcc -std=gnu99 -c -Werror -Wno-missing-field-initializers  conftest.c >&5
configure:14442: $? = 0
configure:14451: result: yes
configure:14431: checking if gcc -std=gnu99 supports flag -Wno-unused-result in envvar CFLAGS
configure:14442: gcc -std=gnu99 -c -Werror -Wno-unused-result  conftest.c >&5
configure:14442: $? = 0
configure:14451: result: yes
configure:14431: checking if gcc -std=gnu99 supports flag -Wnested-externs in envvar CFLAGS
configure:14442: gcc -std=gnu99 -c -Werror -Wnested-externs  conftest.c >&5
configure:14442: $? = 0
configure:14451: result: yes
configure:14431: checking if gcc -std=gnu99 supports flag -Wchar-subscripts in envvar CFLAGS
configure:14442: gcc -std=gnu99 -c -Werror -Wchar-subscripts  conftest.c >&5
configure:14442: $? = 0
configure:14451: result: yes
configure:14431: checking if gcc -std=gnu99 supports flag -Wtype-limits in envvar CFLAGS
configure:14442: gcc -std=gnu99 -c -Werror -Wtype-limits  conftest.c >&5
configure:14442: $? = 0
configure:14451: result: yes
configure:14431: checking if gcc -std=gnu99 supports flag -Wuninitialized in envvar CFLAGS
configure:14442: gcc -std=gnu99 -c -Werror -Wuninitialized  conftest.c >&5
configure:14442: $? = 0
configure:14451: result: yes
configure:14431: checking if gcc -std=gnu99 supports flag -fno-common in envvar CFLAGS
configure:14442: gcc -std=gnu99 -c -Werror -fno-common  conftest.c >&5
configure:14442: $? = 0
configure:14451: result: yes
configure:14431: checking if gcc -std=gnu99 supports flag -fdiagnostics-show-option in envvar CFLAGS
configure:14442: gcc -std=gnu99 -c -Werror -fdiagnostics-show-option  conftest.c >&5
configure:14442: $? = 0
configure:14451: result: yes
configure:14431: checking if gcc -std=gnu99 supports flag -fvisibility=hidden in envvar CFLAGS
configure:14442: gcc -std=gnu99 -c -Werror -fvisibility=hidden  conftest.c >&5
configure:14442: $? = 0
configure:14451: result: yes
configure:14431: checking if gcc -std=gnu99 supports flag -ffunction-sections in envvar CFLAGS
configure:14442: gcc -std=gnu99 -c -Werror -ffunction-sections  conftest.c >&5
configure:14442: $? = 0
configure:14451: result: yes
configure:14431: checking if gcc -std=gnu99 supports flag -fdata-sections in envvar CFLAGS
configure:14442: gcc -std=gnu99 -c -Werror -fdata-sections  conftest.c >&5
configure:14442: $? = 0
configure:14451: result: yes
configure:14469: checking if gcc -std=gnu99 supports flag -Wl,--as-needed in envvar LDFLAGS
configure:14480: gcc -std=gnu99 -c -g -O2  conftest.c >&5
configure:14480: $? = 0
configure:14489: result: yes
configure:14469: checking if gcc -std=gnu99 supports flag -Wl,--gc-sections in envvar LDFLAGS
configure:14480: gcc -std=gnu99 -c -g -O2  conftest.c >&5
configure:14480: $? = 0
configure:14489: result: yes
configure:14622: checking that generated files are newer than configure
configure:14628: result: done
configure:14684: creating ./config.status

## ---------------------- ##
## Running config.status. ##
## ---------------------- ##

This file was extended by kmod config.status 13, which was
generated by GNU Autoconf 2.69.  Invocation command line was

  CONFIG_FILES    = 
  CONFIG_HEADERS  = 
  CONFIG_LINKS    = 
  CONFIG_COMMANDS = 
  $ ./config.status 

on tdt4258-VirtualBox

config.status:1130: creating Makefile
config.status:1130: creating man/Makefile
config.status:1130: creating libkmod/docs/Makefile
config.status:1130: creating libkmod/docs/version.xml
config.status:1130: creating config.h
config.status:1359: executing depfiles commands
config.status:1359: executing libtool commands
configure:16933: result:
	kmod 13
	======

	prefix:			
	sysconfdir:		${prefix}/etc
	libdir:			${exec_prefix}/lib
	rootlibdir:		${exec_prefix}/lib
	includedir:		${prefix}/include
	bindir:			${exec_prefix}/bin

	compiler:		gcc -std=gnu99
	cflags:			 -pipe -DANOTHER_BRICK_IN_THE -Wall -W -Wextra -Wno-inline -Wvla -Wundef -Wformat=2 -Wlogical-op -Wsign-compare -Wformat-security -Wmissing-include-dirs -Wformat-nonliteral -Wold-style-definition -Wpointer-arith -Winit-self -Wdeclaration-after-statement -Wfloat-equal -Wmissing-prototypes -Wstrict-prototypes -Wredundant-decls -Wmissing-declarations -Wmissing-noreturn -Wshadow -Wendif-labels -Wstrict-aliasing=2 -Wwrite-strings -Wno-long-long -Wno-overlength-strings -Wno-unused-parameter -Wno-missing-field-initializers -Wno-unused-result -Wnested-externs -Wchar-subscripts -Wtype-limits -Wuninitialized -fno-common -fdiagnostics-show-option -fvisibility=hidden -ffunction-sections -fdata-sections -g -O2
	ldflags:		 -Wl,--as-needed -Wl,--gc-sections 

	tools:			yes
	logging:		no
	compression:		xz=no  zlib=no
	debug:			no
	doc:			no
	man:			no


## ---------------- ##
## Cache variables. ##
## ---------------- ##

ac_cv_build=i686-pc-linux-gnu
ac_cv_c_bigendian=no
ac_cv_c_compiler_gnu=yes
ac_cv_c_typeof=typeof
ac_cv_env_CC_set=
ac_cv_env_CC_value=
ac_cv_env_CFLAGS_set=
ac_cv_env_CFLAGS_value=
ac_cv_env_CPPFLAGS_set=
ac_cv_env_CPPFLAGS_value=
ac_cv_env_CPP_set=
ac_cv_env_CPP_value=
ac_cv_env_GTKDOC_DEPS_CFLAGS_set=
ac_cv_env_GTKDOC_DEPS_CFLAGS_value=
ac_cv_env_GTKDOC_DEPS_LIBS_set=
ac_cv_env_GTKDOC_DEPS_LIBS_value=
ac_cv_env_LDFLAGS_set=
ac_cv_env_LDFLAGS_value=
ac_cv_env_LIBS_set=
ac_cv_env_LIBS_value=
ac_cv_env_PKG_CONFIG_LIBDIR_set=set
ac_cv_env_PKG_CONFIG_LIBDIR_value=/home/tdt4258/Downloads/OSELAS.BSP-EnergyMicro-Gecko/platform-energymicro-efm32gg-dk3750/sysroot-host/lib/pkgconfig:/home/tdt4258/Downloads/OSELAS.BSP-EnergyMicro-Gecko/platform-energymicro-efm32gg-dk3750/sysroot-host/share/pkgconfig
ac_cv_env_PKG_CONFIG_PATH_set=set
ac_cv_env_PKG_CONFIG_PATH_value=
ac_cv_env_PKG_CONFIG_set=
ac_cv_env_PKG_CONFIG_value=
ac_cv_env_build_alias_set=
ac_cv_env_build_alias_value=
ac_cv_env_host_alias_set=
ac_cv_env_host_alias_value=
ac_cv_env_liblzma_CFLAGS_set=
ac_cv_env_liblzma_CFLAGS_value=
ac_cv_env_liblzma_LIBS_set=
ac_cv_env_liblzma_LIBS_value=
ac_cv_env_target_alias_set=
ac_cv_env_target_alias_value=
ac_cv_env_zlib_CFLAGS_set=
ac_cv_env_zlib_CFLAGS_value=
ac_cv_env_zlib_LIBS_set=
ac_cv_env_zlib_LIBS_value=
ac_cv_func___secure_getenv=yes
ac_cv_func___xstat=yes
ac_cv_func_finit_module=no
ac_cv_func_secure_getenv=no
ac_cv_header_dlfcn_h=yes
ac_cv_header_inttypes_h=yes
ac_cv_header_linux_module_h=no
ac_cv_header_memory_h=yes
ac_cv_header_minix_config_h=no
ac_cv_header_stdc=yes
ac_cv_header_stdint_h=yes
ac_cv_header_stdlib_h=yes
ac_cv_header_string_h=yes
ac_cv_header_strings_h=yes
ac_cv_header_sys_stat_h=yes
ac_cv_header_sys_types_h=yes
ac_cv_header_unistd_h=yes
ac_cv_host=i686-pc-linux-gnu
ac_cv_member_struct_stat_st_mtim=yes
ac_cv_objext=o
ac_cv_path_EGREP='/bin/grep -E'
ac_cv_path_FGREP='/bin/grep -F'
ac_cv_path_GREP=/bin/grep
ac_cv_path_SED=/opt/ex3/ptxdist-2013/lib/ptxdist-2013.07.1/bin/sed
ac_cv_path_XSLTPROC=no
ac_cv_path_ac_pt_PKG_CONFIG=/home/tdt4258/Downloads/OSELAS.BSP-EnergyMicro-Gecko/platform-energymicro-efm32gg-dk3750/sysroot-host/bin/pkg-config
ac_cv_path_install='/opt/ex3/ptxdist-2013/lib/ptxdist-2013.07.1/bin/install -c'
ac_cv_path_mkdir=/opt/ex3/ptxdist-2013/lib/ptxdist-2013.07.1/bin/mkdir
ac_cv_prog_AWK=gawk
ac_cv_prog_CPP='gcc -std=gnu99 -E'
ac_cv_prog_ac_ct_AR=ar
ac_cv_prog_ac_ct_CC=gcc
ac_cv_prog_ac_ct_MANIFEST_TOOL=mt
ac_cv_prog_ac_ct_OBJDUMP=objdump
ac_cv_prog_ac_ct_RANLIB=ranlib
ac_cv_prog_ac_ct_STRIP=strip
ac_cv_prog_cc_c89=
ac_cv_prog_cc_c99=-std=gnu99
ac_cv_prog_cc_g=yes
ac_cv_prog_cc_gcc_c_o=yes
ac_cv_prog_cc_stdc=-std=gnu99
ac_cv_prog_gcc_traditional=no
ac_cv_prog_make_make_set=yes
ac_cv_safe_to_define___extensions__=yes
ac_cv_sys_file_offset_bits=64
ac_cv_sys_largefile_CC=no
am_cv_CC_dependencies_compiler_type=gcc3
am_cv_make_support_nested_variables=yes
am_cv_prog_tar_pax=gnutar
cc_cv_CFLAGS__DANOTHER_BRICK_IN_THE=yes
cc_cv_CFLAGS__W=yes
cc_cv_CFLAGS__Wall=yes
cc_cv_CFLAGS__Wchar_subscripts=yes
cc_cv_CFLAGS__Wdeclaration_after_statement=yes
cc_cv_CFLAGS__Wendif_labels=yes
cc_cv_CFLAGS__Wextra=yes
cc_cv_CFLAGS__Wfloat_equal=yes
cc_cv_CFLAGS__Wformat_2=yes
cc_cv_CFLAGS__Wformat_nonliteral=yes
cc_cv_CFLAGS__Wformat_security=yes
cc_cv_CFLAGS__Winit_self=yes
cc_cv_CFLAGS__Wlogical_op=yes
cc_cv_CFLAGS__Wmissing_declarations=yes
cc_cv_CFLAGS__Wmissing_include_dirs=yes
cc_cv_CFLAGS__Wmissing_noreturn=yes
cc_cv_CFLAGS__Wmissing_prototypes=yes
cc_cv_CFLAGS__Wnested_externs=yes
cc_cv_CFLAGS__Wno_inline=yes
cc_cv_CFLAGS__Wno_long_long=yes
cc_cv_CFLAGS__Wno_missing_field_initializers=yes
cc_cv_CFLAGS__Wno_overlength_strings=yes
cc_cv_CFLAGS__Wno_unused_parameter=yes
cc_cv_CFLAGS__Wno_unused_result=yes
cc_cv_CFLAGS__Wold_style_definition=yes
cc_cv_CFLAGS__Wpointer_arith=yes
cc_cv_CFLAGS__Wredundant_decls=yes
cc_cv_CFLAGS__Wshadow=yes
cc_cv_CFLAGS__Wsign_compare=yes
cc_cv_CFLAGS__Wstrict_aliasing_2=yes
cc_cv_CFLAGS__Wstrict_prototypes=yes
cc_cv_CFLAGS__Wtype_limits=yes
cc_cv_CFLAGS__Wundef=yes
cc_cv_CFLAGS__Wuninitialized=yes
cc_cv_CFLAGS__Wvla=yes
cc_cv_CFLAGS__Wwrite_strings=yes
cc_cv_CFLAGS__fdata_sections=yes
cc_cv_CFLAGS__fdiagnostics_show_option=yes
cc_cv_CFLAGS__ffunction_sections=yes
cc_cv_CFLAGS__fno_common=yes
cc_cv_CFLAGS__fvisibility_hidden=yes
cc_cv_CFLAGS__pipe=yes
cc_cv_LDFLAGS__Wl___as_needed=yes
cc_cv_LDFLAGS__Wl___gc_sections=yes
lt_cv_ar_at_file=@
lt_cv_archive_cmds_need_lc=no
lt_cv_deplibs_check_method=pass_all
lt_cv_file_magic_cmd='$MAGIC_CMD'
lt_cv_file_magic_test_file=
lt_cv_ld_reload_flag=-r
lt_cv_nm_interface='BSD nm'
lt_cv_objdir=.libs
lt_cv_path_LD=/usr/bin/ld
lt_cv_path_NM='/usr/bin/nm -B'
lt_cv_path_mainfest_tool=no
lt_cv_prog_compiler_c_o=yes
lt_cv_prog_compiler_pic='-fPIC -DPIC'
lt_cv_prog_compiler_pic_works=yes
lt_cv_prog_compiler_rtti_exceptions=no
lt_cv_prog_compiler_static_works=yes
lt_cv_prog_gnu_ld=yes
lt_cv_sharedlib_from_linklib_cmd='printf %s\n'
lt_cv_shlibpath_overrides_runpath=no
lt_cv_sys_global_symbol_pipe='sed -n -e '\''s/^.*[	 ]\([ABCDGIRSTW][ABCDGIRSTW]*\)[	 ][	 ]*\([_A-Za-z][_A-Za-z0-9]*\)$/\1 \2 \2/p'\'' | sed '\''/ __gnu_lto/d'\'''
lt_cv_sys_global_symbol_to_c_name_address='sed -n -e '\''s/^: \([^ ]*\)[ ]*$/  {\"\1\", (void *) 0},/p'\'' -e '\''s/^[ABCDGIRSTW]* \([^ ]*\) \([^ ]*\)$/  {"\2", (void *) \&\2},/p'\'''
lt_cv_sys_global_symbol_to_c_name_address_lib_prefix='sed -n -e '\''s/^: \([^ ]*\)[ ]*$/  {\"\1\", (void *) 0},/p'\'' -e '\''s/^[ABCDGIRSTW]* \([^ ]*\) \(lib[^ ]*\)$/  {"\2", (void *) \&\2},/p'\'' -e '\''s/^[ABCDGIRSTW]* \([^ ]*\) \([^ ]*\)$/  {"lib\2", (void *) \&\2},/p'\'''
lt_cv_sys_global_symbol_to_cdecl='sed -n -e '\''s/^T .* \(.*\)$/extern int \1();/p'\'' -e '\''s/^[ABCDGIRSTW]* .* \(.*\)$/extern char \1;/p'\'''
lt_cv_sys_max_cmd_len=805306365
lt_cv_to_host_file_cmd=func_convert_file_noop
lt_cv_to_tool_file_cmd=func_convert_file_noop

## ----------------- ##
## Output variables. ##
## ----------------- ##

ACLOCAL='${SHELL} /home/tdt4258/Downloads/OSELAS.BSP-EnergyMicro-Gecko/platform-energymicro-efm32gg-dk3750/build-host/kmod-13/build-aux/missing aclocal-1.13'
AMDEPBACKSLASH='\'
AMDEP_FALSE='#'
AMDEP_TRUE=''
AMTAR='$${TAR-tar}'
AM_BACKSLASH='\'
AM_DEFAULT_V='$(AM_DEFAULT_VERBOSITY)'
AM_DEFAULT_VERBOSITY='0'
AM_V='$(V)'
AR='ar'
AUTOCONF='${SHELL} /home/tdt4258/Downloads/OSELAS.BSP-EnergyMicro-Gecko/platform-energymicro-efm32gg-dk3750/build-host/kmod-13/build-aux/missing autoconf'
AUTOHEADER='${SHELL} /home/tdt4258/Downloads/OSELAS.BSP-EnergyMicro-Gecko/platform-energymicro-efm32gg-dk3750/build-host/kmod-13/build-aux/missing autoheader'
AUTOMAKE='${SHELL} /home/tdt4258/Downloads/OSELAS.BSP-EnergyMicro-Gecko/platform-energymicro-efm32gg-dk3750/build-host/kmod-13/build-aux/missing automake-1.13'
AWK='gawk'
BUILD_MANPAGES_FALSE=''
BUILD_MANPAGES_TRUE='#'
BUILD_TOOLS_FALSE='#'
BUILD_TOOLS_TRUE=''
CC='gcc -std=gnu99'
CCDEPMODE='depmode=gcc3'
CFLAGS='-g -O2'
CPP='gcc -std=gnu99 -E'
CPPFLAGS=''
CYGPATH_W='echo'
DEFS='-DHAVE_CONFIG_H'
DEPDIR='.deps'
DLLTOOL='false'
DSYMUTIL=''
DUMPBIN=''
ECHO_C=''
ECHO_N='-n'
ECHO_T=''
EGREP='/bin/grep -E'
ENABLE_GTK_DOC_FALSE=''
ENABLE_GTK_DOC_TRUE='#'
EXEEXT=''
FGREP='/bin/grep -F'
GCLDFLAGS=' -Wl,--as-needed -Wl,--gc-sections'
GREP='/bin/grep'
GTKDOC_CHECK=''
GTKDOC_DEPS_CFLAGS=''
GTKDOC_DEPS_LIBS=''
GTKDOC_MKPDF=''
GTKDOC_REBASE='true'
GTK_DOC_BUILD_HTML_FALSE=''
GTK_DOC_BUILD_HTML_TRUE='#'
GTK_DOC_BUILD_PDF_FALSE=''
GTK_DOC_BUILD_PDF_TRUE='#'
GTK_DOC_USE_LIBTOOL_FALSE='#'
GTK_DOC_USE_LIBTOOL_TRUE=''
GTK_DOC_USE_REBASE_FALSE='#'
GTK_DOC_USE_REBASE_TRUE=''
HTML_DIR='${datadir}/gtk-doc/html'
INSTALL_DATA='${INSTALL} -m 644'
INSTALL_PROGRAM='${INSTALL}'
INSTALL_SCRIPT='${INSTALL}'
INSTALL_STRIP_PROGRAM='$(install_sh) -c -s'
LD='/usr/bin/ld'
LDFLAGS=''
LIBOBJS=''
LIBS=''
LIBTOOL='$(SHELL) $(top_builddir)/libtool'
LIPO=''
LN_S='ln -s'
LTLIBOBJS=''
MAKEINFO='${SHELL} /home/tdt4258/Downloads/OSELAS.BSP-EnergyMicro-Gecko/platform-energymicro-efm32gg-dk3750/build-host/kmod-13/build-aux/missing makeinfo'
MANIFEST_TOOL=':'
MKDIR_P='/opt/ex3/ptxdist-2013/lib/ptxdist-2013.07.1/bin/mkdir -p'
NM='/usr/bin/nm -B'
NMEDIT=''
OBJDUMP='objdump'
OBJEXT='o'
OTOOL64=''
OTOOL=''
PACKAGE='kmod'
PACKAGE_BUGREPORT='linux-modules@vger.kernel.org'
PACKAGE_NAME='kmod'
PACKAGE_STRING='kmod 13'
PACKAGE_TARNAME='kmod'
PACKAGE_URL='http://git.kernel.org/?p=utils/kernel/kmod/kmod.git'
PACKAGE_VERSION='13'
PATH_SEPARATOR=':'
PKG_CONFIG='/home/tdt4258/Downloads/OSELAS.BSP-EnergyMicro-Gecko/platform-energymicro-efm32gg-dk3750/sysroot-host/bin/pkg-config'
PKG_CONFIG_LIBDIR='/home/tdt4258/Downloads/OSELAS.BSP-EnergyMicro-Gecko/platform-energymicro-efm32gg-dk3750/sysroot-host/lib/pkgconfig:/home/tdt4258/Downloads/OSELAS.BSP-EnergyMicro-Gecko/platform-energymicro-efm32gg-dk3750/sysroot-host/share/pkgconfig'
PKG_CONFIG_PATH=''
RANLIB='ranlib'
SED='/opt/ex3/ptxdist-2013/lib/ptxdist-2013.07.1/bin/sed'
SET_MAKE=''
SHELL='/bin/bash'
STRIP='strip'
VERSION='13'
WARNINGFLAGS=' -pipe -DANOTHER_BRICK_IN_THE -Wall -W -Wextra -Wno-inline -Wvla -Wundef -Wformat=2 -Wlogical-op -Wsign-compare -Wformat-security -Wmissing-include-dirs -Wformat-nonliteral -Wold-style-definition -Wpointer-arith -Winit-self -Wdeclaration-after-statement -Wfloat-equal -Wmissing-prototypes -Wstrict-prototypes -Wredundant-decls -Wmissing-declarations -Wmissing-noreturn -Wshadow -Wendif-labels -Wstrict-aliasing=2 -Wwrite-strings -Wno-long-long -Wno-overlength-strings -Wno-unused-parameter -Wno-missing-field-initializers -Wno-unused-result -Wnested-externs -Wchar-subscripts -Wtype-limits -Wuninitialized -fno-common -fdiagnostics-show-option -fvisibility=hidden -ffunction-sections -fdata-sections'
XSLTPROC='no'
ac_ct_AR='ar'
ac_ct_CC='gcc'
ac_ct_DUMPBIN=''
am__EXEEXT_FALSE=''
am__EXEEXT_TRUE='#'
am__fastdepCC_FALSE='#'
am__fastdepCC_TRUE=''
am__include='include'
am__isrc=''
am__leading_dot='.'
am__nodep='_no'
am__quote=''
am__tar='tar --format=posix -chf - "$$tardir"'
am__untar='tar -xf -'
bindir='${exec_prefix}/bin'
build='i686-pc-linux-gnu'
build_alias=''
build_cpu='i686'
build_os='linux-gnu'
build_vendor='pc'
datadir='${datarootdir}'
datarootdir='${prefix}/share'
docdir='${datarootdir}/doc/${PACKAGE_TARNAME}'
dvidir='${docdir}'
exec_prefix='${prefix}'
host='i686-pc-linux-gnu'
host_alias=''
host_cpu='i686'
host_os='linux-gnu'
host_vendor='pc'
htmldir='${docdir}'
includedir='${prefix}/include'
infodir='${datarootdir}/info'
install_sh='${SHELL} /home/tdt4258/Downloads/OSELAS.BSP-EnergyMicro-Gecko/platform-energymicro-efm32gg-dk3750/build-host/kmod-13/build-aux/install-sh'
libdir='${exec_prefix}/lib'
libexecdir='${exec_prefix}/libexec'
liblzma_CFLAGS=''
liblzma_LIBS=''
localedir='${datarootdir}/locale'
localstatedir='${prefix}/var'
mandir='${datarootdir}/man'
mkdir_p='$(MKDIR_P)'
oldincludedir='/usr/include'
pdfdir='${docdir}'
prefix=''
program_transform_name='s,x,x,'
psdir='${docdir}'
rootlibdir='${exec_prefix}/lib'
sbindir='${exec_prefix}/sbin'
sharedstatedir='${prefix}/com'
sysconfdir='${prefix}/etc'
target_alias=''
zlib_CFLAGS=''
zlib_LIBS=''

## ----------- ##
## confdefs.h. ##
## ----------- ##

/* confdefs.h */
#define PACKAGE_NAME "kmod"
#define PACKAGE_TARNAME "kmod"
#define PACKAGE_VERSION "13"
#define PACKAGE_STRING "kmod 13"
#define PACKAGE_BUGREPORT "linux-modules@vger.kernel.org"
#define PACKAGE_URL "http://git.kernel.org/?p=utils/kernel/kmod/kmod.git"
#define PACKAGE "kmod"
#define VERSION "13"
#define STDC_HEADERS 1
#define HAVE_SYS_TYPES_H 1
#define HAVE_SYS_STAT_H 1
#define HAVE_STDLIB_H 1
#define HAVE_STRING_H 1
#define HAVE_MEMORY_H 1
#define HAVE_STRINGS_H 1
#define HAVE_INTTYPES_H 1
#define HAVE_STDINT_H 1
#define HAVE_UNISTD_H 1
#define __EXTENSIONS__ 1
#define _ALL_SOURCE 1
#define _GNU_SOURCE 1
#define _POSIX_PTHREAD_SEMANTICS 1
#define _TANDEM_SOURCE 1
#define _FILE_OFFSET_BITS 64
#define HAVE_DLFCN_H 1
#define LT_OBJDIR ".libs/"
#define HAVE_TYPEOF 1
#define HAVE___XSTAT 1
#define HAVE___SECURE_GETENV 1
#define HAVE_STRUCT_STAT_ST_MTIM 1

configure: exit 0
